2025-04-21 15:56:30.957172: 任务ID 6 的保存文件名为: 小说
2025-04-21 15:56:30.957172: Save Name for task ID 6 is: 小说
2025-04-21 15:56:30.957172: 此模式下，任务ID 6 将从头F开始执行，如果需要从上次退出的步骤开始执行，请在保存任务时设置是否从上次保存位置开始执行为“是”。
2025-04-21 15:56:30.957172: In this mode, task ID 6 will start from the beginning, if you want to start from the last step, please set the option 'start from the last step' to 'yes' when saving the task.
2025-04-21 15:56:30.957172: Loading stealth.min.js
2025-04-21 15:56:30.990609: 新建模式|Create Mode
2025-04-21 15:56:30.990609: 循环操作<循环采集数据>可以快速提取数据
2025-04-21 15:56:30.990609: Loop operation <循环采集数据> can extract data quickly
2025-04-21 15:56:30.990609: 循环操作<循环采集数据>可以快速提取数据
2025-04-21 15:56:30.990609: Loop operation <循环采集数据> can extract data quickly
2025-04-21 15:56:30.990609: 循环操作<循环采集数据>可以快速提取数据
2025-04-21 15:56:30.990609: Loop operation <循环采集数据> can extract data quickly
2025-04-21 15:56:30.990609: 循环操作<循环采集数据>可以快速提取数据
2025-04-21 15:56:30.990609: Loop operation <循环采集数据> can extract data quickly
2025-04-21 15:56:30.990609: 循环操作<循环采集数据>可以快速提取数据
2025-04-21 15:56:30.990609: Loop operation <循环采集数据> can extract data quickly
2025-04-21 15:56:30.990609: 预处理完成|Preprocess completed
2025-04-21 15:56:30.990609: 正在执行第 1 / 1 个链接
2025-04-21 15:56:30.990609: Executing link 1 / 1
2025-04-21 15:56:31.004841: 执行节点|Execute node: root
2025-04-21 15:56:31.004841: 执行节点|Execute node: 打开网页
2025-04-21 15:56:42.027077: Time out after set seconds when loading page: https://www.zongheng.com/
2025-04-21 15:56:43.068260: 执行节点|Execute node: 点击排行榜
2025-04-21 15:56:43.390972: 点击元素|Click element: //*[contains(@class, "home-tap-link__left")]/a[2]
2025-04-21 15:56:47.414849: 执行节点|Execute node: 点击月票榜
2025-04-21 15:56:47.725797: 点击元素|Click element: //*[contains(@class, "rank-nav--list")]/div[1]/a[1]
2025-04-21 15:56:59.330796: 执行节点|Execute node: 循环 - 固定元素列表
2025-04-21 15:56:59.455636: 执行节点|Execute node: 点击排行榜中的小说
2025-04-21 15:56:59.745592: 点击元素|Click element: //*[@id="__layout"]/section/section/section/section[2]/div[2]/section/div[1]/a/div/img
2025-04-21 15:57:05.404733: 执行节点|Execute node: 点击立即阅读
2025-04-21 15:57:05.723967: 点击元素|Click element: //*[contains(@class, "book-info--btn-reading")]
2025-04-21 15:57:17.009256: 执行节点|Execute node: 提取书名和章节
2025-04-21 15:57:17.044318: 执行节点|Execute node: 循环采集数据
2025-04-21 15:57:18.233719: 执行节点|Execute node: 循环点击：下一章
2025-04-21 15:57:18.351282: 执行节点|Execute node: 点击下一章
2025-04-21 15:57:18.652171: 点击元素|Click element: //*[contains(@class, "nav-btn-group")]/a[3]
2025-04-21 15:57:21.676596: 执行节点|Execute node: 循环采集数据
2025-04-21 15:57:22.830253: Page:  1
2025-04-21 15:57:22.844467: 执行节点|Execute node: 点击下一章
2025-04-21 15:57:23.147221: 点击元素|Click element: //*[contains(@class, "nav-btn-group")]/a[3]
2025-04-21 15:57:26.164072: 执行节点|Execute node: 循环采集数据
2025-04-21 15:57:27.338322: Page:  2
2025-04-21 15:57:27.351540: 执行节点|Execute node: 点击下一章
2025-04-21 15:57:27.636794: 点击元素|Click element: //*[contains(@class, "nav-btn-group")]/a[3]
2025-04-21 15:57:30.660612: 执行节点|Execute node: 循环采集数据
2025-04-21 15:57:31.818211: Page:  3
2025-04-21 15:57:31.830999: 执行节点|Execute node: 点击下一章
2025-04-21 15:57:32.108174: 点击元素|Click element: //*[contains(@class, "nav-btn-group")]/a[3]
2025-04-21 15:57:35.127759: 执行节点|Execute node: 循环采集数据
2025-04-21 15:57:36.292535: Page:  4
2025-04-21 15:57:36.303557: 执行节点|Execute node: 点击下一章
2025-04-21 15:57:36.600710: 点击元素|Click element: //*[contains(@class, "nav-btn-group")]/a[3]
2025-04-21 15:57:39.625513: 执行节点|Execute node: 循环采集数据
2025-04-21 15:57:40.786036: Page:  5
2025-04-21 15:57:40.796739: 执行节点|Execute node: 点击下一章
2025-04-21 15:57:41.089674: 点击元素|Click element: //*[contains(@class, "nav-btn-group")]/a[3]
2025-04-21 15:57:44.113772: 执行节点|Execute node: 循环采集数据
2025-04-21 15:57:45.269231: Page:  6
2025-04-21 15:57:45.288245: 执行节点|Execute node: 点击下一章
2025-04-21 15:57:45.574699: 点击元素|Click element: //*[contains(@class, "nav-btn-group")]/a[3]
2025-04-21 15:57:48.592275: 执行节点|Execute node: 循环采集数据
2025-04-21 15:57:49.749960: Page:  7
2025-04-21 15:57:49.759338: 执行节点|Execute node: 点击下一章
2025-04-21 15:57:50.049280: 点击元素|Click element: //*[contains(@class, "nav-btn-group")]/a[3]
2025-04-21 15:57:53.074352: 执行节点|Execute node: 循环采集数据
2025-04-21 15:57:54.232342: Page:  8
2025-04-21 15:57:54.251549: 执行节点|Execute node: 点击下一章
2025-04-21 15:57:54.541781: 点击元素|Click element: //*[contains(@class, "nav-btn-group")]/a[3]
2025-04-21 15:57:57.558123: 执行节点|Execute node: 循环采集数据
2025-04-21 15:57:58.704058: Page:  9
2025-04-21 15:57:58.720481: 执行节点|Execute node: 点击下一章
2025-04-21 15:57:58.994475: 点击元素|Click element: //*[contains(@class, "nav-btn-group")]/a[3]
2025-04-21 15:58:02.018180: 执行节点|Execute node: 循环采集数据
2025-04-21 15:58:03.176390: Page:  10
2025-04-21 15:58:03.193177: 执行节点|Execute node: 点击下一章
2025-04-21 15:58:03.476694: 点击元素|Click element: //*[contains(@class, "nav-btn-group")]/a[3]
2025-04-21 15:58:06.499322: 执行节点|Execute node: 循环采集数据
2025-04-21 15:58:07.658036: Page:  11
2025-04-21 15:58:07.675985: 执行节点|Execute node: 点击下一章
2025-04-21 15:58:07.962806: 点击元素|Click element: //*[contains(@class, "nav-btn-group")]/a[3]
2025-04-21 15:58:11.597710: 执行节点|Execute node: 循环采集数据
2025-04-21 15:58:12.757964: Page:  12
2025-04-21 15:58:12.777033: 执行节点|Execute node: 点击下一章
2025-04-21 15:58:13.067117: 点击元素|Click element: //*[contains(@class, "nav-btn-group")]/a[3]
2025-04-21 15:58:16.091164: 执行节点|Execute node: 循环采集数据
2025-04-21 15:58:17.246959: Page:  13
2025-04-21 15:58:17.268502: 执行节点|Execute node: 点击下一章
2025-04-21 15:58:17.569439: 点击元素|Click element: //*[contains(@class, "nav-btn-group")]/a[3]
2025-04-21 15:58:20.591601: 执行节点|Execute node: 循环采集数据
2025-04-21 15:58:21.748769: Page:  14
2025-04-21 15:58:21.769313: 执行节点|Execute node: 点击下一章
2025-04-21 15:58:22.068758: 点击元素|Click element: //*[contains(@class, "nav-btn-group")]/a[3]
2025-04-21 15:58:25.093095: 执行节点|Execute node: 循环采集数据
2025-04-21 15:58:26.250427: Page:  15
2025-04-21 15:58:26.269881: 执行节点|Execute node: 点击下一章
2025-04-21 15:58:26.579408: 点击元素|Click element: //*[contains(@class, "nav-btn-group")]/a[3]
2025-04-21 15:58:29.597398: 执行节点|Execute node: 循环采集数据
2025-04-21 15:58:30.753865: Page:  16
2025-04-21 15:58:30.766521: 执行节点|Execute node: 点击下一章
2025-04-21 15:58:31.059015: 点击元素|Click element: //*[contains(@class, "nav-btn-group")]/a[3]
2025-04-21 15:58:36.385922: 执行节点|Execute node: 循环采集数据
2025-04-21 15:58:37.540418: Page:  17
2025-04-21 15:58:37.560650: 执行节点|Execute node: 点击下一章
2025-04-21 15:58:37.855148: 点击元素|Click element: //*[contains(@class, "nav-btn-group")]/a[3]
2025-04-21 15:58:40.876117: 执行节点|Execute node: 循环采集数据
2025-04-21 15:58:42.017541: Page:  18
2025-04-21 15:58:42.025468: 执行节点|Execute node: 点击下一章
2025-04-21 15:58:42.321733: 点击元素|Click element: //*[contains(@class, "nav-btn-group")]/a[3]
2025-04-21 15:58:45.338604: 执行节点|Execute node: 循环采集数据
2025-04-21 15:58:46.486764: Page:  19
2025-04-21 15:58:46.497011: 执行节点|Execute node: 点击下一章
2025-04-21 15:58:46.782056: 点击元素|Click element: //*[contains(@class, "nav-btn-group")]/a[3]
2025-04-21 15:58:49.806283: 执行节点|Execute node: 循环采集数据
2025-04-21 15:58:50.951733: Page:  20
2025-04-21 15:58:50.963272: 执行节点|Execute node: 点击下一章
2025-04-21 15:58:51.251603: 点击元素|Click element: //*[contains(@class, "nav-btn-group")]/a[3]
2025-04-21 15:58:54.266859: 执行节点|Execute node: 循环采集数据
2025-04-21 15:58:55.410334: Page:  21
2025-04-21 15:58:55.426442: 执行节点|Execute node: 点击下一章
2025-04-21 15:58:55.711907: 点击元素|Click element: //*[contains(@class, "nav-btn-group")]/a[3]
2025-04-21 15:58:58.735399: 执行节点|Execute node: 循环采集数据
2025-04-21 15:58:59.888434: Page:  22
2025-04-21 15:58:59.899168: 执行节点|Execute node: 点击下一章
2025-04-21 15:59:00.189578: 点击元素|Click element: //*[contains(@class, "nav-btn-group")]/a[3]
2025-04-21 15:59:03.208613: 执行节点|Execute node: 循环采集数据
2025-04-21 15:59:04.358017: Page:  23
2025-04-21 15:59:04.375188: 执行节点|Execute node: 点击下一章
2025-04-21 15:59:04.653256: 点击元素|Click element: //*[contains(@class, "nav-btn-group")]/a[3]
2025-04-21 15:59:07.669833: 执行节点|Execute node: 循环采集数据
2025-04-21 15:59:08.813927: Page:  24
2025-04-21 15:59:08.829010: 执行节点|Execute node: 点击下一章
2025-04-21 15:59:09.124587: 点击元素|Click element: //*[contains(@class, "nav-btn-group")]/a[3]
2025-04-21 15:59:12.145442: 执行节点|Execute node: 循环采集数据
2025-04-21 15:59:13.294987: Page:  25
2025-04-21 15:59:13.304753: 执行节点|Execute node: 点击下一章
2025-04-21 15:59:13.584825: 点击元素|Click element: //*[contains(@class, "nav-btn-group")]/a[3]
2025-04-21 15:59:16.604063: 执行节点|Execute node: 循环采集数据
2025-04-21 15:59:17.758278: Page:  26
2025-04-21 15:59:17.766346: 执行节点|Execute node: 点击下一章
2025-04-21 15:59:18.064642: 点击元素|Click element: //*[contains(@class, "nav-btn-group")]/a[3]
2025-04-21 15:59:21.085836: 执行节点|Execute node: 循环采集数据
2025-04-21 15:59:22.247727: Page:  27
2025-04-21 15:59:22.266790: 执行节点|Execute node: 点击下一章
2025-04-21 15:59:23.052114: 点击元素|Click element: //*[contains(@class, "nav-btn-group")]/a[3]
2025-04-21 15:59:26.804279: 执行节点|Execute node: 循环采集数据
2025-04-21 15:59:28.102082: Page:  28
2025-04-21 15:59:28.138243: 执行节点|Execute node: 点击下一章
2025-04-21 15:59:28.465901: 点击元素|Click element: //*[contains(@class, "nav-btn-group")]/a[3]
2025-04-21 15:59:31.534608: 执行节点|Execute node: 循环采集数据
2025-04-21 15:59:32.707133: Page:  29
2025-04-21 15:59:32.721089: 执行节点|Execute node: 点击下一章
2025-04-21 15:59:33.022226: 点击元素|Click element: //*[contains(@class, "nav-btn-group")]/a[3]
2025-04-21 15:59:36.042022: 执行节点|Execute node: 循环采集数据
2025-04-21 15:59:37.206464: Page:  30
2025-04-21 15:59:37.220093: 执行节点|Execute node: 点击下一章
2025-04-21 15:59:37.521169: 点击元素|Click element: //*[contains(@class, "nav-btn-group")]/a[3]
2025-04-21 15:59:40.542866: 执行节点|Execute node: 循环采集数据
2025-04-21 15:59:41.692808: Page:  31
2025-04-21 15:59:41.703539: 执行节点|Execute node: 点击下一章
2025-04-21 15:59:42.002216: 点击元素|Click element: //*[contains(@class, "nav-btn-group")]/a[3]
2025-04-21 15:59:45.025991: 执行节点|Execute node: 循环采集数据
2025-04-21 15:59:46.183099: Page:  32
2025-04-21 15:59:46.200058: 执行节点|Execute node: 点击下一章
2025-04-21 15:59:46.480558: 点击元素|Click element: //*[contains(@class, "nav-btn-group")]/a[3]
2025-04-21 15:59:49.497788: 执行节点|Execute node: 循环采集数据
2025-04-21 15:59:50.654090: Page:  33
2025-04-21 15:59:50.668222: 执行节点|Execute node: 点击下一章
2025-04-21 15:59:50.948178: 点击元素|Click element: //*[contains(@class, "nav-btn-group")]/a[3]
2025-04-21 15:59:53.966325: 执行节点|Execute node: 循环采集数据
2025-04-21 15:59:55.137753: Page:  34
2025-04-21 15:59:55.157755: 执行节点|Execute node: 点击下一章
2025-04-21 15:59:55.454428: 点击元素|Click element: //*[contains(@class, "nav-btn-group")]/a[3]
2025-04-21 15:59:58.470470: 执行节点|Execute node: 循环采集数据
2025-04-21 15:59:59.643519: Page:  35
2025-04-21 15:59:59.659595: 执行节点|Execute node: 点击下一章
2025-04-21 15:59:59.946545: 点击元素|Click element: //*[contains(@class, "nav-btn-group")]/a[3]
2025-04-21 16:00:03.709511: 执行节点|Execute node: 循环采集数据
2025-04-21 16:00:04.925355: Page:  36
2025-04-21 16:00:04.939307: 执行节点|Execute node: 点击下一章
2025-04-21 16:00:05.248894: 点击元素|Click element: //*[contains(@class, "nav-btn-group")]/a[3]
2025-04-21 16:00:08.267272: 执行节点|Execute node: 循环采集数据
2025-04-21 16:00:09.588307: Page:  37
2025-04-21 16:00:09.611502: 执行节点|Execute node: 点击下一章
2025-04-21 16:00:09.920644: 点击元素|Click element: //*[contains(@class, "nav-btn-group")]/a[3]
2025-04-21 16:00:13.114714: 执行节点|Execute node: 循环采集数据
2025-04-21 16:00:14.432480: Page:  38
2025-04-21 16:00:14.679907: 执行节点|Execute node: 点击下一章
2025-04-21 16:00:15.046960: 点击元素|Click element: //*[contains(@class, "nav-btn-group")]/a[3]
2025-04-21 16:00:18.409369: 执行节点|Execute node: 循环采集数据
2025-04-21 16:00:19.620156: Page:  39
2025-04-21 16:00:19.630668: 执行节点|Execute node: 点击下一章
2025-04-21 16:00:19.929230: 点击元素|Click element: //*[contains(@class, "nav-btn-group")]/a[3]
2025-04-21 16:00:22.947661: 执行节点|Execute node: 循环采集数据
2025-04-21 16:00:24.120063: Page:  40
2025-04-21 16:00:24.129320: 执行节点|Execute node: 点击下一章
2025-04-21 16:00:24.403985: 点击元素|Click element: //*[contains(@class, "nav-btn-group")]/a[3]
2025-04-21 16:00:27.422749: 执行节点|Execute node: 循环采集数据
2025-04-21 16:00:28.595250: Page:  41
2025-04-21 16:00:28.612477: 执行节点|Execute node: 点击下一章
2025-04-21 16:00:28.904437: 点击元素|Click element: //*[contains(@class, "nav-btn-group")]/a[3]
2025-04-21 16:00:31.926071: 执行节点|Execute node: 循环采集数据
2025-04-21 16:00:33.077789: Page:  42
2025-04-21 16:00:33.087252: 执行节点|Execute node: 点击下一章
2025-04-21 16:00:33.366933: 点击元素|Click element: //*[contains(@class, "nav-btn-group")]/a[3]
2025-04-21 16:00:36.384104: 执行节点|Execute node: 循环采集数据
2025-04-21 16:00:37.538245: Page:  43
2025-04-21 16:00:37.544586: 执行节点|Execute node: 点击下一章
2025-04-21 16:00:37.836054: 点击元素|Click element: //*[contains(@class, "nav-btn-group")]/a[3]
2025-04-21 16:00:50.867604: 执行节点|Execute node: 循环采集数据
2025-04-21 16:00:52.021449: Page:  44
2025-04-21 16:00:52.030677: Single loop element not found:  //*[contains(@class, "nav-btn-group")]/a[3]
2025-04-21 16:00:52.031697: 找不到要循环的单个元素:  //*[contains(@class, "nav-btn-group")]/a[3]
2025-04-21 16:00:52.031697: 执行节点|Execute node: 点击下一章
2025-04-21 16:00:52.039650: Cannot find element://*[contains(@class, "nav-btn-group")]/a[3], please try to set the wait time before executing this operation
2025-04-21 16:00:52.040646: 找不到要点击的元素://*[contains(@class, "nav-btn-group")]/a[3]，请尝试在执行此操作前设置等待时间
2025-04-21 16:00:52.041643: 点击元素失败://*[contains(@class, "nav-btn-group")]/a[3] ，请尝试将点击类型改为JavaScript点击后重试。
2025-04-21 16:00:52.041643: Failed to click element://*[contains(@class, "nav-btn-group")]/a[3] , please try to change the click type to JavaScript Click.
2025-04-21 16:00:52.041643: cannot access local variable 'element' where it is not associated with a value
2025-04-21 16:00:55.060294: 执行节点|Execute node: 循环采集数据
2025-04-21 16:00:57.319216: 执行节点|Execute node: 点击排行榜中的小说
2025-04-21 16:00:57.621031: 点击元素|Click element: //*[@id="__layout"]/section/section/section/section[2]/div[2]/section/div[2]/a/div/img
2025-04-21 16:01:04.007630: 执行节点|Execute node: 点击立即阅读
2025-04-21 16:01:04.317732: 点击元素|Click element: //*[contains(@class, "book-info--btn-reading")]
2025-04-21 16:01:09.967838: 执行节点|Execute node: 提取书名和章节
2025-04-21 16:01:09.988145: 执行节点|Execute node: 循环采集数据
2025-04-21 16:01:11.134047: 执行节点|Execute node: 循环点击：下一章
2025-04-21 16:01:11.275100: 执行节点|Execute node: 点击下一章
2025-04-21 16:01:11.573123: 点击元素|Click element: //*[contains(@class, "nav-btn-group")]/a[3]
2025-04-21 16:01:15.264202: 执行节点|Execute node: 循环采集数据
2025-04-21 16:01:16.408803: Page:  1
2025-04-21 16:01:16.416776: 执行节点|Execute node: 点击下一章
2025-04-21 16:01:16.697666: 点击元素|Click element: //*[contains(@class, "nav-btn-group")]/a[3]
2025-04-21 16:01:19.724851: 执行节点|Execute node: 循环采集数据
2025-04-21 16:01:20.896564: Page:  2
2025-04-21 16:01:20.905479: 执行节点|Execute node: 点击下一章
2025-04-21 16:01:21.188879: 点击元素|Click element: //*[contains(@class, "nav-btn-group")]/a[3]
2025-04-21 16:01:24.205586: 执行节点|Execute node: 循环采集数据
2025-04-21 16:01:25.382285: Page:  3
2025-04-21 16:01:25.394144: 执行节点|Execute node: 点击下一章
2025-04-21 16:01:25.676143: 点击元素|Click element: //*[contains(@class, "nav-btn-group")]/a[3]
2025-04-21 16:01:28.752145: 执行节点|Execute node: 循环采集数据
2025-04-21 16:01:29.897528: Page:  4
2025-04-21 16:01:29.904472: 执行节点|Execute node: 点击下一章
2025-04-21 16:01:30.181096: 点击元素|Click element: //*[contains(@class, "nav-btn-group")]/a[3]
2025-04-21 16:01:33.270825: 执行节点|Execute node: 循环采集数据
2025-04-21 16:01:34.424405: Page:  5
2025-04-21 16:01:34.437270: 执行节点|Execute node: 点击下一章
2025-04-21 16:01:34.711908: 点击元素|Click element: //*[contains(@class, "nav-btn-group")]/a[3]
2025-04-21 16:01:38.427356: 执行节点|Execute node: 循环采集数据
2025-04-21 16:01:39.578290: Page:  6
2025-04-21 16:01:39.594449: 执行节点|Execute node: 点击下一章
2025-04-21 16:01:39.881776: 点击元素|Click element: //*[contains(@class, "nav-btn-group")]/a[3]
2025-04-21 16:01:43.496914: 执行节点|Execute node: 循环采集数据
2025-04-21 16:01:44.645589: Page:  7
2025-04-21 16:01:44.659222: 执行节点|Execute node: 点击下一章
2025-04-21 16:01:44.945276: 点击元素|Click element: //*[contains(@class, "nav-btn-group")]/a[3]
2025-04-21 16:01:48.419484: 执行节点|Execute node: 循环采集数据
2025-04-21 16:01:49.565415: Page:  8
2025-04-21 16:01:49.579353: 执行节点|Execute node: 点击下一章
2025-04-21 16:01:49.868005: 点击元素|Click element: //*[contains(@class, "nav-btn-group")]/a[3]
2025-04-21 16:01:53.052892: 执行节点|Execute node: 循环采集数据
2025-04-21 16:01:54.201799: Page:  9
2025-04-21 16:01:54.218308: 执行节点|Execute node: 点击下一章
2025-04-21 16:01:54.495803: 点击元素|Click element: //*[contains(@class, "nav-btn-group")]/a[3]
2025-04-21 16:01:58.209948: 执行节点|Execute node: 循环采集数据
2025-04-21 16:01:59.349124: Page:  10
2025-04-21 16:01:59.360600: 执行节点|Execute node: 点击下一章
2025-04-21 16:01:59.641604: 点击元素|Click element: //*[contains(@class, "nav-btn-group")]/a[3]
2025-04-21 16:02:02.974232: 执行节点|Execute node: 循环采集数据
2025-04-21 16:02:04.121898: Page:  11
2025-04-21 16:02:04.140597: 执行节点|Execute node: 点击下一章
2025-04-21 16:02:04.423640: 点击元素|Click element: //*[contains(@class, "nav-btn-group")]/a[3]
2025-04-21 16:02:07.968225: 执行节点|Execute node: 循环采集数据
2025-04-21 16:02:09.115692: Page:  12
2025-04-21 16:02:09.131077: 执行节点|Execute node: 点击下一章
2025-04-21 16:02:09.432515: 点击元素|Click element: //*[contains(@class, "nav-btn-group")]/a[3]
2025-04-21 16:02:13.401737: 执行节点|Execute node: 循环采集数据
2025-04-21 16:02:14.551678: Page:  13
2025-04-21 16:02:14.567147: 执行节点|Execute node: 点击下一章
2025-04-21 16:02:14.855833: 点击元素|Click element: //*[contains(@class, "nav-btn-group")]/a[3]
2025-04-21 16:02:17.883920: 执行节点|Execute node: 循环采集数据
2025-04-21 16:02:19.030341: Page:  14
2025-04-21 16:02:19.046283: 执行节点|Execute node: 点击下一章
2025-04-21 16:02:19.339164: 点击元素|Click element: //*[contains(@class, "nav-btn-group")]/a[3]
2025-04-21 16:02:22.423750: 执行节点|Execute node: 循环采集数据
2025-04-21 16:02:23.567687: Page:  15
2025-04-21 16:02:23.582654: 执行节点|Execute node: 点击下一章
2025-04-21 16:02:23.878227: 点击元素|Click element: //*[contains(@class, "nav-btn-group")]/a[3]
2025-04-21 16:02:26.960184: 执行节点|Execute node: 循环采集数据
2025-04-21 16:02:28.102033: Page:  16
2025-04-21 16:02:28.116580: 执行节点|Execute node: 点击下一章
2025-04-21 16:02:28.408553: 点击元素|Click element: //*[contains(@class, "nav-btn-group")]/a[3]
2025-04-21 16:02:31.502395: 执行节点|Execute node: 循环采集数据
2025-04-21 16:02:32.644066: Page:  17
2025-04-21 16:02:32.659570: 执行节点|Execute node: 点击下一章
2025-04-21 16:02:32.954943: 点击元素|Click element: //*[contains(@class, "nav-btn-group")]/a[3]
2025-04-21 16:02:36.451075: 执行节点|Execute node: 循环采集数据
2025-04-21 16:02:37.595298: Page:  18
2025-04-21 16:02:37.610926: 执行节点|Execute node: 点击下一章
2025-04-21 16:02:37.904314: 点击元素|Click element: //*[contains(@class, "nav-btn-group")]/a[3]
2025-04-21 16:02:40.920023: 执行节点|Execute node: 循环采集数据
2025-04-21 16:02:42.068851: Page:  19
2025-04-21 16:02:42.084673: 执行节点|Execute node: 点击下一章
2025-04-21 16:02:42.381126: 点击元素|Click element: //*[contains(@class, "nav-btn-group")]/a[3]
2025-04-21 16:02:45.461668: 执行节点|Execute node: 循环采集数据
2025-04-21 16:02:46.606969: Page:  20
2025-04-21 16:02:46.623756: 执行节点|Execute node: 点击下一章
2025-04-21 16:02:46.917957: 点击元素|Click element: //*[contains(@class, "nav-btn-group")]/a[3]
2025-04-21 16:02:49.936297: 执行节点|Execute node: 循环采集数据
2025-04-21 16:02:51.078373: Page:  21
2025-04-21 16:02:51.094423: 执行节点|Execute node: 点击下一章
2025-04-21 16:02:51.396318: 点击元素|Click element: //*[contains(@class, "nav-btn-group")]/a[3]
2025-04-21 16:02:54.418544: 执行节点|Execute node: 循环采集数据
2025-04-21 16:02:55.565979: Page:  22
2025-04-21 16:02:55.576107: 执行节点|Execute node: 点击下一章
2025-04-21 16:02:55.866185: 点击元素|Click element: //*[contains(@class, "nav-btn-group")]/a[3]
2025-04-21 16:02:59.878975: 执行节点|Execute node: 循环采集数据
2025-04-21 16:03:01.026151: Page:  23
2025-04-21 16:03:01.042266: 执行节点|Execute node: 点击下一章
2025-04-21 16:03:01.338640: 点击元素|Click element: //*[contains(@class, "nav-btn-group")]/a[3]
2025-04-21 16:03:04.357200: 执行节点|Execute node: 循环采集数据
2025-04-21 16:03:05.505413: Page:  24
2025-04-21 16:03:05.512614: 执行节点|Execute node: 点击下一章
2025-04-21 16:03:05.786436: 点击元素|Click element: //*[contains(@class, "nav-btn-group")]/a[3]
2025-04-21 16:03:08.802310: 执行节点|Execute node: 循环采集数据
2025-04-21 16:03:09.943990: Page:  25
2025-04-21 16:03:09.950963: 执行节点|Execute node: 点击下一章
2025-04-21 16:03:10.243711: 点击元素|Click element: //*[contains(@class, "nav-btn-group")]/a[3]
2025-04-21 16:03:13.493637: 执行节点|Execute node: 循环采集数据
2025-04-21 16:03:14.633528: Page:  26
2025-04-21 16:03:14.643438: 执行节点|Execute node: 点击下一章
2025-04-21 16:03:14.940492: 点击元素|Click element: //*[contains(@class, "nav-btn-group")]/a[3]
2025-04-21 16:03:18.542938: 执行节点|Execute node: 循环采集数据
2025-04-21 16:03:19.704379: Page:  27
2025-04-21 16:03:19.714339: 执行节点|Execute node: 点击下一章
2025-04-21 16:03:20.016390: 点击元素|Click element: //*[contains(@class, "nav-btn-group")]/a[3]
2025-04-21 16:03:23.036950: 执行节点|Execute node: 循环采集数据
2025-04-21 16:03:24.237995: Page:  28
2025-04-21 16:03:24.248959: 执行节点|Execute node: 点击下一章
2025-04-21 16:03:24.549341: 点击元素|Click element: //*[contains(@class, "nav-btn-group")]/a[3]
2025-04-21 16:03:30.612241: 执行节点|Execute node: 循环采集数据
2025-04-21 16:03:31.762241: Page:  29
2025-04-21 16:03:31.773855: 执行节点|Execute node: 点击下一章
2025-04-21 16:03:32.078693: 点击元素|Click element: //*[contains(@class, "nav-btn-group")]/a[3]
2025-04-21 16:03:35.233217: 执行节点|Execute node: 循环采集数据
2025-04-21 16:03:36.381080: Page:  30
2025-04-21 16:03:36.393502: 执行节点|Execute node: 点击下一章
2025-04-21 16:03:36.691262: 点击元素|Click element: //*[contains(@class, "nav-btn-group")]/a[3]
2025-04-21 16:03:39.748505: 执行节点|Execute node: 循环采集数据
2025-04-21 16:03:40.894642: Page:  31
2025-04-21 16:03:40.911839: 执行节点|Execute node: 点击下一章
2025-04-21 16:03:41.197587: 点击元素|Click element: //*[contains(@class, "nav-btn-group")]/a[3]
2025-04-21 16:03:46.194951: 执行节点|Execute node: 循环采集数据
2025-04-21 16:03:47.343486: Page:  32
2025-04-21 16:03:47.357523: 执行节点|Execute node: 点击下一章
2025-04-21 16:03:47.642694: 点击元素|Click element: //*[contains(@class, "nav-btn-group")]/a[3]
2025-04-21 16:03:51.059614: 执行节点|Execute node: 循环采集数据
2025-04-21 16:03:52.213031: Page:  33
2025-04-21 16:03:52.226890: 执行节点|Execute node: 点击下一章
2025-04-21 16:03:52.531380: 点击元素|Click element: //*[contains(@class, "nav-btn-group")]/a[3]
2025-04-21 16:03:55.550793: 执行节点|Execute node: 循环采集数据
2025-04-21 16:03:56.694150: Page:  34
2025-04-21 16:03:56.708452: 执行节点|Execute node: 点击下一章
2025-04-21 16:03:57.010889: 点击元素|Click element: //*[contains(@class, "nav-btn-group")]/a[3]
2025-04-21 16:04:00.428206: 执行节点|Execute node: 循环采集数据
2025-04-21 16:04:01.574391: Page:  35
2025-04-21 16:04:01.590721: 执行节点|Execute node: 点击下一章
2025-04-21 16:04:01.881574: 点击元素|Click element: //*[contains(@class, "nav-btn-group")]/a[3]
2025-04-21 16:04:05.740489: 执行节点|Execute node: 循环采集数据
2025-04-21 16:04:06.893944: Page:  36
2025-04-21 16:04:06.911744: 执行节点|Execute node: 点击下一章
2025-04-21 16:04:07.193546: 点击元素|Click element: //*[contains(@class, "nav-btn-group")]/a[3]
2025-04-21 16:04:10.544048: 执行节点|Execute node: 循环采集数据
2025-04-21 16:04:11.686083: Page:  37
2025-04-21 16:04:11.702086: 执行节点|Execute node: 点击下一章
2025-04-21 16:04:11.985605: 点击元素|Click element: //*[contains(@class, "nav-btn-group")]/a[3]
2025-04-21 16:04:16.027884: 执行节点|Execute node: 循环采集数据
2025-04-21 16:04:17.186592: Page:  38
2025-04-21 16:04:17.204431: 执行节点|Execute node: 点击下一章
2025-04-21 16:04:17.509601: 点击元素|Click element: //*[contains(@class, "nav-btn-group")]/a[3]
2025-04-21 16:04:20.827295: 执行节点|Execute node: 循环采集数据
2025-04-21 16:04:21.973604: Page:  39
2025-04-21 16:04:21.989730: 执行节点|Execute node: 点击下一章
2025-04-21 16:04:22.276636: 点击元素|Click element: //*[contains(@class, "nav-btn-group")]/a[3]
2025-04-21 16:04:26.088972: 执行节点|Execute node: 循环采集数据
2025-04-21 16:04:27.234686: Page:  40
2025-04-21 16:04:27.249395: 执行节点|Execute node: 点击下一章
2025-04-21 16:04:27.543941: 点击元素|Click element: //*[contains(@class, "nav-btn-group")]/a[3]
2025-04-21 16:04:31.285069: 执行节点|Execute node: 循环采集数据
2025-04-21 16:04:32.432566: Page:  41
2025-04-21 16:04:32.449287: 执行节点|Execute node: 点击下一章
2025-04-21 16:04:32.735411: 点击元素|Click element: //*[contains(@class, "nav-btn-group")]/a[3]
2025-04-21 16:04:36.466363: 执行节点|Execute node: 循环采集数据
2025-04-21 16:04:37.628133: Page:  42
2025-04-21 16:04:37.639698: 执行节点|Execute node: 点击下一章
2025-04-21 16:04:37.929447: 点击元素|Click element: //*[contains(@class, "nav-btn-group")]/a[3]
2025-04-21 16:04:42.137534: 执行节点|Execute node: 循环采集数据
2025-04-21 16:04:43.267143: Page:  43
2025-04-21 16:04:43.276101: 执行节点|Execute node: 点击下一章
2025-04-21 16:04:43.581677: 点击元素|Click element: //*[contains(@class, "nav-btn-group")]/a[3]
2025-04-21 16:04:47.020673: 执行节点|Execute node: 循环采集数据
2025-04-21 16:04:48.152759: Page:  44
2025-04-21 16:04:48.159850: 执行节点|Execute node: 点击下一章
2025-04-21 16:04:48.441140: 点击元素|Click element: //*[contains(@class, "nav-btn-group")]/a[3]
2025-04-21 16:04:52.119274: 执行节点|Execute node: 循环采集数据
2025-04-21 16:04:53.245522: Page:  45
2025-04-21 16:04:53.253600: 执行节点|Execute node: 点击下一章
2025-04-21 16:04:53.542945: 点击元素|Click element: //*[contains(@class, "nav-btn-group")]/a[3]
2025-04-21 16:04:56.819629: 执行节点|Execute node: 循环采集数据
2025-04-21 16:04:57.954550: Page:  46
2025-04-21 16:04:57.967012: 执行节点|Execute node: 点击下一章
2025-04-21 16:04:58.253591: 点击元素|Click element: //*[contains(@class, "nav-btn-group")]/a[3]
2025-04-21 16:05:01.522135: 执行节点|Execute node: 循环采集数据
2025-04-21 16:05:02.652004: Page:  47
2025-04-21 16:05:02.669428: 执行节点|Execute node: 点击下一章
2025-04-21 16:05:02.972116: 点击元素|Click element: //*[contains(@class, "nav-btn-group")]/a[3]
2025-04-21 16:05:06.610397: 执行节点|Execute node: 循环采集数据
2025-04-21 16:05:07.743324: Page:  48
2025-04-21 16:05:07.760507: 执行节点|Execute node: 点击下一章
2025-04-21 16:05:08.045035: 点击元素|Click element: //*[contains(@class, "nav-btn-group")]/a[3]
2025-04-21 16:05:11.917777: 执行节点|Execute node: 循环采集数据
2025-04-21 16:05:13.050961: Page:  49
2025-04-21 16:05:13.067310: 执行节点|Execute node: 点击下一章
2025-04-21 16:05:13.361249: 点击元素|Click element: //*[contains(@class, "nav-btn-group")]/a[3]
2025-04-21 16:05:16.536047: 执行节点|Execute node: 循环采集数据
2025-04-21 16:05:17.671441: Page:  50
2025-04-21 16:05:18.822996: 执行节点|Execute node: 点击排行榜中的小说
2025-04-21 16:05:19.125887: 点击元素|Click element: //*[@id="__layout"]/section/section/section/section[2]/div[2]/section/div[3]/a/div/img
2025-04-21 16:05:32.169233: 执行节点|Execute node: 点击立即阅读
2025-04-21 16:05:32.504972: 点击元素|Click element: //*[contains(@class, "book-info--btn-reading")]
2025-04-21 16:05:37.603174: 执行节点|Execute node: 提取书名和章节
2025-04-21 16:05:37.628091: 执行节点|Execute node: 循环采集数据
2025-04-21 16:05:38.774820: 执行节点|Execute node: 循环点击：下一章
2025-04-21 16:05:38.895931: 执行节点|Execute node: 点击下一章
2025-04-21 16:05:39.211206: 点击元素|Click element: //*[contains(@class, "nav-btn-group")]/a[3]
2025-04-21 16:05:42.907639: 执行节点|Execute node: 循环采集数据
2025-04-21 16:05:44.049850: Page:  1
2025-04-21 16:05:44.063964: 执行节点|Execute node: 点击下一章
2025-04-21 16:05:44.341598: 点击元素|Click element: //*[contains(@class, "nav-btn-group")]/a[3]
2025-04-21 16:05:47.996009: 执行节点|Execute node: 循环采集数据
2025-04-21 16:05:49.137614: Page:  2
2025-04-21 16:05:49.148638: 执行节点|Execute node: 点击下一章
2025-04-21 16:05:49.450726: 点击元素|Click element: //*[contains(@class, "nav-btn-group")]/a[3]
2025-04-21 16:05:53.688560: 执行节点|Execute node: 循环采集数据
2025-04-21 16:05:54.819096: Page:  3
2025-04-21 16:05:54.831166: 执行节点|Execute node: 点击下一章
2025-04-21 16:05:55.122628: 点击元素|Click element: //*[contains(@class, "nav-btn-group")]/a[3]
2025-04-21 16:05:58.294092: 执行节点|Execute node: 循环采集数据
2025-04-21 16:05:59.432691: Page:  4
2025-04-21 16:05:59.447891: 执行节点|Execute node: 点击下一章
2025-04-21 16:05:59.731704: 点击元素|Click element: //*[contains(@class, "nav-btn-group")]/a[3]
2025-04-21 16:06:04.062650: 执行节点|Execute node: 循环采集数据
2025-04-21 16:06:05.195439: Page:  5
2025-04-21 16:06:05.206409: 执行节点|Execute node: 点击下一章
2025-04-21 16:06:05.493354: 点击元素|Click element: //*[contains(@class, "nav-btn-group")]/a[3]
2025-04-21 16:06:09.949871: 执行节点|Execute node: 循环采集数据
2025-04-21 16:06:11.082966: Page:  6
2025-04-21 16:06:11.090934: 执行节点|Execute node: 点击下一章
2025-04-21 16:06:11.371195: 点击元素|Click element: //*[contains(@class, "nav-btn-group")]/a[3]
2025-04-21 16:06:14.646721: 执行节点|Execute node: 循环采集数据
2025-04-21 16:06:15.782464: Page:  7
2025-04-21 16:06:15.792427: 执行节点|Execute node: 点击下一章
2025-04-21 16:06:16.087100: 点击元素|Click element: //*[contains(@class, "nav-btn-group")]/a[3]
2025-04-21 16:06:20.476124: 执行节点|Execute node: 循环采集数据
2025-04-21 16:06:21.610937: Page:  8
2025-04-21 16:06:21.622123: 执行节点|Execute node: 点击下一章
2025-04-21 16:06:21.921170: 点击元素|Click element: //*[contains(@class, "nav-btn-group")]/a[3]
2025-04-21 16:06:26.369628: 执行节点|Execute node: 循环采集数据
2025-04-21 16:06:27.499562: Page:  9
2025-04-21 16:06:27.510480: 执行节点|Execute node: 点击下一章
2025-04-21 16:06:27.803743: 点击元素|Click element: //*[contains(@class, "nav-btn-group")]/a[3]
2025-04-21 16:06:31.020446: 执行节点|Execute node: 循环采集数据
2025-04-21 16:06:32.165258: Page:  10
2025-04-21 16:06:32.173504: 执行节点|Execute node: 点击下一章
2025-04-21 16:06:32.459870: 点击元素|Click element: //*[contains(@class, "nav-btn-group")]/a[3]
2025-04-21 16:06:36.153219: 执行节点|Execute node: 循环采集数据
2025-04-21 16:06:37.282945: Page:  11
2025-04-21 16:06:37.292875: 执行节点|Execute node: 点击下一章
2025-04-21 16:06:37.595530: 点击元素|Click element: //*[contains(@class, "nav-btn-group")]/a[3]
2025-04-21 16:06:41.398388: 执行节点|Execute node: 循环采集数据
2025-04-21 16:06:42.535381: Page:  12
2025-04-21 16:06:42.549091: 执行节点|Execute node: 点击下一章
2025-04-21 16:06:42.836073: 点击元素|Click element: //*[contains(@class, "nav-btn-group")]/a[3]
2025-04-21 16:06:47.490690: 执行节点|Execute node: 循环采集数据
2025-04-21 16:06:48.621222: Page:  13
2025-04-21 16:06:48.636655: 执行节点|Execute node: 点击下一章
2025-04-21 16:06:48.918619: 点击元素|Click element: //*[contains(@class, "nav-btn-group")]/a[3]
2025-04-21 16:06:52.236998: 执行节点|Execute node: 循环采集数据
2025-04-21 16:06:53.375442: Page:  14
2025-04-21 16:06:53.384415: 执行节点|Execute node: 点击下一章
2025-04-21 16:06:53.683158: 点击元素|Click element: //*[contains(@class, "nav-btn-group")]/a[3]
2025-04-21 16:06:57.449994: 执行节点|Execute node: 循环采集数据
2025-04-21 16:06:58.582621: Page:  15
2025-04-21 16:06:58.593341: 执行节点|Execute node: 点击下一章
2025-04-21 16:06:58.882670: 点击元素|Click element: //*[contains(@class, "nav-btn-group")]/a[3]
2025-04-21 16:07:03.046782: 执行节点|Execute node: 循环采集数据
2025-04-21 16:07:04.183968: Page:  16
2025-04-21 16:07:04.197551: 执行节点|Execute node: 点击下一章
2025-04-21 16:07:04.483026: 点击元素|Click element: //*[contains(@class, "nav-btn-group")]/a[3]
2025-04-21 16:07:08.215991: 执行节点|Execute node: 循环采集数据
2025-04-21 16:07:09.356276: Page:  17
2025-04-21 16:07:09.366191: 执行节点|Execute node: 点击下一章
2025-04-21 16:07:09.669546: 点击元素|Click element: //*[contains(@class, "nav-btn-group")]/a[3]
2025-04-21 16:07:13.831398: 执行节点|Execute node: 循环采集数据
2025-04-21 16:07:14.972947: Page:  18
2025-04-21 16:07:14.990884: 执行节点|Execute node: 点击下一章
2025-04-21 16:07:15.272050: 点击元素|Click element: //*[contains(@class, "nav-btn-group")]/a[3]
2025-04-21 16:07:19.242992: 执行节点|Execute node: 循环采集数据
2025-04-21 16:07:20.375964: Page:  19
2025-04-21 16:07:20.386080: 执行节点|Execute node: 点击下一章
2025-04-21 16:07:20.691504: 点击元素|Click element: //*[contains(@class, "nav-btn-group")]/a[3]
2025-04-21 16:07:25.304777: 执行节点|Execute node: 循环采集数据
2025-04-21 16:07:26.452652: Page:  20
2025-04-21 16:07:26.465571: 执行节点|Execute node: 点击下一章
2025-04-21 16:07:26.766708: 点击元素|Click element: //*[contains(@class, "nav-btn-group")]/a[3]
2025-04-21 16:07:30.645936: 执行节点|Execute node: 循环采集数据
2025-04-21 16:07:31.782639: Page:  21
2025-04-21 16:07:31.791607: 执行节点|Execute node: 点击下一章
2025-04-21 16:07:32.081020: 点击元素|Click element: //*[contains(@class, "nav-btn-group")]/a[3]
2025-04-21 16:07:35.564767: 执行节点|Execute node: 循环采集数据
2025-04-21 16:07:36.740678: Page:  22
2025-04-21 16:07:36.756625: 执行节点|Execute node: 点击下一章
2025-04-21 16:07:37.063767: 点击元素|Click element: //*[contains(@class, "nav-btn-group")]/a[3]
2025-04-21 16:07:42.261537: 执行节点|Execute node: 循环采集数据
2025-04-21 16:07:43.406977: Page:  23
2025-04-21 16:07:43.420890: 执行节点|Execute node: 点击下一章
2025-04-21 16:07:43.704196: 点击元素|Click element: //*[contains(@class, "nav-btn-group")]/a[3]
2025-04-21 16:07:49.340651: 执行节点|Execute node: 循环采集数据
2025-04-21 16:07:50.481038: Page:  24
2025-04-21 16:07:50.492772: 执行节点|Execute node: 点击下一章
2025-04-21 16:07:50.777653: 点击元素|Click element: //*[contains(@class, "nav-btn-group")]/a[3]
2025-04-21 16:07:54.069239: 执行节点|Execute node: 循环采集数据
2025-04-21 16:07:55.206876: Page:  25
2025-04-21 16:07:55.225168: 执行节点|Execute node: 点击下一章
2025-04-21 16:07:55.523227: 点击元素|Click element: //*[contains(@class, "nav-btn-group")]/a[3]
2025-04-21 16:07:59.779356: 执行节点|Execute node: 循环采集数据
2025-04-21 16:08:00.915631: Page:  26
2025-04-21 16:08:00.933191: 执行节点|Execute node: 点击下一章
2025-04-21 16:08:01.226127: 点击元素|Click element: //*[contains(@class, "nav-btn-group")]/a[3]
2025-04-21 16:08:04.765511: 执行节点|Execute node: 循环采集数据
2025-04-21 16:08:05.903324: Page:  27
2025-04-21 16:08:05.918522: 执行节点|Execute node: 点击下一章
2025-04-21 16:08:06.191535: 点击元素|Click element: //*[contains(@class, "nav-btn-group")]/a[3]
2025-04-21 16:08:10.259606: 执行节点|Execute node: 循环采集数据
2025-04-21 16:08:11.395267: Page:  28
2025-04-21 16:08:11.407763: 执行节点|Execute node: 点击下一章
2025-04-21 16:08:11.695151: 点击元素|Click element: //*[contains(@class, "nav-btn-group")]/a[3]
2025-04-21 16:08:14.894657: 执行节点|Execute node: 循环采集数据
2025-04-21 16:08:16.030365: Page:  29
2025-04-21 16:08:16.047229: 执行节点|Execute node: 点击下一章
2025-04-21 16:08:16.345568: 点击元素|Click element: //*[contains(@class, "nav-btn-group")]/a[3]
2025-04-21 16:08:20.020192: 执行节点|Execute node: 循环采集数据
2025-04-21 16:08:21.163845: Page:  30
2025-04-21 16:08:21.179114: 执行节点|Execute node: 点击下一章
2025-04-21 16:08:21.470319: 点击元素|Click element: //*[contains(@class, "nav-btn-group")]/a[3]
2025-04-21 16:08:25.034142: 执行节点|Execute node: 循环采集数据
2025-04-21 16:08:26.182212: Page:  31
2025-04-21 16:08:26.200064: 执行节点|Execute node: 点击下一章
2025-04-21 16:08:26.498659: 点击元素|Click element: //*[contains(@class, "nav-btn-group")]/a[3]
2025-04-21 16:08:30.415275: 执行节点|Execute node: 循环采集数据
2025-04-21 16:08:31.549984: Page:  32
2025-04-21 16:08:31.565033: 执行节点|Execute node: 点击下一章
2025-04-21 16:08:31.859364: 点击元素|Click element: //*[contains(@class, "nav-btn-group")]/a[3]
2025-04-21 16:08:35.958144: 执行节点|Execute node: 循环采集数据
2025-04-21 16:08:37.093255: Page:  33
2025-04-21 16:08:37.108161: 执行节点|Execute node: 点击下一章
2025-04-21 16:08:37.385161: 点击元素|Click element: //*[contains(@class, "nav-btn-group")]/a[3]
2025-04-21 16:08:41.276742: 执行节点|Execute node: 循环采集数据
2025-04-21 16:08:42.412256: Page:  34
2025-04-21 16:08:42.427923: 执行节点|Execute node: 点击下一章
2025-04-21 16:08:42.726836: 点击元素|Click element: //*[contains(@class, "nav-btn-group")]/a[3]
2025-04-21 16:08:46.308231: 执行节点|Execute node: 循环采集数据
2025-04-21 16:08:47.444103: Page:  35
2025-04-21 16:08:47.458196: 执行节点|Execute node: 点击下一章
2025-04-21 16:08:47.751365: 点击元素|Click element: //*[contains(@class, "nav-btn-group")]/a[3]
2025-04-21 16:08:51.224747: 执行节点|Execute node: 循环采集数据
2025-04-21 16:08:52.361163: Page:  36
2025-04-21 16:08:52.370136: 执行节点|Execute node: 点击下一章
2025-04-21 16:08:52.656244: 点击元素|Click element: //*[contains(@class, "nav-btn-group")]/a[3]
2025-04-21 16:08:56.012291: 执行节点|Execute node: 循环采集数据
2025-04-21 16:08:57.152845: Page:  37
2025-04-21 16:08:57.167009: 执行节点|Execute node: 点击下一章
2025-04-21 16:08:57.450760: 点击元素|Click element: //*[contains(@class, "nav-btn-group")]/a[3]
2025-04-21 16:09:00.679410: 执行节点|Execute node: 循环采集数据
2025-04-21 16:09:01.819952: Page:  38
2025-04-21 16:09:01.830910: 执行节点|Execute node: 点击下一章
2025-04-21 16:09:02.126220: 点击元素|Click element: //*[contains(@class, "nav-btn-group")]/a[3]
2025-04-21 16:09:06.229846: 执行节点|Execute node: 循环采集数据
2025-04-21 16:09:07.366937: Page:  39
2025-04-21 16:09:07.380396: 执行节点|Execute node: 点击下一章
2025-04-21 16:09:07.663881: 点击元素|Click element: //*[contains(@class, "nav-btn-group")]/a[3]
2025-04-21 16:09:13.586940: 执行节点|Execute node: 循环采集数据
2025-04-21 16:09:14.725010: Page:  40
2025-04-21 16:09:14.743662: 执行节点|Execute node: 点击下一章
2025-04-21 16:09:15.044676: 点击元素|Click element: //*[contains(@class, "nav-btn-group")]/a[3]
2025-04-21 16:09:19.052462: 执行节点|Execute node: 循环采集数据
2025-04-21 16:09:20.188952: Page:  41
2025-04-21 16:09:20.204181: 执行节点|Execute node: 点击下一章
2025-04-21 16:09:20.478790: 点击元素|Click element: //*[contains(@class, "nav-btn-group")]/a[3]
2025-04-21 16:09:25.149791: 执行节点|Execute node: 循环采集数据
2025-04-21 16:09:26.292969: Page:  42
2025-04-21 16:09:26.310324: 执行节点|Execute node: 点击下一章
2025-04-21 16:09:26.608913: 点击元素|Click element: //*[contains(@class, "nav-btn-group")]/a[3]
2025-04-21 16:09:31.057731: 执行节点|Execute node: 循环采集数据
2025-04-21 16:09:32.194085: Page:  43
2025-04-21 16:09:32.212142: 执行节点|Execute node: 点击下一章
2025-04-21 16:09:32.494371: 点击元素|Click element: //*[contains(@class, "nav-btn-group")]/a[3]
2025-04-21 16:09:36.673679: 执行节点|Execute node: 循环采集数据
2025-04-21 16:09:37.814373: Page:  44
2025-04-21 16:09:37.830285: 执行节点|Execute node: 点击下一章
2025-04-21 16:09:38.131373: 点击元素|Click element: //*[contains(@class, "nav-btn-group")]/a[3]
2025-04-21 16:09:41.491666: 执行节点|Execute node: 循环采集数据
2025-04-21 16:09:42.631622: Page:  45
2025-04-21 16:09:42.648990: 执行节点|Execute node: 点击下一章
2025-04-21 16:09:42.933157: 点击元素|Click element: //*[contains(@class, "nav-btn-group")]/a[3]
2025-04-21 16:09:47.398735: 执行节点|Execute node: 循环采集数据
2025-04-21 16:09:48.536677: Page:  46
2025-04-21 16:09:48.549896: 执行节点|Execute node: 点击下一章
2025-04-21 16:09:48.832356: 点击元素|Click element: //*[contains(@class, "nav-btn-group")]/a[3]
2025-04-21 16:09:52.321309: 执行节点|Execute node: 循环采集数据
2025-04-21 16:09:53.462613: Page:  47
2025-04-21 16:09:53.476738: 执行节点|Execute node: 点击下一章
2025-04-21 16:09:53.771714: 点击元素|Click element: //*[contains(@class, "nav-btn-group")]/a[3]
2025-04-21 16:09:57.406777: 执行节点|Execute node: 循环采集数据
2025-04-21 16:09:58.548616: Page:  48
2025-04-21 16:09:58.563115: 执行节点|Execute node: 点击下一章
2025-04-21 16:09:58.852684: 点击元素|Click element: //*[contains(@class, "nav-btn-group")]/a[3]
2025-04-21 16:10:03.374373: 执行节点|Execute node: 循环采集数据
2025-04-21 16:10:04.509855: Page:  49
2025-04-21 16:10:04.525933: 执行节点|Execute node: 点击下一章
2025-04-21 16:10:04.812776: 点击元素|Click element: //*[contains(@class, "nav-btn-group")]/a[3]
2025-04-21 16:10:08.524087: 执行节点|Execute node: 循环采集数据
2025-04-21 16:10:09.663362: Page:  50
2025-04-21 16:10:10.808445: 执行节点|Execute node: 点击排行榜中的小说
2025-04-21 16:10:11.098463: 点击元素|Click element: //*[@id="__layout"]/section/section/section/section[2]/div[2]/section/div[4]/a/div/img
2025-04-21 16:10:21.654783: 执行节点|Execute node: 点击立即阅读
2025-04-21 16:10:21.965758: 点击元素|Click element: //*[contains(@class, "book-info--btn-reading")]
2025-04-21 16:10:26.283530: 执行节点|Execute node: 提取书名和章节
2025-04-21 16:10:26.316475: 执行节点|Execute node: 循环采集数据
2025-04-21 16:10:27.456523: 执行节点|Execute node: 循环点击：下一章
2025-04-21 16:10:27.579748: 执行节点|Execute node: 点击下一章
2025-04-21 16:10:27.874084: 点击元素|Click element: //*[contains(@class, "nav-btn-group")]/a[3]
2025-04-21 16:10:32.143865: 执行节点|Execute node: 循环采集数据
2025-04-21 16:10:33.276721: Page:  1
2025-04-21 16:10:33.293099: 执行节点|Execute node: 点击下一章
2025-04-21 16:10:33.577426: 点击元素|Click element: //*[contains(@class, "nav-btn-group")]/a[3]
2025-04-21 16:10:37.317260: 执行节点|Execute node: 循环采集数据
2025-04-21 16:10:38.460581: Page:  2
2025-04-21 16:10:38.469716: 执行节点|Execute node: 点击下一章
2025-04-21 16:10:38.753222: 点击元素|Click element: //*[contains(@class, "nav-btn-group")]/a[3]
2025-04-21 16:10:42.011901: 执行节点|Execute node: 循环采集数据
2025-04-21 16:10:43.151378: Page:  3
2025-04-21 16:10:43.166812: 执行节点|Execute node: 点击下一章
2025-04-21 16:10:43.444735: 点击元素|Click element: //*[contains(@class, "nav-btn-group")]/a[3]
2025-04-21 16:10:47.604884: 执行节点|Execute node: 循环采集数据
2025-04-21 16:10:48.743718: Page:  4
2025-04-21 16:10:48.764490: 执行节点|Execute node: 点击下一章
2025-04-21 16:10:49.044204: 点击元素|Click element: //*[contains(@class, "nav-btn-group")]/a[3]
2025-04-21 16:10:52.983587: 执行节点|Execute node: 循环采集数据
2025-04-21 16:10:54.133473: Page:  5
2025-04-21 16:10:54.148319: 执行节点|Execute node: 点击下一章
2025-04-21 16:10:54.439068: 点击元素|Click element: //*[contains(@class, "nav-btn-group")]/a[3]
2025-04-21 16:10:57.834069: 执行节点|Execute node: 循环采集数据
2025-04-21 16:10:58.971243: Page:  6
2025-04-21 16:10:58.988254: 执行节点|Execute node: 点击下一章
2025-04-21 16:10:59.267501: 点击元素|Click element: //*[contains(@class, "nav-btn-group")]/a[3]
2025-04-21 16:11:02.513012: 执行节点|Execute node: 循环采集数据
2025-04-21 16:11:03.652666: Page:  7
2025-04-21 16:11:03.667453: 执行节点|Execute node: 点击下一章
2025-04-21 16:11:03.957534: 点击元素|Click element: //*[contains(@class, "nav-btn-group")]/a[3]
2025-04-21 16:11:07.363976: 执行节点|Execute node: 循环采集数据
2025-04-21 16:11:08.499113: Page:  8
2025-04-21 16:11:08.513805: 执行节点|Execute node: 点击下一章
2025-04-21 16:11:08.794253: 点击元素|Click element: //*[contains(@class, "nav-btn-group")]/a[3]
2025-04-21 16:11:12.119545: 执行节点|Execute node: 循环采集数据
2025-04-21 16:11:13.257751: Page:  9
2025-04-21 16:11:13.270013: 执行节点|Execute node: 点击下一章
2025-04-21 16:11:13.556780: 点击元素|Click element: //*[contains(@class, "nav-btn-group")]/a[3]
2025-04-21 16:11:17.616160: 执行节点|Execute node: 循环采集数据
2025-04-21 16:11:18.756903: Page:  10
2025-04-21 16:11:18.772474: 执行节点|Execute node: 点击下一章
2025-04-21 16:11:19.058921: 点击元素|Click element: //*[contains(@class, "nav-btn-group")]/a[3]
2025-04-21 16:11:22.918411: 执行节点|Execute node: 循环采集数据
2025-04-21 16:11:24.050868: Page:  11
2025-04-21 16:11:24.064257: 执行节点|Execute node: 点击下一章
2025-04-21 16:11:24.345418: 点击元素|Click element: //*[contains(@class, "nav-btn-group")]/a[3]
2025-04-21 16:11:28.826028: 执行节点|Execute node: 循环采集数据
2025-04-21 16:11:29.971705: Page:  12
2025-04-21 16:11:29.987591: 执行节点|Execute node: 点击下一章
2025-04-21 16:11:30.273872: 点击元素|Click element: //*[contains(@class, "nav-btn-group")]/a[3]
2025-04-21 16:11:33.667254: 执行节点|Execute node: 循环采集数据
2025-04-21 16:11:34.803731: Page:  13
2025-04-21 16:11:34.818431: 执行节点|Execute node: 点击下一章
2025-04-21 16:11:35.113022: 点击元素|Click element: //*[contains(@class, "nav-btn-group")]/a[3]
2025-04-21 16:11:39.091283: 执行节点|Execute node: 循环采集数据
2025-04-21 16:11:40.231085: Page:  14
2025-04-21 16:11:40.246864: 执行节点|Execute node: 点击下一章
2025-04-21 16:11:40.534010: 点击元素|Click element: //*[contains(@class, "nav-btn-group")]/a[3]
2025-04-21 16:11:44.309222: 执行节点|Execute node: 循环采集数据
2025-04-21 16:11:45.452986: Page:  15
2025-04-21 16:11:45.469085: 执行节点|Execute node: 点击下一章
2025-04-21 16:11:45.754578: 点击元素|Click element: //*[contains(@class, "nav-btn-group")]/a[3]
2025-04-21 16:11:48.894035: 执行节点|Execute node: 循环采集数据
2025-04-21 16:11:50.029215: Page:  16
2025-04-21 16:11:50.045211: 执行节点|Execute node: 点击下一章
2025-04-21 16:11:50.326104: 点击元素|Click element: //*[contains(@class, "nav-btn-group")]/a[3]
2025-04-21 16:11:56.141451: 执行节点|Execute node: 循环采集数据
2025-04-21 16:11:57.283852: Page:  17
2025-04-21 16:11:57.299475: 执行节点|Execute node: 点击下一章
2025-04-21 16:11:57.586403: 点击元素|Click element: //*[contains(@class, "nav-btn-group")]/a[3]
2025-04-21 16:12:01.548126: 执行节点|Execute node: 循环采集数据
2025-04-21 16:12:02.681764: Page:  18
2025-04-21 16:12:02.698173: 执行节点|Execute node: 点击下一章
2025-04-21 16:12:02.982953: 点击元素|Click element: //*[contains(@class, "nav-btn-group")]/a[3]
2025-04-21 16:12:06.116611: 执行节点|Execute node: 循环采集数据
2025-04-21 16:12:07.252255: Page:  19
2025-04-21 16:12:07.265219: 执行节点|Execute node: 点击下一章
2025-04-21 16:12:07.559801: 点击元素|Click element: //*[contains(@class, "nav-btn-group")]/a[3]
2025-04-21 16:12:11.243583: 执行节点|Execute node: 循环采集数据
2025-04-21 16:12:12.377995: Page:  20
2025-04-21 16:12:12.392652: 执行节点|Execute node: 点击下一章
2025-04-21 16:12:12.685512: 点击元素|Click element: //*[contains(@class, "nav-btn-group")]/a[3]
2025-04-21 16:12:16.367986: 执行节点|Execute node: 循环采集数据
2025-04-21 16:12:17.506512: Page:  21
2025-04-21 16:12:17.521951: 执行节点|Execute node: 点击下一章
2025-04-21 16:12:17.813184: 点击元素|Click element: //*[contains(@class, "nav-btn-group")]/a[3]
2025-04-21 16:12:21.752711: 执行节点|Execute node: 循环采集数据
2025-04-21 16:12:22.892913: Page:  22
2025-04-21 16:12:22.911181: 执行节点|Execute node: 点击下一章
2025-04-21 16:12:23.200199: 点击元素|Click element: //*[contains(@class, "nav-btn-group")]/a[3]
2025-04-21 16:12:27.114078: 执行节点|Execute node: 循环采集数据
2025-04-21 16:12:28.251860: Page:  23
2025-04-21 16:12:28.266592: 执行节点|Execute node: 点击下一章
2025-04-21 16:12:28.557196: 点击元素|Click element: //*[contains(@class, "nav-btn-group")]/a[3]
2025-04-21 16:12:31.882868: 执行节点|Execute node: 循环采集数据
2025-04-21 16:12:33.021765: Page:  24
2025-04-21 16:12:33.037814: 执行节点|Execute node: 点击下一章
2025-04-21 16:12:33.330076: 点击元素|Click element: //*[contains(@class, "nav-btn-group")]/a[3]
2025-04-21 16:12:37.039304: 执行节点|Execute node: 循环采集数据
2025-04-21 16:12:38.179384: Page:  25
2025-04-21 16:12:38.198210: 执行节点|Execute node: 点击下一章
2025-04-21 16:12:38.497210: 点击元素|Click element: //*[contains(@class, "nav-btn-group")]/a[3]
2025-04-21 16:12:42.441015: 执行节点|Execute node: 循环采集数据
2025-04-21 16:12:43.580967: Page:  26
2025-04-21 16:12:43.594723: 执行节点|Execute node: 点击下一章
2025-04-21 16:12:43.888799: 点击元素|Click element: //*[contains(@class, "nav-btn-group")]/a[3]
2025-04-21 16:12:47.149282: 执行节点|Execute node: 循环采集数据
2025-04-21 16:12:48.283348: Page:  27
2025-04-21 16:12:48.299848: 执行节点|Execute node: 点击下一章
2025-04-21 16:12:48.583074: 点击元素|Click element: //*[contains(@class, "nav-btn-group")]/a[3]
2025-04-21 16:12:52.302719: 执行节点|Execute node: 循环采集数据
2025-04-21 16:12:53.436404: Page:  28
2025-04-21 16:12:53.454237: 执行节点|Execute node: 点击下一章
2025-04-21 16:12:53.751912: 点击元素|Click element: //*[contains(@class, "nav-btn-group")]/a[3]
2025-04-21 16:12:57.515198: 执行节点|Execute node: 循环采集数据
2025-04-21 16:12:58.654267: Page:  29
2025-04-21 16:12:58.663238: 执行节点|Execute node: 点击下一章
2025-04-21 16:12:58.949625: 点击元素|Click element: //*[contains(@class, "nav-btn-group")]/a[3]
2025-04-21 16:13:03.216065: 执行节点|Execute node: 循环采集数据
2025-04-21 16:13:04.352515: Page:  30
2025-04-21 16:13:04.366643: 执行节点|Execute node: 点击下一章
2025-04-21 16:13:04.654415: 点击元素|Click element: //*[contains(@class, "nav-btn-group")]/a[3]
2025-04-21 16:13:08.465311: 执行节点|Execute node: 循环采集数据
2025-04-21 16:13:09.605538: Page:  31
2025-04-21 16:13:09.614738: 执行节点|Execute node: 点击下一章
2025-04-21 16:13:09.908922: 点击元素|Click element: //*[contains(@class, "nav-btn-group")]/a[3]
2025-04-21 16:13:13.998134: 执行节点|Execute node: 循环采集数据
2025-04-21 16:13:15.134336: Page:  32
2025-04-21 16:13:15.155157: 执行节点|Execute node: 点击下一章
2025-04-21 16:13:15.445056: 点击元素|Click element: //*[contains(@class, "nav-btn-group")]/a[3]
2025-04-21 16:13:19.510406: 执行节点|Execute node: 循环采集数据
2025-04-21 16:13:20.649861: Page:  33
2025-04-21 16:13:20.662987: 执行节点|Execute node: 点击下一章
2025-04-21 16:13:20.944476: 点击元素|Click element: //*[contains(@class, "nav-btn-group")]/a[3]
2025-04-21 16:13:24.762078: 执行节点|Execute node: 循环采集数据
2025-04-21 16:13:25.899772: Page:  34
2025-04-21 16:13:25.909780: 执行节点|Execute node: 点击下一章
2025-04-21 16:13:26.205074: 点击元素|Click element: //*[contains(@class, "nav-btn-group")]/a[3]
2025-04-21 16:13:29.736903: 执行节点|Execute node: 循环采集数据
2025-04-21 16:13:30.875050: Page:  35
2025-04-21 16:13:30.886231: 执行节点|Execute node: 点击下一章
2025-04-21 16:13:31.177081: 点击元素|Click element: //*[contains(@class, "nav-btn-group")]/a[3]
2025-04-21 16:13:35.366036: 执行节点|Execute node: 循环采集数据
2025-04-21 16:13:36.499502: Page:  36
2025-04-21 16:13:36.511064: 执行节点|Execute node: 点击下一章
2025-04-21 16:13:36.790533: 点击元素|Click element: //*[contains(@class, "nav-btn-group")]/a[3]
2025-04-21 16:13:41.137763: 执行节点|Execute node: 循环采集数据
2025-04-21 16:13:42.282409: Page:  37
2025-04-21 16:13:42.296091: 执行节点|Execute node: 点击下一章
2025-04-21 16:13:42.591892: 点击元素|Click element: //*[contains(@class, "nav-btn-group")]/a[3]
2025-04-21 16:13:46.119794: 执行节点|Execute node: 循环采集数据
2025-04-21 16:13:47.252868: Page:  38
2025-04-21 16:13:47.268201: 执行节点|Execute node: 点击下一章
2025-04-21 16:13:47.557214: 点击元素|Click element: //*[contains(@class, "nav-btn-group")]/a[3]
2025-04-21 16:13:51.570005: 执行节点|Execute node: 循环采集数据
2025-04-21 16:13:52.703977: Page:  39
2025-04-21 16:13:52.719785: 执行节点|Execute node: 点击下一章
2025-04-21 16:13:52.997795: 点击元素|Click element: //*[contains(@class, "nav-btn-group")]/a[3]
2025-04-21 16:13:56.556128: 执行节点|Execute node: 循环采集数据
2025-04-21 16:13:57.687656: Page:  40
2025-04-21 16:13:57.705063: 执行节点|Execute node: 点击下一章
2025-04-21 16:13:58.002781: 点击元素|Click element: //*[contains(@class, "nav-btn-group")]/a[3]
2025-04-21 16:14:01.467273: 执行节点|Execute node: 循环采集数据
2025-04-21 16:14:02.603771: Page:  41
2025-04-21 16:14:02.618015: 执行节点|Execute node: 点击下一章
2025-04-21 16:14:02.913501: 点击元素|Click element: //*[contains(@class, "nav-btn-group")]/a[3]
2025-04-21 16:14:06.101761: 执行节点|Execute node: 循环采集数据
2025-04-21 16:14:07.242834: Page:  42
2025-04-21 16:14:07.259039: 执行节点|Execute node: 点击下一章
2025-04-21 16:14:07.545964: 点击元素|Click element: //*[contains(@class, "nav-btn-group")]/a[3]
2025-04-21 16:14:11.088546: 执行节点|Execute node: 循环采集数据
2025-04-21 16:14:12.221457: Page:  43
2025-04-21 16:14:12.238148: 执行节点|Execute node: 点击下一章
2025-04-21 16:14:12.533456: 点击元素|Click element: //*[contains(@class, "nav-btn-group")]/a[3]
2025-04-21 16:14:16.047806: 执行节点|Execute node: 循环采集数据
2025-04-21 16:14:17.190032: Page:  44
2025-04-21 16:14:17.210313: 执行节点|Execute node: 点击下一章
2025-04-21 16:14:17.496123: 点击元素|Click element: //*[contains(@class, "nav-btn-group")]/a[3]
2025-04-21 16:14:21.592964: 执行节点|Execute node: 循环采集数据
2025-04-21 16:14:22.734985: Page:  45
2025-04-21 16:14:22.750191: 执行节点|Execute node: 点击下一章
2025-04-21 16:14:23.033845: 点击元素|Click element: //*[contains(@class, "nav-btn-group")]/a[3]
2025-04-21 16:14:27.417899: 执行节点|Execute node: 循环采集数据
2025-04-21 16:14:28.558974: Page:  46
2025-04-21 16:14:28.571391: 执行节点|Execute node: 点击下一章
2025-04-21 16:14:28.851245: 点击元素|Click element: //*[contains(@class, "nav-btn-group")]/a[3]
2025-04-21 16:14:33.190299: 执行节点|Execute node: 循环采集数据
2025-04-21 16:14:34.323970: Page:  47
2025-04-21 16:14:34.341900: 执行节点|Execute node: 点击下一章
2025-04-21 16:14:34.635811: 点击元素|Click element: //*[contains(@class, "nav-btn-group")]/a[3]
2025-04-21 16:14:39.778375: 执行节点|Execute node: 循环采集数据
2025-04-21 16:14:40.920049: Page:  48
2025-04-21 16:14:40.936243: 执行节点|Execute node: 点击下一章
2025-04-21 16:14:41.218961: 点击元素|Click element: //*[contains(@class, "nav-btn-group")]/a[3]
2025-04-21 16:14:47.342388: 执行节点|Execute node: 循环采集数据
2025-04-21 16:14:48.478179: Page:  49
2025-04-21 16:14:48.491522: 执行节点|Execute node: 点击下一章
2025-04-21 16:14:48.787171: 点击元素|Click element: //*[contains(@class, "nav-btn-group")]/a[3]
2025-04-21 16:14:52.309350: 执行节点|Execute node: 循环采集数据
2025-04-21 16:14:53.445642: Page:  50
2025-04-21 16:14:54.591951: 执行节点|Execute node: 点击排行榜中的小说
2025-04-21 16:14:54.886989: 点击元素|Click element: //*[@id="__layout"]/section/section/section/section[2]/div[2]/section/div[5]/a/div/img
2025-04-21 16:15:05.763101: 执行节点|Execute node: 点击立即阅读
2025-04-21 16:15:06.096285: 点击元素|Click element: //*[contains(@class, "book-info--btn-reading")]
2025-04-21 16:15:10.804684: 执行节点|Execute node: 提取书名和章节
2025-04-21 16:15:10.850620: 执行节点|Execute node: 循环采集数据
2025-04-21 16:15:11.997965: 执行节点|Execute node: 循环点击：下一章
2025-04-21 16:15:12.119499: 执行节点|Execute node: 点击下一章
2025-04-21 16:15:12.425144: 点击元素|Click element: //*[contains(@class, "nav-btn-group")]/a[3]
2025-04-21 16:15:15.842775: 执行节点|Execute node: 循环采集数据
2025-04-21 16:15:16.986935: Page:  1
2025-04-21 16:15:16.998027: 执行节点|Execute node: 点击下一章
2025-04-21 16:15:17.270727: 点击元素|Click element: //*[contains(@class, "nav-btn-group")]/a[3]
2025-04-21 16:15:23.034429: 执行节点|Execute node: 循环采集数据
2025-04-21 16:15:24.213985: Page:  2
2025-04-21 16:15:24.232964: 执行节点|Execute node: 点击下一章
2025-04-21 16:15:24.514593: 点击元素|Click element: //*[contains(@class, "nav-btn-group")]/a[3]
2025-04-21 16:15:28.730446: 执行节点|Execute node: 循环采集数据
2025-04-21 16:15:29.862411: Page:  3
2025-04-21 16:15:29.875683: 执行节点|Execute node: 点击下一章
2025-04-21 16:15:30.169037: 点击元素|Click element: //*[contains(@class, "nav-btn-group")]/a[3]
2025-04-21 16:15:34.031504: 执行节点|Execute node: 循环采集数据
2025-04-21 16:15:35.169131: Page:  4
2025-04-21 16:15:35.187362: 执行节点|Execute node: 点击下一章
2025-04-21 16:15:35.481579: 点击元素|Click element: //*[contains(@class, "nav-btn-group")]/a[3]
2025-04-21 16:15:39.404171: 执行节点|Execute node: 循环采集数据
2025-04-21 16:15:40.536009: Page:  5
2025-04-21 16:15:40.552997: 执行节点|Execute node: 点击下一章
2025-04-21 16:15:40.848651: 点击元素|Click element: //*[contains(@class, "nav-btn-group")]/a[3]
2025-04-21 16:15:44.320664: 执行节点|Execute node: 循环采集数据
2025-04-21 16:15:45.457514: Page:  6
2025-04-21 16:15:45.471439: 执行节点|Execute node: 点击下一章
2025-04-21 16:15:45.749772: 点击元素|Click element: //*[contains(@class, "nav-btn-group")]/a[3]
2025-04-21 16:15:49.528208: 执行节点|Execute node: 循环采集数据
2025-04-21 16:15:50.660093: Page:  7
2025-04-21 16:15:50.677728: 执行节点|Execute node: 点击下一章
2025-04-21 16:15:50.966782: 点击元素|Click element: //*[contains(@class, "nav-btn-group")]/a[3]
2025-04-21 16:15:54.615883: 执行节点|Execute node: 循环采集数据
2025-04-21 16:15:55.759955: Page:  8
2025-04-21 16:15:55.774058: 执行节点|Execute node: 点击下一章
2025-04-21 16:15:56.063878: 点击元素|Click element: //*[contains(@class, "nav-btn-group")]/a[3]
2025-04-21 16:16:00.157332: 执行节点|Execute node: 循环采集数据
2025-04-21 16:16:01.294090: Page:  9
2025-04-21 16:16:01.310436: 执行节点|Execute node: 点击下一章
2025-04-21 16:16:01.603187: 点击元素|Click element: //*[contains(@class, "nav-btn-group")]/a[3]
2025-04-21 16:16:05.586592: 执行节点|Execute node: 循环采集数据
2025-04-21 16:16:06.716147: Page:  10
2025-04-21 16:16:06.724013: 执行节点|Execute node: 点击下一章
2025-04-21 16:16:07.003588: 点击元素|Click element: //*[contains(@class, "nav-btn-group")]/a[3]
2025-04-21 16:16:10.213024: 执行节点|Execute node: 循环采集数据
2025-04-21 16:16:11.346797: Page:  11
2025-04-21 16:16:11.359655: 执行节点|Execute node: 点击下一章
2025-04-21 16:16:11.648316: 点击元素|Click element: //*[contains(@class, "nav-btn-group")]/a[3]
2025-04-21 16:16:15.806919: 执行节点|Execute node: 循环采集数据
2025-04-21 16:16:16.946530: Page:  12
2025-04-21 16:16:16.961569: 执行节点|Execute node: 点击下一章
2025-04-21 16:16:17.272633: 点击元素|Click element: //*[contains(@class, "nav-btn-group")]/a[3]
2025-04-21 16:16:21.557389: 执行节点|Execute node: 循环采集数据
2025-04-21 16:16:22.690520: Page:  13
2025-04-21 16:16:22.706172: 执行节点|Execute node: 点击下一章
2025-04-21 16:16:22.996546: 点击元素|Click element: //*[contains(@class, "nav-btn-group")]/a[3]
2025-04-21 16:16:26.732789: 执行节点|Execute node: 循环采集数据
2025-04-21 16:16:27.862089: Page:  14
2025-04-21 16:16:27.875111: 执行节点|Execute node: 点击下一章
2025-04-21 16:16:28.170838: 点击元素|Click element: //*[contains(@class, "nav-btn-group")]/a[3]
2025-04-21 16:16:31.962176: 执行节点|Execute node: 循环采集数据
2025-04-21 16:16:33.097674: Page:  15
2025-04-21 16:16:33.110814: 执行节点|Execute node: 点击下一章
2025-04-21 16:16:33.405301: 点击元素|Click element: //*[contains(@class, "nav-btn-group")]/a[3]
2025-04-21 16:16:37.538445: 执行节点|Execute node: 循环采集数据
2025-04-21 16:16:38.675344: Page:  16
2025-04-21 16:16:38.685749: 执行节点|Execute node: 点击下一章
2025-04-21 16:16:38.986604: 点击元素|Click element: //*[contains(@class, "nav-btn-group")]/a[3]
2025-04-21 16:16:42.370077: 执行节点|Execute node: 循环采集数据
2025-04-21 16:16:43.503292: Page:  17
2025-04-21 16:16:43.515252: 执行节点|Execute node: 点击下一章
2025-04-21 16:16:43.801010: 点击元素|Click element: //*[contains(@class, "nav-btn-group")]/a[3]
2025-04-21 16:16:48.200054: 执行节点|Execute node: 循环采集数据
2025-04-21 16:16:49.354631: Page:  18
2025-04-21 16:16:49.371526: 执行节点|Execute node: 点击下一章
2025-04-21 16:16:49.673504: 点击元素|Click element: //*[contains(@class, "nav-btn-group")]/a[3]
2025-04-21 16:16:53.892372: 执行节点|Execute node: 循环采集数据
2025-04-21 16:16:55.026967: Page:  19
2025-04-21 16:16:55.045892: 执行节点|Execute node: 点击下一章
2025-04-21 16:16:55.343940: 点击元素|Click element: //*[contains(@class, "nav-btn-group")]/a[3]
2025-04-21 16:16:58.841235: 执行节点|Execute node: 循环采集数据
2025-04-21 16:16:59.975325: Page:  20
2025-04-21 16:16:59.990826: 执行节点|Execute node: 点击下一章
2025-04-21 16:17:00.270162: 点击元素|Click element: //*[contains(@class, "nav-btn-group")]/a[3]
2025-04-21 16:17:05.805169: 执行节点|Execute node: 循环采集数据
2025-04-21 16:17:06.935823: Page:  21
2025-04-21 16:17:06.947899: 执行节点|Execute node: 点击下一章
2025-04-21 16:17:07.233225: 点击元素|Click element: //*[contains(@class, "nav-btn-group")]/a[3]
2025-04-21 16:17:11.166557: 执行节点|Execute node: 循环采集数据
2025-04-21 16:17:12.302978: Page:  22
2025-04-21 16:17:12.320069: 执行节点|Execute node: 点击下一章
2025-04-21 16:17:12.602498: 点击元素|Click element: //*[contains(@class, "nav-btn-group")]/a[3]
2025-04-21 16:17:15.929028: 执行节点|Execute node: 循环采集数据
2025-04-21 16:17:17.064755: Page:  23
2025-04-21 16:17:17.086964: 执行节点|Execute node: 点击下一章
2025-04-21 16:17:17.378195: 点击元素|Click element: //*[contains(@class, "nav-btn-group")]/a[3]
2025-04-21 16:17:20.973084: 执行节点|Execute node: 循环采集数据
2025-04-21 16:17:22.110122: Page:  24
2025-04-21 16:17:22.133023: 执行节点|Execute node: 点击下一章
2025-04-21 16:17:22.427813: 点击元素|Click element: //*[contains(@class, "nav-btn-group")]/a[3]
2025-04-21 16:17:25.788409: 执行节点|Execute node: 循环采集数据
2025-04-21 16:17:26.924314: Page:  25
2025-04-21 16:17:26.947691: 执行节点|Execute node: 点击下一章
2025-04-21 16:17:27.237469: 点击元素|Click element: //*[contains(@class, "nav-btn-group")]/a[3]
2025-04-21 16:17:31.209731: 执行节点|Execute node: 循环采集数据
2025-04-21 16:17:32.342618: Page:  26
2025-04-21 16:17:32.360609: 执行节点|Execute node: 点击下一章
2025-04-21 16:17:32.648137: 点击元素|Click element: //*[contains(@class, "nav-btn-group")]/a[3]
2025-04-21 16:17:36.268548: 执行节点|Execute node: 循环采集数据
2025-04-21 16:17:37.415170: Page:  27
2025-04-21 16:17:37.433912: 执行节点|Execute node: 点击下一章
2025-04-21 16:17:37.729759: 点击元素|Click element: //*[contains(@class, "nav-btn-group")]/a[3]
2025-04-21 16:17:41.620049: 执行节点|Execute node: 循环采集数据
2025-04-21 16:17:42.748439: Page:  28
2025-04-21 16:17:42.763211: 执行节点|Execute node: 点击下一章
2025-04-21 16:17:43.058927: 点击元素|Click element: //*[contains(@class, "nav-btn-group")]/a[3]
2025-04-21 16:17:46.954900: 执行节点|Execute node: 循环采集数据
2025-04-21 16:17:48.088501: Page:  29
2025-04-21 16:17:48.105784: 执行节点|Execute node: 点击下一章
2025-04-21 16:17:48.408973: 点击元素|Click element: //*[contains(@class, "nav-btn-group")]/a[3]
2025-04-21 16:17:52.898281: 执行节点|Execute node: 循环采集数据
2025-04-21 16:17:54.038522: Page:  30
2025-04-21 16:17:54.048489: 执行节点|Execute node: 点击下一章
2025-04-21 16:17:54.351688: 点击元素|Click element: //*[contains(@class, "nav-btn-group")]/a[3]
2025-04-21 16:17:59.718725: 执行节点|Execute node: 循环采集数据
2025-04-21 16:18:00.902852: Page:  31
2025-04-21 16:18:00.920387: 执行节点|Execute node: 点击下一章
2025-04-21 16:18:01.209192: 点击元素|Click element: //*[contains(@class, "nav-btn-group")]/a[3]
2025-04-21 16:18:04.803839: 执行节点|Execute node: 循环采集数据
2025-04-21 16:18:05.973060: Page:  32
2025-04-21 16:18:05.990447: 执行节点|Execute node: 点击下一章
2025-04-21 16:18:06.285489: 点击元素|Click element: //*[contains(@class, "nav-btn-group")]/a[3]
2025-04-21 16:18:09.593867: 执行节点|Execute node: 循环采集数据
2025-04-21 16:18:10.725474: Page:  33
2025-04-21 16:18:10.737391: 执行节点|Execute node: 点击下一章
2025-04-21 16:18:11.043853: 点击元素|Click element: //*[contains(@class, "nav-btn-group")]/a[3]
2025-04-21 16:18:15.364294: 执行节点|Execute node: 循环采集数据
2025-04-21 16:18:16.498855: Page:  34
2025-04-21 16:18:16.518167: 执行节点|Execute node: 点击下一章
2025-04-21 16:18:16.814492: 点击元素|Click element: //*[contains(@class, "nav-btn-group")]/a[3]
2025-04-21 16:18:20.573407: 执行节点|Execute node: 循环采集数据
2025-04-21 16:18:21.710479: Page:  35
2025-04-21 16:18:21.731861: 执行节点|Execute node: 点击下一章
2025-04-21 16:18:22.027192: 点击元素|Click element: //*[contains(@class, "nav-btn-group")]/a[3]
2025-04-21 16:18:26.092043: 执行节点|Execute node: 循环采集数据
2025-04-21 16:18:27.225502: Page:  36
2025-04-21 16:18:27.245619: 执行节点|Execute node: 点击下一章
2025-04-21 16:18:27.534484: 点击元素|Click element: //*[contains(@class, "nav-btn-group")]/a[3]
2025-04-21 16:18:31.459284: 执行节点|Execute node: 循环采集数据
2025-04-21 16:18:32.595835: Page:  37
2025-04-21 16:18:32.614319: 执行节点|Execute node: 点击下一章
2025-04-21 16:18:32.908874: 点击元素|Click element: //*[contains(@class, "nav-btn-group")]/a[3]
2025-04-21 16:18:37.141211: 执行节点|Execute node: 循环采集数据
2025-04-21 16:18:38.313197: Page:  38
2025-04-21 16:18:38.335595: 执行节点|Execute node: 点击下一章
2025-04-21 16:18:38.629552: 点击元素|Click element: //*[contains(@class, "nav-btn-group")]/a[3]
2025-04-21 16:18:42.082667: 执行节点|Execute node: 循环采集数据
2025-04-21 16:18:43.221666: Page:  39
2025-04-21 16:18:43.255945: 执行节点|Execute node: 点击下一章
2025-04-21 16:18:43.568437: 点击元素|Click element: //*[contains(@class, "nav-btn-group")]/a[3]
2025-04-21 16:18:47.307181: 执行节点|Execute node: 循环采集数据
2025-04-21 16:18:48.446804: Page:  40
2025-04-21 16:18:48.469372: 执行节点|Execute node: 点击下一章
2025-04-21 16:18:48.754442: 点击元素|Click element: //*[contains(@class, "nav-btn-group")]/a[3]
2025-04-21 16:18:52.344682: 执行节点|Execute node: 循环采集数据
2025-04-21 16:18:53.481429: Page:  41
2025-04-21 16:18:53.499751: 执行节点|Execute node: 点击下一章
2025-04-21 16:18:53.782779: 点击元素|Click element: //*[contains(@class, "nav-btn-group")]/a[3]
2025-04-21 16:18:57.345842: 执行节点|Execute node: 循环采集数据
2025-04-21 16:18:58.485304: Page:  42
2025-04-21 16:18:58.499926: 执行节点|Execute node: 点击下一章
2025-04-21 16:18:58.800223: 点击元素|Click element: //*[contains(@class, "nav-btn-group")]/a[3]
2025-04-21 16:19:02.943827: 执行节点|Execute node: 循环采集数据
2025-04-21 16:19:04.082854: Page:  43
2025-04-21 16:19:04.101418: 执行节点|Execute node: 点击下一章
2025-04-21 16:19:04.388091: 点击元素|Click element: //*[contains(@class, "nav-btn-group")]/a[3]
2025-04-21 16:19:07.935245: 执行节点|Execute node: 循环采集数据
2025-04-21 16:19:09.070399: Page:  44
2025-04-21 16:19:09.089338: 执行节点|Execute node: 点击下一章
2025-04-21 16:19:09.390125: 点击元素|Click element: //*[contains(@class, "nav-btn-group")]/a[3]
2025-04-21 16:19:13.254508: 执行节点|Execute node: 循环采集数据
2025-04-21 16:19:14.386734: Page:  45
2025-04-21 16:19:14.404976: 执行节点|Execute node: 点击下一章
2025-04-21 16:19:14.697922: 点击元素|Click element: //*[contains(@class, "nav-btn-group")]/a[3]
2025-04-21 16:19:18.364273: 执行节点|Execute node: 循环采集数据
2025-04-21 16:19:19.497751: Page:  46
2025-04-21 16:19:19.515941: 执行节点|Execute node: 点击下一章
2025-04-21 16:19:19.810308: 点击元素|Click element: //*[contains(@class, "nav-btn-group")]/a[3]
2025-04-21 16:19:23.400403: 执行节点|Execute node: 循环采集数据
2025-04-21 16:19:24.537640: Page:  47
2025-04-21 16:19:24.554074: 执行节点|Execute node: 点击下一章
2025-04-21 16:19:24.850930: 点击元素|Click element: //*[contains(@class, "nav-btn-group")]/a[3]
2025-04-21 16:19:28.674811: 执行节点|Execute node: 循环采集数据
2025-04-21 16:19:29.807350: Page:  48
2025-04-21 16:19:29.821516: 执行节点|Execute node: 点击下一章
2025-04-21 16:19:30.104583: 点击元素|Click element: //*[contains(@class, "nav-btn-group")]/a[3]
2025-04-21 16:19:34.414448: 执行节点|Execute node: 循环采集数据
2025-04-21 16:19:35.556617: Page:  49
2025-04-21 16:19:35.572079: 执行节点|Execute node: 点击下一章
2025-04-21 16:19:35.875392: 点击元素|Click element: //*[contains(@class, "nav-btn-group")]/a[3]
2025-04-21 16:19:39.547535: 执行节点|Execute node: 循环采集数据
2025-04-21 16:19:40.678030: Page:  50
2025-04-21 16:19:42.820793: Done!
2025-04-21 16:19:42.820793: 执行完成！
