2025-04-22 10:07:19.907258: 任务ID 8 的保存文件名为: 小说
2025-04-22 10:07:19.907258: Save Name for task ID 8 is: 小说
2025-04-22 10:07:19.909252: 此模式下，任务ID 8 将从头F开始执行，如果需要从上次退出的步骤开始执行，请在保存任务时设置是否从上次保存位置开始执行为“是”。
2025-04-22 10:07:19.909252: In this mode, task ID 8 will start from the beginning, if you want to start from the last step, please set the option 'start from the last step' to 'yes' when saving the task.
2025-04-22 10:07:19.933861: Loading stealth.min.js
2025-04-22 10:07:19.954896: 新建模式|Create Mode
2025-04-22 10:07:19.954896: 循环操作<循环采集数据>可以快速提取数据
2025-04-22 10:07:19.954896: Loop operation <循环采集数据> can extract data quickly
2025-04-22 10:07:19.954896: 循环操作<循环采集数据>可以快速提取数据
2025-04-22 10:07:19.954896: Loop operation <循环采集数据> can extract data quickly
2025-04-22 10:07:19.954896: 循环操作<循环采集数据>可以快速提取数据
2025-04-22 10:07:19.954896: Loop operation <循环采集数据> can extract data quickly
2025-04-22 10:07:19.954896: 循环操作<循环采集数据>可以快速提取数据
2025-04-22 10:07:19.954896: Loop operation <循环采集数据> can extract data quickly
2025-04-22 10:07:19.954896: 循环操作<循环采集数据>可以快速提取数据
2025-04-22 10:07:19.954896: Loop operation <循环采集数据> can extract data quickly
2025-04-22 10:07:19.954896: 预处理完成|Preprocess completed
2025-04-22 10:07:19.958887: 正在执行第 1 / 1 个链接
2025-04-22 10:07:19.958887: Executing link 1 / 1
2025-04-22 10:07:19.958887: 执行节点|Execute node: root
2025-04-22 10:07:19.958887: 执行节点|Execute node: 打开网页
2025-04-22 10:07:30.983821: Time out after set seconds when loading page: https://www.zongheng.com/
2025-04-22 10:07:32.008049: 执行节点|Execute node: 点击排行榜
2025-04-22 10:07:32.299413: 点击元素|Click element: //*[contains(@class, "home-tap-link__left")]/a[2]
2025-04-22 10:07:40.103449: 执行节点|Execute node: 点击月票榜
2025-04-22 10:07:40.401310: 点击元素|Click element: //*[contains(@class, "rank-nav--list")]/div[1]/a[1]
2025-04-22 10:07:53.453181: 执行节点|Execute node: 循环 - 固定元素列表
2025-04-22 10:07:53.577273: 执行节点|Execute node: 点击排行榜中的小说
2025-04-22 10:07:53.873634: 点击元素|Click element: //*[@id="__layout"]/section/section/section/section[2]/div[2]/section/div[1]/a/div/img
2025-04-22 10:08:01.126628: 执行节点|Execute node: 点击立即阅读
2025-04-22 10:08:01.444334: 点击元素|Click element: //*[contains(@class, "book-info--btn-reading")]
2025-04-22 10:08:07.288495: 执行节点|Execute node: 提取书名和章节
2025-04-22 10:08:07.321726: 执行节点|Execute node: 循环采集数据
2025-04-22 10:08:08.494273: 执行节点|Execute node: 循环点击：下一章
2025-04-22 10:08:08.620841: 执行节点|Execute node: 点击下一章
2025-04-22 10:08:08.909294: 点击元素|Click element: //*[contains(@class, "nav-btn-group")]/a[3]
2025-04-22 10:08:13.023831: 执行节点|Execute node: 提取数据
2025-04-22 10:08:13.065961: 执行节点|Execute node: 循环采集数据
2025-04-22 10:08:14.231015: Page:  1
2025-04-22 10:08:14.244738: 执行节点|Execute node: 点击下一章
2025-04-22 10:08:14.541361: 点击元素|Click element: //*[contains(@class, "nav-btn-group")]/a[3]
2025-04-22 10:08:18.637728: 执行节点|Execute node: 提取数据
2025-04-22 10:08:18.677594: 执行节点|Execute node: 循环采集数据
2025-04-22 10:08:19.848073: Page:  2
2025-04-22 10:08:19.860450: 执行节点|Execute node: 点击下一章
2025-04-22 10:08:20.147719: 点击元素|Click element: //*[contains(@class, "nav-btn-group")]/a[3]
2025-04-22 10:08:23.719423: 执行节点|Execute node: 提取数据
2025-04-22 10:08:23.752792: 执行节点|Execute node: 循环采集数据
2025-04-22 10:08:24.914441: Page:  3
2025-04-22 10:08:24.924446: 执行节点|Execute node: 点击下一章
2025-04-22 10:08:25.219260: 点击元素|Click element: //*[contains(@class, "nav-btn-group")]/a[3]
2025-04-22 10:08:29.279954: 执行节点|Execute node: 提取数据
2025-04-22 10:08:29.310792: 执行节点|Execute node: 循环采集数据
2025-04-22 10:08:30.465278: Page:  4
2025-04-22 10:08:30.481441: 执行节点|Execute node: 点击下一章
2025-04-22 10:08:30.766172: 点击元素|Click element: //*[contains(@class, "nav-btn-group")]/a[3]
2025-04-22 10:08:34.462167: 执行节点|Execute node: 提取数据
2025-04-22 10:08:34.497512: 执行节点|Execute node: 循环采集数据
2025-04-22 10:08:35.665760: Page:  5
2025-04-22 10:08:35.681717: 执行节点|Execute node: 点击下一章
2025-04-22 10:08:35.966762: 点击元素|Click element: //*[contains(@class, "nav-btn-group")]/a[3]
2025-04-22 10:08:39.228295: 执行节点|Execute node: 提取数据
2025-04-22 10:08:39.264667: 执行节点|Execute node: 循环采集数据
2025-04-22 10:08:40.431096: Page:  6
2025-04-22 10:08:40.445038: 执行节点|Execute node: 点击下一章
2025-04-22 10:08:40.734663: 点击元素|Click element: //*[contains(@class, "nav-btn-group")]/a[3]
2025-04-22 10:08:44.041503: 执行节点|Execute node: 提取数据
2025-04-22 10:08:44.078060: 执行节点|Execute node: 循环采集数据
2025-04-22 10:08:45.231155: Page:  7
2025-04-22 10:08:45.247509: 执行节点|Execute node: 点击下一章
2025-04-22 10:08:45.528975: 点击元素|Click element: //*[contains(@class, "nav-btn-group")]/a[3]
2025-04-22 10:08:48.842384: 执行节点|Execute node: 提取数据
2025-04-22 10:08:48.877675: 执行节点|Execute node: 循环采集数据
2025-04-22 10:08:50.033000: Page:  8
2025-04-22 10:08:50.044513: 执行节点|Execute node: 点击下一章
2025-04-22 10:08:50.327077: 点击元素|Click element: //*[contains(@class, "nav-btn-group")]/a[3]
2025-04-22 10:08:53.587502: 执行节点|Execute node: 提取数据
2025-04-22 10:08:53.618256: 执行节点|Execute node: 循环采集数据
2025-04-22 10:08:54.778106: Page:  9
2025-04-22 10:08:54.790224: 执行节点|Execute node: 点击下一章
2025-04-22 10:08:55.097458: 点击元素|Click element: //*[contains(@class, "nav-btn-group")]/a[3]
2025-04-22 10:08:58.403561: 执行节点|Execute node: 提取数据
2025-04-22 10:08:58.432341: 执行节点|Execute node: 循环采集数据
2025-04-22 10:08:59.595364: Page:  10
2025-04-22 10:08:59.611151: 执行节点|Execute node: 点击下一章
2025-04-22 10:08:59.897243: 点击元素|Click element: //*[contains(@class, "nav-btn-group")]/a[3]
2025-04-22 10:09:03.105018: 执行节点|Execute node: 提取数据
2025-04-22 10:09:03.141104: 执行节点|Execute node: 循环采集数据
2025-04-22 10:09:04.302065: Page:  11
2025-04-22 10:09:04.314148: 执行节点|Execute node: 点击下一章
2025-04-22 10:09:04.597800: 点击元素|Click element: //*[contains(@class, "nav-btn-group")]/a[3]
2025-04-22 10:09:07.826270: 执行节点|Execute node: 提取数据
2025-04-22 10:09:07.864467: 执行节点|Execute node: 循环采集数据
2025-04-22 10:09:09.026081: Page:  12
2025-04-22 10:09:09.040605: 执行节点|Execute node: 点击下一章
2025-04-22 10:09:09.332501: 点击元素|Click element: //*[contains(@class, "nav-btn-group")]/a[3]
2025-04-22 10:09:12.922106: 执行节点|Execute node: 提取数据
2025-04-22 10:09:12.954553: 执行节点|Execute node: 循环采集数据
2025-04-22 10:09:14.109818: Page:  13
2025-04-22 10:09:14.124488: 执行节点|Execute node: 点击下一章
2025-04-22 10:09:14.426810: 点击元素|Click element: //*[contains(@class, "nav-btn-group")]/a[3]
2025-04-22 10:09:17.991326: 执行节点|Execute node: 提取数据
2025-04-22 10:09:18.029399: 执行节点|Execute node: 循环采集数据
2025-04-22 10:09:19.186640: Page:  14
2025-04-22 10:09:19.198631: 执行节点|Execute node: 点击下一章
2025-04-22 10:09:19.492779: 点击元素|Click element: //*[contains(@class, "nav-btn-group")]/a[3]
2025-04-22 10:09:22.768034: 执行节点|Execute node: 提取数据
2025-04-22 10:09:22.804338: 执行节点|Execute node: 循环采集数据
2025-04-22 10:09:23.958545: Page:  15
2025-04-22 10:09:23.975108: 执行节点|Execute node: 点击下一章
2025-04-22 10:09:24.263698: 点击元素|Click element: //*[contains(@class, "nav-btn-group")]/a[3]
2025-04-22 10:09:27.492603: 执行节点|Execute node: 提取数据
2025-04-22 10:09:27.529774: 执行节点|Execute node: 循环采集数据
2025-04-22 10:09:28.687992: Page:  16
2025-04-22 10:09:28.704128: 执行节点|Execute node: 点击下一章
2025-04-22 10:09:29.001641: 点击元素|Click element: //*[contains(@class, "nav-btn-group")]/a[3]
2025-04-22 10:09:32.237803: 执行节点|Execute node: 提取数据
2025-04-22 10:09:32.273697: 执行节点|Execute node: 循环采集数据
2025-04-22 10:09:33.434061: Page:  17
2025-04-22 10:09:33.447798: 执行节点|Execute node: 点击下一章
2025-04-22 10:09:33.732066: 点击元素|Click element: //*[contains(@class, "nav-btn-group")]/a[3]
2025-04-22 10:09:36.992823: 执行节点|Execute node: 提取数据
2025-04-22 10:09:37.030515: 执行节点|Execute node: 循环采集数据
2025-04-22 10:09:38.180258: Page:  18
2025-04-22 10:09:38.196609: 执行节点|Execute node: 点击下一章
2025-04-22 10:09:38.485714: 点击元素|Click element: //*[contains(@class, "nav-btn-group")]/a[3]
2025-04-22 10:09:41.714748: 执行节点|Execute node: 提取数据
2025-04-22 10:09:41.751466: 执行节点|Execute node: 循环采集数据
2025-04-22 10:09:42.910975: Page:  19
2025-04-22 10:09:42.921465: 执行节点|Execute node: 点击下一章
2025-04-22 10:09:43.222640: 点击元素|Click element: //*[contains(@class, "nav-btn-group")]/a[3]
2025-04-22 10:09:46.413135: 执行节点|Execute node: 提取数据
2025-04-22 10:09:46.452131: 执行节点|Execute node: 循环采集数据
2025-04-22 10:09:47.610346: Page:  20
2025-04-22 10:09:47.623981: 执行节点|Execute node: 点击下一章
2025-04-22 10:09:47.912182: 点击元素|Click element: //*[contains(@class, "nav-btn-group")]/a[3]
2025-04-22 10:09:51.124977: 执行节点|Execute node: 提取数据
2025-04-22 10:09:51.160397: 执行节点|Execute node: 循环采集数据
2025-04-22 10:09:52.315063: Page:  21
2025-04-22 10:09:52.330930: 执行节点|Execute node: 点击下一章
2025-04-22 10:09:52.628439: 点击元素|Click element: //*[contains(@class, "nav-btn-group")]/a[3]
2025-04-22 10:09:55.843322: 执行节点|Execute node: 提取数据
2025-04-22 10:09:55.881263: 执行节点|Execute node: 循环采集数据
2025-04-22 10:09:57.041422: Page:  22
2025-04-22 10:09:57.056015: 执行节点|Execute node: 点击下一章
2025-04-22 10:09:57.340152: 点击元素|Click element: //*[contains(@class, "nav-btn-group")]/a[3]
2025-04-22 10:10:02.392799: 执行节点|Execute node: 提取数据
2025-04-22 10:10:02.425720: 执行节点|Execute node: 循环采集数据
2025-04-22 10:10:03.588798: Page:  23
2025-04-22 10:10:03.600530: 执行节点|Execute node: 点击下一章
2025-04-22 10:10:03.880679: 点击元素|Click element: //*[contains(@class, "nav-btn-group")]/a[3]
2025-04-22 10:10:08.527474: 执行节点|Execute node: 提取数据
2025-04-22 10:10:08.565844: 执行节点|Execute node: 循环采集数据
2025-04-22 10:10:09.728849: Page:  24
2025-04-22 10:10:09.745106: 执行节点|Execute node: 点击下一章
2025-04-22 10:10:10.044161: 点击元素|Click element: //*[contains(@class, "nav-btn-group")]/a[3]
2025-04-22 10:10:13.389523: 执行节点|Execute node: 提取数据
2025-04-22 10:10:13.429753: 执行节点|Execute node: 循环采集数据
2025-04-22 10:10:14.587438: Page:  25
2025-04-22 10:10:14.600719: 执行节点|Execute node: 点击下一章
2025-04-22 10:10:14.890037: 点击元素|Click element: //*[contains(@class, "nav-btn-group")]/a[3]
2025-04-22 10:10:18.156234: 执行节点|Execute node: 提取数据
2025-04-22 10:10:18.194278: 执行节点|Execute node: 循环采集数据
2025-04-22 10:10:19.350187: Page:  26
2025-04-22 10:10:19.363944: 执行节点|Execute node: 点击下一章
2025-04-22 10:10:19.648871: 点击元素|Click element: //*[contains(@class, "nav-btn-group")]/a[3]
2025-04-22 10:10:23.018204: 执行节点|Execute node: 提取数据
2025-04-22 10:10:23.055138: 执行节点|Execute node: 循环采集数据
2025-04-22 10:10:24.206821: Page:  27
2025-04-22 10:10:24.226096: 执行节点|Execute node: 点击下一章
2025-04-22 10:10:24.514964: 点击元素|Click element: //*[contains(@class, "nav-btn-group")]/a[3]
2025-04-22 10:10:27.789830: 执行节点|Execute node: 提取数据
2025-04-22 10:10:27.826038: 执行节点|Execute node: 循环采集数据
2025-04-22 10:10:28.990903: Page:  28
2025-04-22 10:10:29.004692: 执行节点|Execute node: 点击下一章
2025-04-22 10:10:29.289965: 点击元素|Click element: //*[contains(@class, "nav-btn-group")]/a[3]
2025-04-22 10:10:32.328700: 执行节点|Execute node: 提取数据
2025-04-22 10:10:32.364236: 执行节点|Execute node: 循环采集数据
2025-04-22 10:10:33.529154: Page:  29
2025-04-22 10:10:33.542834: 执行节点|Execute node: 点击下一章
2025-04-22 10:10:33.824099: 点击元素|Click element: //*[contains(@class, "nav-btn-group")]/a[3]
2025-04-22 10:10:37.137562: 执行节点|Execute node: 提取数据
2025-04-22 10:10:37.176778: 执行节点|Execute node: 循环采集数据
2025-04-22 10:10:38.332103: Page:  30
2025-04-22 10:10:38.348402: 执行节点|Execute node: 点击下一章
2025-04-22 10:10:38.634522: 点击元素|Click element: //*[contains(@class, "nav-btn-group")]/a[3]
2025-04-22 10:10:41.981775: 执行节点|Execute node: 提取数据
2025-04-22 10:10:42.014586: 执行节点|Execute node: 循环采集数据
2025-04-22 10:10:43.168323: Page:  31
2025-04-22 10:10:43.184390: 执行节点|Execute node: 点击下一章
2025-04-22 10:10:43.464913: 点击元素|Click element: //*[contains(@class, "nav-btn-group")]/a[3]
2025-04-22 10:10:46.778404: 执行节点|Execute node: 提取数据
2025-04-22 10:10:46.814923: 执行节点|Execute node: 循环采集数据
2025-04-22 10:10:47.973402: Page:  32
2025-04-22 10:10:47.987294: 执行节点|Execute node: 点击下一章
2025-04-22 10:10:48.288273: 点击元素|Click element: //*[contains(@class, "nav-btn-group")]/a[3]
2025-04-22 10:10:51.580936: 执行节点|Execute node: 提取数据
2025-04-22 10:10:51.615138: 执行节点|Execute node: 循环采集数据
2025-04-22 10:10:52.786113: Page:  33
2025-04-22 10:10:52.802130: 执行节点|Execute node: 点击下一章
2025-04-22 10:10:53.086760: 点击元素|Click element: //*[contains(@class, "nav-btn-group")]/a[3]
2025-04-22 10:10:56.396608: 执行节点|Execute node: 提取数据
2025-04-22 10:10:56.434744: 执行节点|Execute node: 循环采集数据
2025-04-22 10:10:57.589773: Page:  34
2025-04-22 10:10:57.605977: 执行节点|Execute node: 点击下一章
2025-04-22 10:10:57.887404: 点击元素|Click element: //*[contains(@class, "nav-btn-group")]/a[3]
2025-04-22 10:11:01.260759: 执行节点|Execute node: 提取数据
2025-04-22 10:11:01.298777: 执行节点|Execute node: 循环采集数据
2025-04-22 10:11:02.460274: Page:  35
2025-04-22 10:11:02.477367: 执行节点|Execute node: 点击下一章
2025-04-22 10:11:02.767446: 点击元素|Click element: //*[contains(@class, "nav-btn-group")]/a[3]
2025-04-22 10:11:06.116229: 执行节点|Execute node: 提取数据
2025-04-22 10:11:06.153116: 执行节点|Execute node: 循环采集数据
2025-04-22 10:11:07.313355: Page:  36
2025-04-22 10:11:07.327106: 执行节点|Execute node: 点击下一章
2025-04-22 10:11:07.617791: 点击元素|Click element: //*[contains(@class, "nav-btn-group")]/a[3]
2025-04-22 10:11:11.031726: 执行节点|Execute node: 提取数据
2025-04-22 10:11:11.065778: 执行节点|Execute node: 循环采集数据
2025-04-22 10:11:12.228228: Page:  37
2025-04-22 10:11:12.246876: 执行节点|Execute node: 点击下一章
2025-04-22 10:11:12.546437: 点击元素|Click element: //*[contains(@class, "nav-btn-group")]/a[3]
2025-04-22 10:11:15.858376: 执行节点|Execute node: 提取数据
2025-04-22 10:11:15.893337: 执行节点|Execute node: 循环采集数据
2025-04-22 10:11:17.049079: Page:  38
2025-04-22 10:11:17.065938: 执行节点|Execute node: 点击下一章
2025-04-22 10:11:17.361043: 点击元素|Click element: //*[contains(@class, "nav-btn-group")]/a[3]
2025-04-22 10:11:20.691312: 执行节点|Execute node: 提取数据
2025-04-22 10:11:20.715945: 执行节点|Execute node: 循环采集数据
2025-04-22 10:11:21.877879: Page:  39
2025-04-22 10:11:21.887048: 执行节点|Execute node: 点击下一章
2025-04-22 10:11:22.164193: 点击元素|Click element: //*[contains(@class, "nav-btn-group")]/a[3]
2025-04-22 10:11:25.467993: 执行节点|Execute node: 提取数据
2025-04-22 10:11:25.504019: 执行节点|Execute node: 循环采集数据
2025-04-22 10:11:26.663924: Page:  40
2025-04-22 10:11:26.679917: 执行节点|Execute node: 点击下一章
2025-04-22 10:11:26.970363: 点击元素|Click element: //*[contains(@class, "nav-btn-group")]/a[3]
2025-04-22 10:11:30.256047: 执行节点|Execute node: 提取数据
2025-04-22 10:11:30.291222: 执行节点|Execute node: 循环采集数据
2025-04-22 10:11:31.454354: Page:  41
2025-04-22 10:11:31.470793: 执行节点|Execute node: 点击下一章
2025-04-22 10:11:31.767582: 点击元素|Click element: //*[contains(@class, "nav-btn-group")]/a[3]
2025-04-22 10:11:35.069060: 执行节点|Execute node: 提取数据
2025-04-22 10:11:35.101783: 执行节点|Execute node: 循环采集数据
2025-04-22 10:11:36.268249: Page:  42
2025-04-22 10:11:36.281953: 执行节点|Execute node: 点击下一章
2025-04-22 10:11:36.572378: 点击元素|Click element: //*[contains(@class, "nav-btn-group")]/a[3]
2025-04-22 10:11:39.910711: 执行节点|Execute node: 提取数据
2025-04-22 10:11:39.943911: 执行节点|Execute node: 循环采集数据
2025-04-22 10:11:41.104169: Page:  43
2025-04-22 10:11:41.120399: 执行节点|Execute node: 点击下一章
2025-04-22 10:11:41.405124: 点击元素|Click element: //*[contains(@class, "nav-btn-group")]/a[3]
2025-04-22 10:11:44.752164: 执行节点|Execute node: 提取数据
2025-04-22 10:11:44.788283: 执行节点|Execute node: 循环采集数据
2025-04-22 10:11:45.949882: Page:  44
2025-04-22 10:11:45.963378: 执行节点|Execute node: 点击下一章
2025-04-22 10:11:46.247666: 点击元素|Click element: //*[contains(@class, "nav-btn-group")]/a[3]
2025-04-22 10:11:49.556431: 执行节点|Execute node: 提取数据
2025-04-22 10:11:49.592833: 执行节点|Execute node: 循环采集数据
2025-04-22 10:11:50.755411: Page:  45
2025-04-22 10:11:50.769521: 执行节点|Execute node: 点击下一章
2025-04-22 10:11:51.060071: 点击元素|Click element: //*[contains(@class, "nav-btn-group")]/a[3]
2025-04-22 10:11:54.440153: 执行节点|Execute node: 提取数据
2025-04-22 10:11:54.476128: 执行节点|Execute node: 循环采集数据
2025-04-22 10:11:55.645888: Page:  46
2025-04-22 10:11:55.658958: 执行节点|Execute node: 点击下一章
2025-04-22 10:11:55.949917: 点击元素|Click element: //*[contains(@class, "nav-btn-group")]/a[3]
2025-04-22 10:11:59.425380: 执行节点|Execute node: 提取数据
2025-04-22 10:11:59.459836: 执行节点|Execute node: 循环采集数据
2025-04-22 10:12:00.620847: Page:  47
2025-04-22 10:12:00.636688: 执行节点|Execute node: 点击下一章
2025-04-22 10:12:00.940899: 点击元素|Click element: //*[contains(@class, "nav-btn-group")]/a[3]
2025-04-22 10:12:03.965005: 执行节点|Execute node: 提取数据
2025-04-22 10:12:03.989707: 执行节点|Execute node: 循环采集数据
2025-04-22 10:12:05.150902: Page:  48
2025-04-22 10:12:05.163716: 执行节点|Execute node: 点击下一章
2025-04-22 10:12:05.454978: 点击元素|Click element: //*[contains(@class, "nav-btn-group")]/a[3]
2025-04-22 10:12:08.481074: 执行节点|Execute node: 提取数据
2025-04-22 10:12:08.504971: 执行节点|Execute node: 循环采集数据
2025-04-22 10:12:09.666476: Page:  49
2025-04-22 10:12:09.680828: 执行节点|Execute node: 点击下一章
2025-04-22 10:12:09.963524: 点击元素|Click element: //*[contains(@class, "nav-btn-group")]/a[3]
2025-04-22 10:12:12.986917: 执行节点|Execute node: 提取数据
2025-04-22 10:12:13.011436: 执行节点|Execute node: 循环采集数据
2025-04-22 10:12:14.172698: Page:  50
2025-04-22 10:12:15.311169: 执行节点|Execute node: 点击排行榜中的小说
2025-04-22 10:12:15.597540: 点击元素|Click element: //*[@id="__layout"]/section/section/section/section[2]/div[2]/section/div[2]/a/div/img
2025-04-22 10:12:22.207880: 执行节点|Execute node: 点击立即阅读
2025-04-22 10:12:22.547647: 点击元素|Click element: //*[contains(@class, "book-info--btn-reading")]
2025-04-22 10:12:25.964423: 执行节点|Execute node: 提取书名和章节
2025-04-22 10:12:26.015050: 执行节点|Execute node: 循环采集数据
2025-04-22 10:12:27.171951: 执行节点|Execute node: 循环点击：下一章
2025-04-22 10:12:27.290021: 执行节点|Execute node: 点击下一章
2025-04-22 10:12:27.589921: 点击元素|Click element: //*[contains(@class, "nav-btn-group")]/a[3]
2025-04-22 10:12:31.747191: 执行节点|Execute node: 提取数据
2025-04-22 10:12:31.808792: 执行节点|Execute node: 循环采集数据
2025-04-22 10:12:32.987880: Page:  1
2025-04-22 10:12:33.007443: 执行节点|Execute node: 点击下一章
2025-04-22 10:12:33.314401: 点击元素|Click element: //*[contains(@class, "nav-btn-group")]/a[3]
2025-04-22 10:12:36.678826: 执行节点|Execute node: 提取数据
2025-04-22 10:12:36.742742: 执行节点|Execute node: 循环采集数据
2025-04-22 10:12:37.911272: Page:  2
2025-04-22 10:12:37.931354: 执行节点|Execute node: 点击下一章
2025-04-22 10:12:38.229915: 点击元素|Click element: //*[contains(@class, "nav-btn-group")]/a[3]
2025-04-22 10:12:41.382300: 执行节点|Execute node: 提取数据
2025-04-22 10:12:41.440204: 执行节点|Execute node: 循环采集数据
2025-04-22 10:12:42.618734: Page:  3
2025-04-22 10:12:42.634165: 执行节点|Execute node: 点击下一章
2025-04-22 10:12:42.918782: 点击元素|Click element: //*[contains(@class, "nav-btn-group")]/a[3]
2025-04-22 10:12:46.054122: 执行节点|Execute node: 提取数据
2025-04-22 10:12:46.111412: 执行节点|Execute node: 循环采集数据
2025-04-22 10:12:47.297816: Page:  4
2025-04-22 10:12:47.313156: 执行节点|Execute node: 点击下一章
2025-04-22 10:12:47.603455: 点击元素|Click element: //*[contains(@class, "nav-btn-group")]/a[3]
2025-04-22 10:12:51.657664: 执行节点|Execute node: 提取数据
2025-04-22 10:12:51.710891: 执行节点|Execute node: 循环采集数据
2025-04-22 10:12:52.891112: Page:  5
2025-04-22 10:12:52.908477: 执行节点|Execute node: 点击下一章
2025-04-22 10:12:53.202694: 点击元素|Click element: //*[contains(@class, "nav-btn-group")]/a[3]
2025-04-22 10:12:56.378967: 执行节点|Execute node: 提取数据
2025-04-22 10:12:56.440311: 执行节点|Execute node: 循环采集数据
2025-04-22 10:12:57.616460: Page:  6
2025-04-22 10:12:57.634385: 执行节点|Execute node: 点击下一章
2025-04-22 10:12:57.930600: 点击元素|Click element: //*[contains(@class, "nav-btn-group")]/a[3]
2025-04-22 10:13:01.044677: 执行节点|Execute node: 提取数据
2025-04-22 10:13:01.101685: 执行节点|Execute node: 循环采集数据
2025-04-22 10:13:02.273349: Page:  7
2025-04-22 10:13:02.293356: 执行节点|Execute node: 点击下一章
2025-04-22 10:13:02.577363: 点击元素|Click element: //*[contains(@class, "nav-btn-group")]/a[3]
2025-04-22 10:13:05.831470: 执行节点|Execute node: 提取数据
2025-04-22 10:13:05.889584: 执行节点|Execute node: 循环采集数据
2025-04-22 10:13:07.061020: Page:  8
2025-04-22 10:13:07.073267: 执行节点|Execute node: 点击下一章
2025-04-22 10:13:07.366390: 点击元素|Click element: //*[contains(@class, "nav-btn-group")]/a[3]
2025-04-22 10:13:10.529577: 执行节点|Execute node: 提取数据
2025-04-22 10:13:10.566301: 执行节点|Execute node: 循环采集数据
2025-04-22 10:13:11.726159: Page:  9
2025-04-22 10:13:11.744168: 执行节点|Execute node: 点击下一章
2025-04-22 10:13:12.042509: 点击元素|Click element: //*[contains(@class, "nav-btn-group")]/a[3]
2025-04-22 10:13:15.211314: 执行节点|Execute node: 提取数据
2025-04-22 10:13:15.255901: 执行节点|Execute node: 循环采集数据
2025-04-22 10:13:16.429529: Page:  10
2025-04-22 10:13:16.450921: 执行节点|Execute node: 点击下一章
2025-04-22 10:13:16.756413: 点击元素|Click element: //*[contains(@class, "nav-btn-group")]/a[3]
2025-04-22 10:13:19.900648: 执行节点|Execute node: 提取数据
2025-04-22 10:13:19.952604: 执行节点|Execute node: 循环采集数据
2025-04-22 10:13:21.116959: Page:  11
2025-04-22 10:13:21.135119: 执行节点|Execute node: 点击下一章
2025-04-22 10:13:21.433038: 点击元素|Click element: //*[contains(@class, "nav-btn-group")]/a[3]
2025-04-22 10:13:24.563081: 执行节点|Execute node: 提取数据
2025-04-22 10:13:24.835726: 执行节点|Execute node: 循环采集数据
2025-04-22 10:13:26.007909: Page:  12
2025-04-22 10:13:26.027919: 执行节点|Execute node: 点击下一章
2025-04-22 10:13:26.312212: 点击元素|Click element: //*[contains(@class, "nav-btn-group")]/a[3]
2025-04-22 10:13:29.439113: 执行节点|Execute node: 提取数据
2025-04-22 10:13:29.494301: 执行节点|Execute node: 循环采集数据
2025-04-22 10:13:30.677633: Page:  13
2025-04-22 10:13:30.693528: 执行节点|Execute node: 点击下一章
2025-04-22 10:13:30.991666: 点击元素|Click element: //*[contains(@class, "nav-btn-group")]/a[3]
2025-04-22 10:13:34.135117: 执行节点|Execute node: 提取数据
2025-04-22 10:13:34.197880: 执行节点|Execute node: 循环采集数据
2025-04-22 10:13:35.377766: Page:  14
2025-04-22 10:13:35.395008: 执行节点|Execute node: 点击下一章
2025-04-22 10:13:35.677410: 点击元素|Click element: //*[contains(@class, "nav-btn-group")]/a[3]
2025-04-22 10:13:38.870523: 执行节点|Execute node: 提取数据
2025-04-22 10:13:38.927687: 执行节点|Execute node: 循环采集数据
2025-04-22 10:13:40.108026: Page:  15
2025-04-22 10:13:40.123176: 执行节点|Execute node: 点击下一章
2025-04-22 10:13:40.416500: 点击元素|Click element: //*[contains(@class, "nav-btn-group")]/a[3]
2025-04-22 10:13:43.704745: 执行节点|Execute node: 提取数据
2025-04-22 10:13:43.763799: 执行节点|Execute node: 循环采集数据
2025-04-22 10:13:44.937240: Page:  16
2025-04-22 10:13:44.952454: 执行节点|Execute node: 点击下一章
2025-04-22 10:13:45.244220: 点击元素|Click element: //*[contains(@class, "nav-btn-group")]/a[3]
2025-04-22 10:13:48.364351: 执行节点|Execute node: 提取数据
2025-04-22 10:13:48.424131: 执行节点|Execute node: 循环采集数据
2025-04-22 10:13:49.594515: Page:  17
2025-04-22 10:13:49.612339: 执行节点|Execute node: 点击下一章
2025-04-22 10:13:49.901248: 点击元素|Click element: //*[contains(@class, "nav-btn-group")]/a[3]
2025-04-22 10:13:53.071887: 执行节点|Execute node: 提取数据
2025-04-22 10:13:53.134794: 执行节点|Execute node: 循环采集数据
2025-04-22 10:13:54.302071: Page:  18
2025-04-22 10:13:54.316106: 执行节点|Execute node: 点击下一章
2025-04-22 10:13:54.605651: 点击元素|Click element: //*[contains(@class, "nav-btn-group")]/a[3]
2025-04-22 10:13:57.719680: 执行节点|Execute node: 提取数据
2025-04-22 10:13:57.777688: 执行节点|Execute node: 循环采集数据
2025-04-22 10:13:58.948885: Page:  19
2025-04-22 10:13:58.960872: 执行节点|Execute node: 点击下一章
2025-04-22 10:13:59.260815: 点击元素|Click element: //*[contains(@class, "nav-btn-group")]/a[3]
2025-04-22 10:14:02.429473: 执行节点|Execute node: 提取数据
2025-04-22 10:14:02.485309: 执行节点|Execute node: 循环采集数据
2025-04-22 10:14:03.650942: Page:  20
2025-04-22 10:14:03.658939: 执行节点|Execute node: 点击下一章
2025-04-22 10:14:03.955354: 点击元素|Click element: //*[contains(@class, "nav-btn-group")]/a[3]
2025-04-22 10:14:07.466674: 执行节点|Execute node: 提取数据
2025-04-22 10:14:07.523774: 执行节点|Execute node: 循环采集数据
2025-04-22 10:14:08.694645: Page:  21
2025-04-22 10:14:08.710518: 执行节点|Execute node: 点击下一章
2025-04-22 10:14:09.006282: 点击元素|Click element: //*[contains(@class, "nav-btn-group")]/a[3]
2025-04-22 10:14:12.946975: 执行节点|Execute node: 提取数据
2025-04-22 10:14:13.004673: 执行节点|Execute node: 循环采集数据
2025-04-22 10:14:14.178451: Page:  22
2025-04-22 10:14:14.194448: 执行节点|Execute node: 点击下一章
2025-04-22 10:14:14.491105: 点击元素|Click element: //*[contains(@class, "nav-btn-group")]/a[3]
2025-04-22 10:14:17.641269: 执行节点|Execute node: 提取数据
2025-04-22 10:14:17.700165: 执行节点|Execute node: 循环采集数据
2025-04-22 10:14:18.874293: Page:  23
2025-04-22 10:14:18.888893: 执行节点|Execute node: 点击下一章
2025-04-22 10:14:19.182802: 点击元素|Click element: //*[contains(@class, "nav-btn-group")]/a[3]
2025-04-22 10:14:22.704525: 执行节点|Execute node: 提取数据
2025-04-22 10:14:22.763402: 执行节点|Execute node: 循环采集数据
2025-04-22 10:14:23.938892: Page:  24
2025-04-22 10:14:23.955187: 执行节点|Execute node: 点击下一章
2025-04-22 10:14:24.242040: 点击元素|Click element: //*[contains(@class, "nav-btn-group")]/a[3]
2025-04-22 10:14:27.385386: 执行节点|Execute node: 提取数据
2025-04-22 10:14:27.444790: 执行节点|Execute node: 循环采集数据
2025-04-22 10:14:28.620121: Page:  25
2025-04-22 10:14:28.636057: 执行节点|Execute node: 点击下一章
2025-04-22 10:14:28.923356: 点击元素|Click element: //*[contains(@class, "nav-btn-group")]/a[3]
2025-04-22 10:14:32.042126: 执行节点|Execute node: 提取数据
2025-04-22 10:14:32.096469: 执行节点|Execute node: 循环采集数据
2025-04-22 10:14:33.272314: Page:  26
2025-04-22 10:14:33.289758: 执行节点|Execute node: 点击下一章
2025-04-22 10:14:33.599001: 点击元素|Click element: //*[contains(@class, "nav-btn-group")]/a[3]
2025-04-22 10:14:36.732971: 执行节点|Execute node: 提取数据
2025-04-22 10:14:36.788026: 执行节点|Execute node: 循环采集数据
2025-04-22 10:14:37.956816: Page:  27
2025-04-22 10:14:37.971495: 执行节点|Execute node: 点击下一章
2025-04-22 10:14:38.263953: 点击元素|Click element: //*[contains(@class, "nav-btn-group")]/a[3]
2025-04-22 10:14:41.427310: 执行节点|Execute node: 提取数据
2025-04-22 10:14:41.491949: 执行节点|Execute node: 循环采集数据
2025-04-22 10:14:42.672273: Page:  28
2025-04-22 10:14:42.692892: 执行节点|Execute node: 点击下一章
2025-04-22 10:14:42.994720: 点击元素|Click element: //*[contains(@class, "nav-btn-group")]/a[3]
2025-04-22 10:14:46.100737: 执行节点|Execute node: 提取数据
2025-04-22 10:14:46.157613: 执行节点|Execute node: 循环采集数据
2025-04-22 10:14:47.338734: Page:  29
2025-04-22 10:14:47.356791: 执行节点|Execute node: 点击下一章
2025-04-22 10:14:47.662724: 点击元素|Click element: //*[contains(@class, "nav-btn-group")]/a[3]
2025-04-22 10:14:50.774328: 执行节点|Execute node: 提取数据
2025-04-22 10:14:50.834523: 执行节点|Execute node: 循环采集数据
2025-04-22 10:14:52.005788: Page:  30
2025-04-22 10:14:52.026839: 执行节点|Execute node: 点击下一章
2025-04-22 10:14:52.326002: 点击元素|Click element: //*[contains(@class, "nav-btn-group")]/a[3]
2025-04-22 10:14:55.553182: 执行节点|Execute node: 提取数据
2025-04-22 10:14:55.611991: 执行节点|Execute node: 循环采集数据
2025-04-22 10:14:56.791820: Page:  31
2025-04-22 10:14:56.806588: 执行节点|Execute node: 点击下一章
2025-04-22 10:14:57.095706: 点击元素|Click element: //*[contains(@class, "nav-btn-group")]/a[3]
2025-04-22 10:15:00.120502: 执行节点|Execute node: 提取数据
2025-04-22 10:15:00.184589: 执行节点|Execute node: 循环采集数据
2025-04-22 10:15:01.358660: Page:  32
2025-04-22 10:15:01.374801: 执行节点|Execute node: 点击下一章
2025-04-22 10:15:01.663414: 点击元素|Click element: //*[contains(@class, "nav-btn-group")]/a[3]
2025-04-22 10:15:04.854719: 执行节点|Execute node: 提取数据
2025-04-22 10:15:04.910920: 执行节点|Execute node: 循环采集数据
2025-04-22 10:15:06.090118: Page:  33
2025-04-22 10:15:06.112102: 执行节点|Execute node: 点击下一章
2025-04-22 10:15:06.413928: 点击元素|Click element: //*[contains(@class, "nav-btn-group")]/a[3]
2025-04-22 10:15:09.544778: 执行节点|Execute node: 提取数据
2025-04-22 10:15:09.603173: 执行节点|Execute node: 循环采集数据
2025-04-22 10:15:10.780210: Page:  34
2025-04-22 10:15:10.801375: 执行节点|Execute node: 点击下一章
2025-04-22 10:15:11.100419: 点击元素|Click element: //*[contains(@class, "nav-btn-group")]/a[3]
2025-04-22 10:15:14.268760: 执行节点|Execute node: 提取数据
2025-04-22 10:15:14.321730: 执行节点|Execute node: 循环采集数据
2025-04-22 10:15:15.484532: Page:  35
2025-04-22 10:15:15.504533: 执行节点|Execute node: 点击下一章
2025-04-22 10:15:15.805067: 点击元素|Click element: //*[contains(@class, "nav-btn-group")]/a[3]
2025-04-22 10:15:18.936428: 执行节点|Execute node: 提取数据
2025-04-22 10:15:18.993958: 执行节点|Execute node: 循环采集数据
2025-04-22 10:15:20.152670: Page:  36
2025-04-22 10:15:20.172521: 执行节点|Execute node: 点击下一章
2025-04-22 10:15:20.480114: 点击元素|Click element: //*[contains(@class, "nav-btn-group")]/a[3]
2025-04-22 10:15:23.649026: 执行节点|Execute node: 提取数据
2025-04-22 10:15:23.706815: 执行节点|Execute node: 循环采集数据
2025-04-22 10:15:24.877867: Page:  37
2025-04-22 10:15:24.896904: 执行节点|Execute node: 点击下一章
2025-04-22 10:15:25.181695: 点击元素|Click element: //*[contains(@class, "nav-btn-group")]/a[3]
2025-04-22 10:15:28.410177: 执行节点|Execute node: 提取数据
2025-04-22 10:15:28.469155: 执行节点|Execute node: 循环采集数据
2025-04-22 10:15:29.639099: Page:  38
2025-04-22 10:15:29.659751: 执行节点|Execute node: 点击下一章
2025-04-22 10:15:29.969180: 点击元素|Click element: //*[contains(@class, "nav-btn-group")]/a[3]
2025-04-22 10:15:33.183117: 执行节点|Execute node: 提取数据
2025-04-22 10:15:33.244499: 执行节点|Execute node: 循环采集数据
2025-04-22 10:15:34.410628: Page:  39
2025-04-22 10:15:34.432367: 执行节点|Execute node: 点击下一章
2025-04-22 10:15:34.731479: 点击元素|Click element: //*[contains(@class, "nav-btn-group")]/a[3]
2025-04-22 10:15:37.889479: 执行节点|Execute node: 提取数据
2025-04-22 10:15:37.953641: 执行节点|Execute node: 循环采集数据
2025-04-22 10:15:39.122170: Page:  40
2025-04-22 10:15:39.141980: 执行节点|Execute node: 点击下一章
2025-04-22 10:15:39.434303: 点击元素|Click element: //*[contains(@class, "nav-btn-group")]/a[3]
2025-04-22 10:15:42.614225: 执行节点|Execute node: 提取数据
2025-04-22 10:15:42.673761: 执行节点|Execute node: 循环采集数据
2025-04-22 10:15:43.838069: Page:  41
2025-04-22 10:15:43.855073: 执行节点|Execute node: 点击下一章
2025-04-22 10:15:44.148359: 点击元素|Click element: //*[contains(@class, "nav-btn-group")]/a[3]
2025-04-22 10:15:47.301597: 执行节点|Execute node: 提取数据
2025-04-22 10:15:47.355579: 执行节点|Execute node: 循环采集数据
2025-04-22 10:15:48.523362: Page:  42
2025-04-22 10:15:48.543740: 执行节点|Execute node: 点击下一章
2025-04-22 10:15:48.850634: 点击元素|Click element: //*[contains(@class, "nav-btn-group")]/a[3]
2025-04-22 10:15:52.065516: 执行节点|Execute node: 提取数据
2025-04-22 10:15:52.123703: 执行节点|Execute node: 循环采集数据
2025-04-22 10:15:53.295512: Page:  43
2025-04-22 10:15:53.313323: 执行节点|Execute node: 点击下一章
2025-04-22 10:15:53.618926: 点击元素|Click element: //*[contains(@class, "nav-btn-group")]/a[3]
2025-04-22 10:15:56.742342: 执行节点|Execute node: 提取数据
2025-04-22 10:15:56.803985: 执行节点|Execute node: 循环采集数据
2025-04-22 10:15:57.971617: Page:  44
2025-04-22 10:15:57.987729: 执行节点|Execute node: 点击下一章
2025-04-22 10:15:58.278693: 点击元素|Click element: //*[contains(@class, "nav-btn-group")]/a[3]
2025-04-22 10:16:01.360798: 执行节点|Execute node: 提取数据
2025-04-22 10:16:01.417948: 执行节点|Execute node: 循环采集数据
2025-04-22 10:16:02.604083: Page:  45
2025-04-22 10:16:02.622124: 执行节点|Execute node: 点击下一章
2025-04-22 10:16:02.911374: 点击元素|Click element: //*[contains(@class, "nav-btn-group")]/a[3]
2025-04-22 10:16:06.032849: 执行节点|Execute node: 提取数据
2025-04-22 10:16:06.088739: 执行节点|Execute node: 循环采集数据
2025-04-22 10:16:07.256672: Page:  46
2025-04-22 10:16:07.276087: 执行节点|Execute node: 点击下一章
2025-04-22 10:16:07.559344: 点击元素|Click element: //*[contains(@class, "nav-btn-group")]/a[3]
2025-04-22 10:16:10.699033: 执行节点|Execute node: 提取数据
2025-04-22 10:16:10.755928: 执行节点|Execute node: 循环采集数据
2025-04-22 10:16:11.915272: Page:  47
2025-04-22 10:16:11.929927: 执行节点|Execute node: 点击下一章
2025-04-22 10:16:12.214946: 点击元素|Click element: //*[contains(@class, "nav-btn-group")]/a[3]
2025-04-22 10:16:15.696270: 执行节点|Execute node: 提取数据
2025-04-22 10:16:15.754122: 执行节点|Execute node: 循环采集数据
2025-04-22 10:16:16.923715: Page:  48
2025-04-22 10:16:16.940838: 执行节点|Execute node: 点击下一章
2025-04-22 10:16:17.233969: 点击元素|Click element: //*[contains(@class, "nav-btn-group")]/a[3]
2025-04-22 10:16:20.393597: 执行节点|Execute node: 提取数据
2025-04-22 10:16:20.452975: 执行节点|Execute node: 循环采集数据
2025-04-22 10:16:21.618913: Page:  49
2025-04-22 10:16:21.635978: 执行节点|Execute node: 点击下一章
2025-04-22 10:16:21.928033: 点击元素|Click element: //*[contains(@class, "nav-btn-group")]/a[3]
2025-04-22 10:16:25.131159: 执行节点|Execute node: 提取数据
2025-04-22 10:16:25.191842: 执行节点|Execute node: 循环采集数据
2025-04-22 10:16:26.361788: Page:  50
2025-04-22 10:16:27.506242: 执行节点|Execute node: 点击排行榜中的小说
2025-04-22 10:16:27.802228: 点击元素|Click element: //*[@id="__layout"]/section/section/section/section[2]/div[2]/section/div[3]/a/div/img
2025-04-22 10:16:35.106951: 执行节点|Execute node: 点击立即阅读
2025-04-22 10:16:35.431890: 点击元素|Click element: //*[contains(@class, "book-info--btn-reading")]
2025-04-22 10:16:38.832232: 执行节点|Execute node: 提取书名和章节
2025-04-22 10:16:38.865744: 执行节点|Execute node: 循环采集数据
2025-04-22 10:16:40.008846: 执行节点|Execute node: 循环点击：下一章
2025-04-22 10:16:40.130967: 执行节点|Execute node: 点击下一章
2025-04-22 10:16:40.419657: 点击元素|Click element: //*[contains(@class, "nav-btn-group")]/a[3]
2025-04-22 10:16:43.842101: 执行节点|Execute node: 提取数据
2025-04-22 10:16:43.884200: 执行节点|Execute node: 循环采集数据
2025-04-22 10:16:45.030522: Page:  1
2025-04-22 10:16:45.043059: 执行节点|Execute node: 点击下一章
2025-04-22 10:16:45.335193: 点击元素|Click element: //*[contains(@class, "nav-btn-group")]/a[3]
2025-04-22 10:16:48.685738: 执行节点|Execute node: 提取数据
2025-04-22 10:16:48.727916: 执行节点|Execute node: 循环采集数据
2025-04-22 10:16:49.866780: Page:  2
2025-04-22 10:16:49.884297: 执行节点|Execute node: 点击下一章
2025-04-22 10:16:50.177796: 点击元素|Click element: //*[contains(@class, "nav-btn-group")]/a[3]
2025-04-22 10:16:53.535671: 执行节点|Execute node: 提取数据
2025-04-22 10:16:53.571929: 执行节点|Execute node: 循环采集数据
2025-04-22 10:16:54.707841: Page:  3
2025-04-22 10:16:54.722590: 执行节点|Execute node: 点击下一章
2025-04-22 10:16:55.029207: 点击元素|Click element: //*[contains(@class, "nav-btn-group")]/a[3]
2025-04-22 10:16:58.382608: 执行节点|Execute node: 提取数据
2025-04-22 10:16:58.405670: 执行节点|Execute node: 循环采集数据
2025-04-22 10:16:59.547027: Page:  4
2025-04-22 10:16:59.562929: 执行节点|Execute node: 点击下一章
2025-04-22 10:16:59.848999: 点击元素|Click element: //*[contains(@class, "nav-btn-group")]/a[3]
2025-04-22 10:17:03.163184: 执行节点|Execute node: 提取数据
2025-04-22 10:17:03.199477: 执行节点|Execute node: 循环采集数据
2025-04-22 10:17:04.338649: Page:  5
2025-04-22 10:17:04.346644: 执行节点|Execute node: 点击下一章
2025-04-22 10:17:04.644963: 点击元素|Click element: //*[contains(@class, "nav-btn-group")]/a[3]
2025-04-22 10:17:07.962021: 执行节点|Execute node: 提取数据
2025-04-22 10:17:07.999129: 执行节点|Execute node: 循环采集数据
2025-04-22 10:17:09.146922: Page:  6
2025-04-22 10:17:09.165897: 执行节点|Execute node: 点击下一章
2025-04-22 10:17:09.474902: 点击元素|Click element: //*[contains(@class, "nav-btn-group")]/a[3]
2025-04-22 10:17:12.846528: 执行节点|Execute node: 提取数据
2025-04-22 10:17:12.882809: 执行节点|Execute node: 循环采集数据
2025-04-22 10:17:14.032032: Page:  7
2025-04-22 10:17:14.046214: 执行节点|Execute node: 点击下一章
2025-04-22 10:17:14.331941: 点击元素|Click element: //*[contains(@class, "nav-btn-group")]/a[3]
2025-04-22 10:17:17.681308: 执行节点|Execute node: 提取数据
2025-04-22 10:17:17.716477: 执行节点|Execute node: 循环采集数据
2025-04-22 10:17:18.856271: Page:  8
2025-04-22 10:17:18.874072: 执行节点|Execute node: 点击下一章
2025-04-22 10:17:19.155644: 点击元素|Click element: //*[contains(@class, "nav-btn-group")]/a[3]
2025-04-22 10:17:22.498600: 执行节点|Execute node: 提取数据
2025-04-22 10:17:22.534967: 执行节点|Execute node: 循环采集数据
2025-04-22 10:17:23.680194: Page:  9
2025-04-22 10:17:23.695258: 执行节点|Execute node: 点击下一章
2025-04-22 10:17:23.988896: 点击元素|Click element: //*[contains(@class, "nav-btn-group")]/a[3]
2025-04-22 10:17:30.416041: 执行节点|Execute node: 提取数据
2025-04-22 10:17:30.452503: 执行节点|Execute node: 循环采集数据
2025-04-22 10:17:31.599389: Page:  10
2025-04-22 10:17:31.615440: 执行节点|Execute node: 点击下一章
2025-04-22 10:17:31.916929: 点击元素|Click element: //*[contains(@class, "nav-btn-group")]/a[3]
2025-04-22 10:17:35.862614: 执行节点|Execute node: 提取数据
2025-04-22 10:17:35.899343: 执行节点|Execute node: 循环采集数据
2025-04-22 10:17:37.042988: Page:  11
2025-04-22 10:17:37.060751: 执行节点|Execute node: 点击下一章
2025-04-22 10:17:37.349184: 点击元素|Click element: //*[contains(@class, "nav-btn-group")]/a[3]
2025-04-22 10:17:40.620238: 执行节点|Execute node: 提取数据
2025-04-22 10:17:40.658006: 执行节点|Execute node: 循环采集数据
2025-04-22 10:17:41.807409: Page:  12
2025-04-22 10:17:41.826802: 执行节点|Execute node: 点击下一章
2025-04-22 10:17:42.110448: 点击元素|Click element: //*[contains(@class, "nav-btn-group")]/a[3]
2025-04-22 10:17:45.353362: 执行节点|Execute node: 提取数据
2025-04-22 10:17:45.392808: 执行节点|Execute node: 循环采集数据
2025-04-22 10:17:46.540388: Page:  13
2025-04-22 10:17:46.558068: 执行节点|Execute node: 点击下一章
2025-04-22 10:17:46.851973: 点击元素|Click element: //*[contains(@class, "nav-btn-group")]/a[3]
2025-04-22 10:17:50.137905: 执行节点|Execute node: 提取数据
2025-04-22 10:17:50.172026: 执行节点|Execute node: 循环采集数据
2025-04-22 10:17:51.307615: Page:  14
2025-04-22 10:17:51.323159: 执行节点|Execute node: 点击下一章
2025-04-22 10:17:51.629855: 点击元素|Click element: //*[contains(@class, "nav-btn-group")]/a[3]
2025-04-22 10:17:54.897140: 执行节点|Execute node: 提取数据
2025-04-22 10:17:54.930079: 执行节点|Execute node: 循环采集数据
2025-04-22 10:17:56.080792: Page:  15
2025-04-22 10:17:56.097790: 执行节点|Execute node: 点击下一章
2025-04-22 10:17:56.386398: 点击元素|Click element: //*[contains(@class, "nav-btn-group")]/a[3]
2025-04-22 10:17:59.654383: 执行节点|Execute node: 提取数据
2025-04-22 10:17:59.690797: 执行节点|Execute node: 循环采集数据
2025-04-22 10:18:00.836246: Page:  16
2025-04-22 10:18:00.853567: 执行节点|Execute node: 点击下一章
2025-04-22 10:18:01.144454: 点击元素|Click element: //*[contains(@class, "nav-btn-group")]/a[3]
2025-04-22 10:18:04.742414: 执行节点|Execute node: 提取数据
2025-04-22 10:18:04.774412: 执行节点|Execute node: 循环采集数据
2025-04-22 10:18:05.906574: Page:  17
2025-04-22 10:18:05.922564: 执行节点|Execute node: 点击下一章
2025-04-22 10:18:06.214296: 点击元素|Click element: //*[contains(@class, "nav-btn-group")]/a[3]
2025-04-22 10:18:09.507587: 执行节点|Execute node: 提取数据
2025-04-22 10:18:09.543720: 执行节点|Execute node: 循环采集数据
2025-04-22 10:18:10.685598: Page:  18
2025-04-22 10:18:10.704981: 执行节点|Execute node: 点击下一章
2025-04-22 10:18:11.001363: 点击元素|Click element: //*[contains(@class, "nav-btn-group")]/a[3]
2025-04-22 10:18:14.282470: 执行节点|Execute node: 提取数据
2025-04-22 10:18:14.318651: 执行节点|Execute node: 循环采集数据
2025-04-22 10:18:15.455902: Page:  19
2025-04-22 10:18:15.471989: 执行节点|Execute node: 点击下一章
2025-04-22 10:18:15.778410: 点击元素|Click element: //*[contains(@class, "nav-btn-group")]/a[3]
2025-04-22 10:18:19.075179: 执行节点|Execute node: 提取数据
2025-04-22 10:18:19.111668: 执行节点|Execute node: 循环采集数据
2025-04-22 10:18:20.254072: Page:  20
2025-04-22 10:18:20.271889: 执行节点|Execute node: 点击下一章
2025-04-22 10:18:20.559290: 点击元素|Click element: //*[contains(@class, "nav-btn-group")]/a[3]
2025-04-22 10:18:23.871023: 执行节点|Execute node: 提取数据
2025-04-22 10:18:23.908741: 执行节点|Execute node: 循环采集数据
2025-04-22 10:18:25.049992: Page:  21
2025-04-22 10:18:25.068661: 执行节点|Execute node: 点击下一章
2025-04-22 10:18:25.350726: 点击元素|Click element: //*[contains(@class, "nav-btn-group")]/a[3]
2025-04-22 10:18:28.640067: 执行节点|Execute node: 提取数据
2025-04-22 10:18:28.677403: 执行节点|Execute node: 循环采集数据
2025-04-22 10:18:29.821330: Page:  22
2025-04-22 10:18:29.834209: 执行节点|Execute node: 点击下一章
2025-04-22 10:18:30.123102: 点击元素|Click element: //*[contains(@class, "nav-btn-group")]/a[3]
2025-04-22 10:18:33.401720: 执行节点|Execute node: 提取数据
2025-04-22 10:18:33.444430: 执行节点|Execute node: 循环采集数据
2025-04-22 10:18:34.583859: Page:  23
2025-04-22 10:18:34.597570: 执行节点|Execute node: 点击下一章
2025-04-22 10:18:34.891709: 点击元素|Click element: //*[contains(@class, "nav-btn-group")]/a[3]
2025-04-22 10:18:38.149709: 执行节点|Execute node: 提取数据
2025-04-22 10:18:38.183849: 执行节点|Execute node: 循环采集数据
2025-04-22 10:18:39.328911: Page:  24
2025-04-22 10:18:39.346845: 执行节点|Execute node: 点击下一章
2025-04-22 10:18:39.634112: 点击元素|Click element: //*[contains(@class, "nav-btn-group")]/a[3]
2025-04-22 10:18:42.931067: 执行节点|Execute node: 提取数据
2025-04-22 10:18:42.968876: 执行节点|Execute node: 循环采集数据
2025-04-22 10:18:44.107976: Page:  25
2025-04-22 10:18:44.125380: 执行节点|Execute node: 点击下一章
2025-04-22 10:18:44.408742: 点击元素|Click element: //*[contains(@class, "nav-btn-group")]/a[3]
2025-04-22 10:18:47.652383: 执行节点|Execute node: 提取数据
2025-04-22 10:18:47.690512: 执行节点|Execute node: 循环采集数据
2025-04-22 10:18:48.828631: Page:  26
2025-04-22 10:18:48.844334: 执行节点|Execute node: 点击下一章
2025-04-22 10:18:49.137240: 点击元素|Click element: //*[contains(@class, "nav-btn-group")]/a[3]
2025-04-22 10:18:52.382085: 执行节点|Execute node: 提取数据
2025-04-22 10:18:52.420029: 执行节点|Execute node: 循环采集数据
2025-04-22 10:18:53.564687: Page:  27
2025-04-22 10:18:53.581512: 执行节点|Execute node: 点击下一章
2025-04-22 10:18:53.864256: 点击元素|Click element: //*[contains(@class, "nav-btn-group")]/a[3]
2025-04-22 10:18:57.108567: 执行节点|Execute node: 提取数据
2025-04-22 10:18:57.143655: 执行节点|Execute node: 循环采集数据
2025-04-22 10:18:58.292458: Page:  28
2025-04-22 10:18:58.306263: 执行节点|Execute node: 点击下一章
2025-04-22 10:18:58.589141: 点击元素|Click element: //*[contains(@class, "nav-btn-group")]/a[3]
2025-04-22 10:19:01.873540: 执行节点|Execute node: 提取数据
2025-04-22 10:19:01.908720: 执行节点|Execute node: 循环采集数据
2025-04-22 10:19:03.053687: Page:  29
2025-04-22 10:19:03.070155: 执行节点|Execute node: 点击下一章
2025-04-22 10:19:03.362974: 点击元素|Click element: //*[contains(@class, "nav-btn-group")]/a[3]
2025-04-22 10:19:06.635597: 执行节点|Execute node: 提取数据
2025-04-22 10:19:06.666513: 执行节点|Execute node: 循环采集数据
2025-04-22 10:19:07.803616: Page:  30
2025-04-22 10:19:07.819610: 执行节点|Execute node: 点击下一章
2025-04-22 10:19:08.109612: 点击元素|Click element: //*[contains(@class, "nav-btn-group")]/a[3]
2025-04-22 10:19:11.495406: 执行节点|Execute node: 提取数据
2025-04-22 10:19:11.532380: 执行节点|Execute node: 循环采集数据
2025-04-22 10:19:12.675027: Page:  31
2025-04-22 10:19:12.691022: 执行节点|Execute node: 点击下一章
2025-04-22 10:19:12.983960: 点击元素|Click element: //*[contains(@class, "nav-btn-group")]/a[3]
2025-04-22 10:19:16.236399: 执行节点|Execute node: 提取数据
2025-04-22 10:19:16.270131: 执行节点|Execute node: 循环采集数据
2025-04-22 10:19:17.411773: Page:  32
2025-04-22 10:19:17.428207: 执行节点|Execute node: 点击下一章
2025-04-22 10:19:17.724064: 点击元素|Click element: //*[contains(@class, "nav-btn-group")]/a[3]
2025-04-22 10:19:20.998944: 执行节点|Execute node: 提取数据
2025-04-22 10:19:21.035202: 执行节点|Execute node: 循环采集数据
2025-04-22 10:19:22.177020: Page:  33
2025-04-22 10:19:22.194524: 执行节点|Execute node: 点击下一章
2025-04-22 10:19:22.481615: 点击元素|Click element: //*[contains(@class, "nav-btn-group")]/a[3]
2025-04-22 10:19:25.740316: 执行节点|Execute node: 提取数据
2025-04-22 10:19:25.773179: 执行节点|Execute node: 循环采集数据
2025-04-22 10:19:26.913701: Page:  34
2025-04-22 10:19:26.931324: 执行节点|Execute node: 点击下一章
2025-04-22 10:19:27.219290: 点击元素|Click element: //*[contains(@class, "nav-btn-group")]/a[3]
2025-04-22 10:19:30.473083: 执行节点|Execute node: 提取数据
2025-04-22 10:19:30.514013: 执行节点|Execute node: 循环采集数据
2025-04-22 10:19:31.653214: Page:  35
2025-04-22 10:19:31.669033: 执行节点|Execute node: 点击下一章
2025-04-22 10:19:31.972038: 点击元素|Click element: //*[contains(@class, "nav-btn-group")]/a[3]
2025-04-22 10:19:35.258144: 执行节点|Execute node: 提取数据
2025-04-22 10:19:35.297708: 执行节点|Execute node: 循环采集数据
2025-04-22 10:19:36.432251: Page:  36
2025-04-22 10:19:36.449256: 执行节点|Execute node: 点击下一章
2025-04-22 10:19:36.739959: 点击元素|Click element: //*[contains(@class, "nav-btn-group")]/a[3]
2025-04-22 10:19:40.032770: 执行节点|Execute node: 提取数据
2025-04-22 10:19:40.070776: 执行节点|Execute node: 循环采集数据
2025-04-22 10:19:41.214049: Page:  37
2025-04-22 10:19:41.230115: 执行节点|Execute node: 点击下一章
2025-04-22 10:19:41.516539: 点击元素|Click element: //*[contains(@class, "nav-btn-group")]/a[3]
2025-04-22 10:19:44.840583: 执行节点|Execute node: 提取数据
2025-04-22 10:19:44.877151: 执行节点|Execute node: 循环采集数据
2025-04-22 10:19:46.016245: Page:  38
2025-04-22 10:19:46.032924: 执行节点|Execute node: 点击下一章
2025-04-22 10:19:46.324216: 点击元素|Click element: //*[contains(@class, "nav-btn-group")]/a[3]
2025-04-22 10:19:49.574159: 执行节点|Execute node: 提取数据
2025-04-22 10:19:49.603792: 执行节点|Execute node: 循环采集数据
2025-04-22 10:19:50.743491: Page:  39
2025-04-22 10:19:50.761193: 执行节点|Execute node: 点击下一章
2025-04-22 10:19:51.068995: 点击元素|Click element: //*[contains(@class, "nav-btn-group")]/a[3]
2025-04-22 10:19:54.415052: 执行节点|Execute node: 提取数据
2025-04-22 10:19:54.449933: 执行节点|Execute node: 循环采集数据
2025-04-22 10:19:55.588305: Page:  40
2025-04-22 10:19:55.605170: 执行节点|Execute node: 点击下一章
2025-04-22 10:19:55.897614: 点击元素|Click element: //*[contains(@class, "nav-btn-group")]/a[3]
2025-04-22 10:19:59.151209: 执行节点|Execute node: 提取数据
2025-04-22 10:19:59.188341: 执行节点|Execute node: 循环采集数据
2025-04-22 10:20:00.328747: Page:  41
2025-04-22 10:20:00.345785: 执行节点|Execute node: 点击下一章
2025-04-22 10:20:00.646096: 点击元素|Click element: //*[contains(@class, "nav-btn-group")]/a[3]
2025-04-22 10:20:03.892774: 执行节点|Execute node: 提取数据
2025-04-22 10:20:03.926295: 执行节点|Execute node: 循环采集数据
2025-04-22 10:20:05.072777: Page:  42
2025-04-22 10:20:05.081905: 执行节点|Execute node: 点击下一章
2025-04-22 10:20:05.377995: 点击元素|Click element: //*[contains(@class, "nav-btn-group")]/a[3]
2025-04-22 10:20:08.630173: 执行节点|Execute node: 提取数据
2025-04-22 10:20:08.671515: 执行节点|Execute node: 循环采集数据
2025-04-22 10:20:09.815850: Page:  43
2025-04-22 10:20:09.829773: 执行节点|Execute node: 点击下一章
2025-04-22 10:20:10.126212: 点击元素|Click element: //*[contains(@class, "nav-btn-group")]/a[3]
2025-04-22 10:20:13.381375: 执行节点|Execute node: 提取数据
2025-04-22 10:20:13.420911: 执行节点|Execute node: 循环采集数据
2025-04-22 10:20:14.563375: Page:  44
2025-04-22 10:20:14.581364: 执行节点|Execute node: 点击下一章
2025-04-22 10:20:14.870954: 点击元素|Click element: //*[contains(@class, "nav-btn-group")]/a[3]
2025-04-22 10:20:18.375659: 执行节点|Execute node: 提取数据
2025-04-22 10:20:18.411207: 执行节点|Execute node: 循环采集数据
2025-04-22 10:20:19.552420: Page:  45
2025-04-22 10:20:19.566249: 执行节点|Execute node: 点击下一章
2025-04-22 10:20:19.862083: 点击元素|Click element: //*[contains(@class, "nav-btn-group")]/a[3]
2025-04-22 10:20:23.748880: 执行节点|Execute node: 提取数据
2025-04-22 10:20:23.788320: 执行节点|Execute node: 循环采集数据
2025-04-22 10:20:24.934315: Page:  46
2025-04-22 10:20:24.950643: 执行节点|Execute node: 点击下一章
2025-04-22 10:20:25.236331: 点击元素|Click element: //*[contains(@class, "nav-btn-group")]/a[3]
2025-04-22 10:20:28.520830: 执行节点|Execute node: 提取数据
2025-04-22 10:20:28.558252: 执行节点|Execute node: 循环采集数据
2025-04-22 10:20:29.697088: Page:  47
2025-04-22 10:20:29.713392: 执行节点|Execute node: 点击下一章
2025-04-22 10:20:29.993376: 点击元素|Click element: //*[contains(@class, "nav-btn-group")]/a[3]
2025-04-22 10:20:33.365086: 执行节点|Execute node: 提取数据
2025-04-22 10:20:33.402011: 执行节点|Execute node: 循环采集数据
2025-04-22 10:20:34.545064: Page:  48
2025-04-22 10:20:34.561777: 执行节点|Execute node: 点击下一章
2025-04-22 10:20:34.848253: 点击元素|Click element: //*[contains(@class, "nav-btn-group")]/a[3]
2025-04-22 10:20:38.135916: 执行节点|Execute node: 提取数据
2025-04-22 10:20:38.173046: 执行节点|Execute node: 循环采集数据
2025-04-22 10:20:39.320968: Page:  49
2025-04-22 10:20:39.339854: 执行节点|Execute node: 点击下一章
2025-04-22 10:20:39.621770: 点击元素|Click element: //*[contains(@class, "nav-btn-group")]/a[3]
2025-04-22 10:20:42.955272: 执行节点|Execute node: 提取数据
2025-04-22 10:20:42.990714: 执行节点|Execute node: 循环采集数据
2025-04-22 10:20:44.134049: Page:  50
2025-04-22 10:20:45.276195: 执行节点|Execute node: 点击排行榜中的小说
2025-04-22 10:20:45.567147: 点击元素|Click element: //*[@id="__layout"]/section/section/section/section[2]/div[2]/section/div[4]/a/div/img
2025-04-22 10:20:53.389613: 执行节点|Execute node: 点击立即阅读
2025-04-22 10:20:53.715784: 点击元素|Click element: //*[contains(@class, "book-info--btn-reading")]
2025-04-22 10:20:57.015484: 执行节点|Execute node: 提取书名和章节
2025-04-22 10:20:57.052424: 执行节点|Execute node: 循环采集数据
2025-04-22 10:20:58.195703: 执行节点|Execute node: 循环点击：下一章
2025-04-22 10:20:58.321324: 执行节点|Execute node: 点击下一章
2025-04-22 10:20:58.603611: 点击元素|Click element: //*[contains(@class, "nav-btn-group")]/a[3]
2025-04-22 10:21:02.045833: 执行节点|Execute node: 提取数据
2025-04-22 10:21:02.086672: 执行节点|Execute node: 循环采集数据
2025-04-22 10:21:03.225978: Page:  1
2025-04-22 10:21:03.243000: 执行节点|Execute node: 点击下一章
2025-04-22 10:21:03.532402: 点击元素|Click element: //*[contains(@class, "nav-btn-group")]/a[3]
2025-04-22 10:21:07.136122: 执行节点|Execute node: 提取数据
2025-04-22 10:21:07.173630: 执行节点|Execute node: 循环采集数据
2025-04-22 10:21:08.322511: Page:  2
2025-04-22 10:21:08.336720: 执行节点|Execute node: 点击下一章
2025-04-22 10:21:08.629227: 点击元素|Click element: //*[contains(@class, "nav-btn-group")]/a[3]
2025-04-22 10:21:12.111274: 执行节点|Execute node: 提取数据
2025-04-22 10:21:12.153467: 执行节点|Execute node: 循环采集数据
2025-04-22 10:21:13.288342: Page:  3
2025-04-22 10:21:13.301611: 执行节点|Execute node: 点击下一章
2025-04-22 10:21:13.587783: 点击元素|Click element: //*[contains(@class, "nav-btn-group")]/a[3]
2025-04-22 10:21:16.890209: 执行节点|Execute node: 提取数据
2025-04-22 10:21:16.927388: 执行节点|Execute node: 循环采集数据
2025-04-22 10:21:18.072885: Page:  4
2025-04-22 10:21:18.089536: 执行节点|Execute node: 点击下一章
2025-04-22 10:21:18.375025: 点击元素|Click element: //*[contains(@class, "nav-btn-group")]/a[3]
2025-04-22 10:21:21.845210: 执行节点|Execute node: 提取数据
2025-04-22 10:21:21.885146: 执行节点|Execute node: 循环采集数据
2025-04-22 10:21:23.039252: Page:  5
2025-04-22 10:21:23.054362: 执行节点|Execute node: 点击下一章
2025-04-22 10:21:23.349796: 点击元素|Click element: //*[contains(@class, "nav-btn-group")]/a[3]
2025-04-22 10:21:26.795944: 执行节点|Execute node: 提取数据
2025-04-22 10:21:26.832279: 执行节点|Execute node: 循环采集数据
2025-04-22 10:21:27.982943: Page:  6
2025-04-22 10:21:28.000337: 执行节点|Execute node: 点击下一章
2025-04-22 10:21:28.281612: 点击元素|Click element: //*[contains(@class, "nav-btn-group")]/a[3]
2025-04-22 10:21:31.700760: 执行节点|Execute node: 提取数据
2025-04-22 10:21:31.743047: 执行节点|Execute node: 循环采集数据
2025-04-22 10:21:32.884684: Page:  7
2025-04-22 10:21:32.900337: 执行节点|Execute node: 点击下一章
2025-04-22 10:21:33.195699: 点击元素|Click element: //*[contains(@class, "nav-btn-group")]/a[3]
2025-04-22 10:21:36.583886: 执行节点|Execute node: 提取数据
2025-04-22 10:21:36.623528: 执行节点|Execute node: 循环采集数据
2025-04-22 10:21:37.768932: Page:  8
2025-04-22 10:21:37.788473: 执行节点|Execute node: 点击下一章
2025-04-22 10:21:38.078866: 点击元素|Click element: //*[contains(@class, "nav-btn-group")]/a[3]
2025-04-22 10:21:41.582335: 执行节点|Execute node: 提取数据
2025-04-22 10:21:41.619913: 执行节点|Execute node: 循环采集数据
2025-04-22 10:21:42.764793: Page:  9
2025-04-22 10:21:42.780552: 执行节点|Execute node: 点击下一章
2025-04-22 10:21:43.062121: 点击元素|Click element: //*[contains(@class, "nav-btn-group")]/a[3]
2025-04-22 10:21:46.621820: 执行节点|Execute node: 提取数据
2025-04-22 10:21:46.662498: 执行节点|Execute node: 循环采集数据
2025-04-22 10:21:47.805009: Page:  10
2025-04-22 10:21:47.818482: 执行节点|Execute node: 点击下一章
2025-04-22 10:21:48.111294: 点击元素|Click element: //*[contains(@class, "nav-btn-group")]/a[3]
2025-04-22 10:21:51.296459: 执行节点|Execute node: 提取数据
2025-04-22 10:21:51.334641: 执行节点|Execute node: 循环采集数据
2025-04-22 10:21:52.481500: Page:  11
2025-04-22 10:21:52.501456: 执行节点|Execute node: 点击下一章
2025-04-22 10:21:52.787596: 点击元素|Click element: //*[contains(@class, "nav-btn-group")]/a[3]
2025-04-22 10:21:56.295516: 执行节点|Execute node: 提取数据
2025-04-22 10:21:56.335107: 执行节点|Execute node: 循环采集数据
2025-04-22 10:21:57.474596: Page:  12
2025-04-22 10:21:57.490809: 执行节点|Execute node: 点击下一章
2025-04-22 10:21:57.769931: 点击元素|Click element: //*[contains(@class, "nav-btn-group")]/a[3]
2025-04-22 10:22:01.262358: 执行节点|Execute node: 提取数据
2025-04-22 10:22:01.303102: 执行节点|Execute node: 循环采集数据
2025-04-22 10:22:02.445715: Page:  13
2025-04-22 10:22:02.464297: 执行节点|Execute node: 点击下一章
2025-04-22 10:22:02.747469: 点击元素|Click element: //*[contains(@class, "nav-btn-group")]/a[3]
2025-04-22 10:22:06.206003: 执行节点|Execute node: 提取数据
2025-04-22 10:22:06.243663: 执行节点|Execute node: 循环采集数据
2025-04-22 10:22:07.390552: Page:  14
2025-04-22 10:22:07.406543: 执行节点|Execute node: 点击下一章
2025-04-22 10:22:07.695409: 点击元素|Click element: //*[contains(@class, "nav-btn-group")]/a[3]
2025-04-22 10:22:11.167645: 执行节点|Execute node: 提取数据
2025-04-22 10:22:11.206721: 执行节点|Execute node: 循环采集数据
2025-04-22 10:22:12.355633: Page:  15
2025-04-22 10:22:12.371974: 执行节点|Execute node: 点击下一章
2025-04-22 10:22:12.663335: 点击元素|Click element: //*[contains(@class, "nav-btn-group")]/a[3]
2025-04-22 10:22:16.086789: 执行节点|Execute node: 提取数据
2025-04-22 10:22:16.124839: 执行节点|Execute node: 循环采集数据
2025-04-22 10:22:17.266908: Page:  16
2025-04-22 10:22:17.282757: 执行节点|Execute node: 点击下一章
2025-04-22 10:22:17.569213: 点击元素|Click element: //*[contains(@class, "nav-btn-group")]/a[3]
2025-04-22 10:22:21.046847: 执行节点|Execute node: 提取数据
2025-04-22 10:22:21.080881: 执行节点|Execute node: 循环采集数据
2025-04-22 10:22:22.226168: Page:  17
2025-04-22 10:22:22.242171: 执行节点|Execute node: 点击下一章
2025-04-22 10:22:22.519738: 点击元素|Click element: //*[contains(@class, "nav-btn-group")]/a[3]
2025-04-22 10:22:25.913182: 执行节点|Execute node: 提取数据
2025-04-22 10:22:25.953691: 执行节点|Execute node: 循环采集数据
2025-04-22 10:22:27.092073: Page:  18
2025-04-22 10:22:27.105075: 执行节点|Execute node: 点击下一章
2025-04-22 10:22:27.399505: 点击元素|Click element: //*[contains(@class, "nav-btn-group")]/a[3]
2025-04-22 10:22:30.865384: 执行节点|Execute node: 提取数据
2025-04-22 10:22:30.905742: 执行节点|Execute node: 循环采集数据
2025-04-22 10:22:32.047387: Page:  19
2025-04-22 10:22:32.064280: 执行节点|Execute node: 点击下一章
2025-04-22 10:22:32.349550: 点击元素|Click element: //*[contains(@class, "nav-btn-group")]/a[3]
2025-04-22 10:22:35.445000: 执行节点|Execute node: 提取数据
2025-04-22 10:22:35.485247: 执行节点|Execute node: 循环采集数据
2025-04-22 10:22:36.633088: Page:  20
2025-04-22 10:22:36.645094: 执行节点|Execute node: 点击下一章
2025-04-22 10:22:36.934999: 点击元素|Click element: //*[contains(@class, "nav-btn-group")]/a[3]
2025-04-22 10:22:40.364361: 执行节点|Execute node: 提取数据
2025-04-22 10:22:40.404590: 执行节点|Execute node: 循环采集数据
2025-04-22 10:22:41.546168: Page:  21
2025-04-22 10:22:41.561107: 执行节点|Execute node: 点击下一章
2025-04-22 10:22:41.847768: 点击元素|Click element: //*[contains(@class, "nav-btn-group")]/a[3]
2025-04-22 10:22:45.310057: 执行节点|Execute node: 提取数据
2025-04-22 10:22:45.348375: 执行节点|Execute node: 循环采集数据
2025-04-22 10:22:46.493495: Page:  22
2025-04-22 10:22:46.512985: 执行节点|Execute node: 点击下一章
2025-04-22 10:22:46.795359: 点击元素|Click element: //*[contains(@class, "nav-btn-group")]/a[3]
2025-04-22 10:22:50.254680: 执行节点|Execute node: 提取数据
2025-04-22 10:22:50.292919: 执行节点|Execute node: 循环采集数据
2025-04-22 10:22:51.437753: Page:  23
2025-04-22 10:22:51.457281: 执行节点|Execute node: 点击下一章
2025-04-22 10:22:51.742998: 点击元素|Click element: //*[contains(@class, "nav-btn-group")]/a[3]
2025-04-22 10:22:55.159718: 执行节点|Execute node: 提取数据
2025-04-22 10:22:55.203779: 执行节点|Execute node: 循环采集数据
2025-04-22 10:22:56.347838: Page:  24
2025-04-22 10:22:56.363674: 执行节点|Execute node: 点击下一章
2025-04-22 10:22:56.659454: 点击元素|Click element: //*[contains(@class, "nav-btn-group")]/a[3]
2025-04-22 10:23:00.077486: 执行节点|Execute node: 提取数据
2025-04-22 10:23:00.108345: 执行节点|Execute node: 循环采集数据
2025-04-22 10:23:01.254742: Page:  25
2025-04-22 10:23:01.272153: 执行节点|Execute node: 点击下一章
2025-04-22 10:23:01.565250: 点击元素|Click element: //*[contains(@class, "nav-btn-group")]/a[3]
2025-04-22 10:23:05.014593: 执行节点|Execute node: 提取数据
2025-04-22 10:23:05.053403: 执行节点|Execute node: 循环采集数据
2025-04-22 10:23:06.196518: Page:  26
2025-04-22 10:23:06.211988: 执行节点|Execute node: 点击下一章
2025-04-22 10:23:06.497165: 点击元素|Click element: //*[contains(@class, "nav-btn-group")]/a[3]
2025-04-22 10:23:09.721967: 执行节点|Execute node: 提取数据
2025-04-22 10:23:09.756871: 执行节点|Execute node: 循环采集数据
2025-04-22 10:23:10.896593: Page:  27
2025-04-22 10:23:10.916106: 执行节点|Execute node: 点击下一章
2025-04-22 10:23:11.212103: 点击元素|Click element: //*[contains(@class, "nav-btn-group")]/a[3]
2025-04-22 10:23:14.626910: 执行节点|Execute node: 提取数据
2025-04-22 10:23:14.664893: 执行节点|Execute node: 循环采集数据
2025-04-22 10:23:15.811020: Page:  28
2025-04-22 10:23:15.830369: 执行节点|Execute node: 点击下一章
2025-04-22 10:23:16.128927: 点击元素|Click element: //*[contains(@class, "nav-btn-group")]/a[3]
2025-04-22 10:23:19.578625: 执行节点|Execute node: 提取数据
2025-04-22 10:23:19.618459: 执行节点|Execute node: 循环采集数据
2025-04-22 10:23:20.767486: Page:  29
2025-04-22 10:23:20.787406: 执行节点|Execute node: 点击下一章
2025-04-22 10:23:21.085895: 点击元素|Click element: //*[contains(@class, "nav-btn-group")]/a[3]
2025-04-22 10:23:24.514077: 执行节点|Execute node: 提取数据
2025-04-22 10:23:24.556354: 执行节点|Execute node: 循环采集数据
2025-04-22 10:23:25.700699: Page:  30
2025-04-22 10:23:25.715500: 执行节点|Execute node: 点击下一章
2025-04-22 10:23:26.006818: 点击元素|Click element: //*[contains(@class, "nav-btn-group")]/a[3]
2025-04-22 10:23:29.452998: 执行节点|Execute node: 提取数据
2025-04-22 10:23:29.494887: 执行节点|Execute node: 循环采集数据
2025-04-22 10:23:30.632957: Page:  31
2025-04-22 10:23:30.647444: 执行节点|Execute node: 点击下一章
2025-04-22 10:23:30.942364: 点击元素|Click element: //*[contains(@class, "nav-btn-group")]/a[3]
2025-04-22 10:23:34.350874: 执行节点|Execute node: 提取数据
2025-04-22 10:23:34.390846: 执行节点|Execute node: 循环采集数据
2025-04-22 10:23:35.529925: Page:  32
2025-04-22 10:23:35.547667: 执行节点|Execute node: 点击下一章
2025-04-22 10:23:35.839520: 点击元素|Click element: //*[contains(@class, "nav-btn-group")]/a[3]
2025-04-22 10:23:39.235004: 执行节点|Execute node: 提取数据
2025-04-22 10:23:39.272298: 执行节点|Execute node: 循环采集数据
2025-04-22 10:23:40.412933: Page:  33
2025-04-22 10:23:40.430275: 执行节点|Execute node: 点击下一章
2025-04-22 10:23:40.718516: 点击元素|Click element: //*[contains(@class, "nav-btn-group")]/a[3]
2025-04-22 10:23:44.170916: 执行节点|Execute node: 提取数据
2025-04-22 10:23:44.209934: 执行节点|Execute node: 循环采集数据
2025-04-22 10:23:45.354927: Page:  34
2025-04-22 10:23:45.366830: 执行节点|Execute node: 点击下一章
2025-04-22 10:23:45.660051: 点击元素|Click element: //*[contains(@class, "nav-btn-group")]/a[3]
2025-04-22 10:23:49.455258: 执行节点|Execute node: 提取数据
2025-04-22 10:23:49.495164: 执行节点|Execute node: 循环采集数据
2025-04-22 10:23:50.643006: Page:  35
2025-04-22 10:23:50.658890: 执行节点|Execute node: 点击下一章
2025-04-22 10:23:50.947360: 点击元素|Click element: //*[contains(@class, "nav-btn-group")]/a[3]
2025-04-22 10:23:54.445829: 执行节点|Execute node: 提取数据
2025-04-22 10:23:54.483176: 执行节点|Execute node: 循环采集数据
2025-04-22 10:23:55.622774: Page:  36
2025-04-22 10:23:55.637615: 执行节点|Execute node: 点击下一章
2025-04-22 10:23:55.941432: 点击元素|Click element: //*[contains(@class, "nav-btn-group")]/a[3]
2025-04-22 10:23:59.721030: 执行节点|Execute node: 提取数据
2025-04-22 10:23:59.759637: 执行节点|Execute node: 循环采集数据
2025-04-22 10:24:00.902387: Page:  37
2025-04-22 10:24:00.921514: 执行节点|Execute node: 点击下一章
2025-04-22 10:24:01.205724: 点击元素|Click element: //*[contains(@class, "nav-btn-group")]/a[3]
2025-04-22 10:24:04.651007: 执行节点|Execute node: 提取数据
2025-04-22 10:24:04.692030: 执行节点|Execute node: 循环采集数据
2025-04-22 10:24:05.836386: Page:  38
2025-04-22 10:24:05.848499: 执行节点|Execute node: 点击下一章
2025-04-22 10:24:06.147748: 点击元素|Click element: //*[contains(@class, "nav-btn-group")]/a[3]
2025-04-22 10:24:09.610720: 执行节点|Execute node: 提取数据
2025-04-22 10:24:09.648256: 执行节点|Execute node: 循环采集数据
2025-04-22 10:24:10.792163: Page:  39
2025-04-22 10:24:10.809841: 执行节点|Execute node: 点击下一章
2025-04-22 10:24:11.100246: 点击元素|Click element: //*[contains(@class, "nav-btn-group")]/a[3]
2025-04-22 10:24:14.619522: 执行节点|Execute node: 提取数据
2025-04-22 10:24:14.660415: 执行节点|Execute node: 循环采集数据
2025-04-22 10:24:15.797501: Page:  40
2025-04-22 10:24:15.811121: 执行节点|Execute node: 点击下一章
2025-04-22 10:24:16.106738: 点击元素|Click element: //*[contains(@class, "nav-btn-group")]/a[3]
2025-04-22 10:24:19.580346: 执行节点|Execute node: 提取数据
2025-04-22 10:24:19.624596: 执行节点|Execute node: 循环采集数据
2025-04-22 10:24:20.771151: Page:  41
2025-04-22 10:24:20.785913: 执行节点|Execute node: 点击下一章
2025-04-22 10:24:21.062211: 点击元素|Click element: //*[contains(@class, "nav-btn-group")]/a[3]
2025-04-22 10:24:24.499600: 执行节点|Execute node: 提取数据
2025-04-22 10:24:24.541382: 执行节点|Execute node: 循环采集数据
2025-04-22 10:24:25.684285: Page:  42
2025-04-22 10:24:25.699530: 执行节点|Execute node: 点击下一章
2025-04-22 10:24:25.991466: 点击元素|Click element: //*[contains(@class, "nav-btn-group")]/a[3]
2025-04-22 10:24:29.462380: 执行节点|Execute node: 提取数据
2025-04-22 10:24:29.501136: 执行节点|Execute node: 循环采集数据
2025-04-22 10:24:30.641983: Page:  43
2025-04-22 10:24:30.660076: 执行节点|Execute node: 点击下一章
2025-04-22 10:24:30.945025: 点击元素|Click element: //*[contains(@class, "nav-btn-group")]/a[3]
2025-04-22 10:24:34.365123: 执行节点|Execute node: 提取数据
2025-04-22 10:24:34.401890: 执行节点|Execute node: 循环采集数据
2025-04-22 10:24:35.541269: Page:  44
2025-04-22 10:24:35.557089: 执行节点|Execute node: 点击下一章
2025-04-22 10:24:35.846174: 点击元素|Click element: //*[contains(@class, "nav-btn-group")]/a[3]
2025-04-22 10:24:39.278547: 执行节点|Execute node: 提取数据
2025-04-22 10:24:39.321296: 执行节点|Execute node: 循环采集数据
2025-04-22 10:24:40.456297: Page:  45
2025-04-22 10:24:40.472013: 执行节点|Execute node: 点击下一章
2025-04-22 10:24:40.767287: 点击元素|Click element: //*[contains(@class, "nav-btn-group")]/a[3]
2025-04-22 10:24:43.982371: 执行节点|Execute node: 提取数据
2025-04-22 10:24:44.023109: 执行节点|Execute node: 循环采集数据
2025-04-22 10:24:45.163606: Page:  46
2025-04-22 10:24:45.183022: 执行节点|Execute node: 点击下一章
2025-04-22 10:24:45.469028: 点击元素|Click element: //*[contains(@class, "nav-btn-group")]/a[3]
2025-04-22 10:24:48.939227: 执行节点|Execute node: 提取数据
2025-04-22 10:24:48.977746: 执行节点|Execute node: 循环采集数据
2025-04-22 10:24:50.119036: Page:  47
2025-04-22 10:24:50.134838: 执行节点|Execute node: 点击下一章
2025-04-22 10:24:50.417866: 点击元素|Click element: //*[contains(@class, "nav-btn-group")]/a[3]
2025-04-22 10:24:53.948309: 执行节点|Execute node: 提取数据
2025-04-22 10:24:53.989191: 执行节点|Execute node: 循环采集数据
2025-04-22 10:24:55.134167: Page:  48
2025-04-22 10:24:55.146792: 执行节点|Execute node: 点击下一章
2025-04-22 10:24:55.440518: 点击元素|Click element: //*[contains(@class, "nav-btn-group")]/a[3]
2025-04-22 10:24:58.582838: 执行节点|Execute node: 提取数据
2025-04-22 10:24:58.623093: 执行节点|Execute node: 循环采集数据
2025-04-22 10:24:59.766252: Page:  49
2025-04-22 10:24:59.780910: 执行节点|Execute node: 点击下一章
2025-04-22 10:25:00.065941: 点击元素|Click element: //*[contains(@class, "nav-btn-group")]/a[3]
2025-04-22 10:25:03.490685: 执行节点|Execute node: 提取数据
2025-04-22 10:25:03.532233: 执行节点|Execute node: 循环采集数据
2025-04-22 10:25:04.669408: Page:  50
2025-04-22 10:25:05.777515: 执行节点|Execute node: 点击排行榜中的小说
2025-04-22 10:25:06.081093: 点击元素|Click element: //*[@id="__layout"]/section/section/section/section[2]/div[2]/section/div[5]/a/div/img
2025-04-22 10:25:13.385067: 执行节点|Execute node: 点击立即阅读
2025-04-22 10:25:13.706575: 点击元素|Click element: //*[contains(@class, "book-info--btn-reading")]
2025-04-22 10:25:16.731463: 执行节点|Execute node: 提取书名和章节
2025-04-22 10:25:16.790397: 执行节点|Execute node: 循环采集数据
2025-04-22 10:25:17.941041: 执行节点|Execute node: 循环点击：下一章
2025-04-22 10:25:18.069954: 执行节点|Execute node: 点击下一章
2025-04-22 10:25:18.370106: 点击元素|Click element: //*[contains(@class, "nav-btn-group")]/a[3]
2025-04-22 10:25:21.618923: 执行节点|Execute node: 提取数据
2025-04-22 10:25:21.680840: 执行节点|Execute node: 循环采集数据
2025-04-22 10:25:22.828027: Page:  1
2025-04-22 10:25:22.849223: 执行节点|Execute node: 点击下一章
2025-04-22 10:25:23.139003: 点击元素|Click element: //*[contains(@class, "nav-btn-group")]/a[3]
2025-04-22 10:25:26.261015: 执行节点|Execute node: 提取数据
2025-04-22 10:25:26.319871: 执行节点|Execute node: 循环采集数据
2025-04-22 10:25:27.485698: Page:  2
2025-04-22 10:25:27.504939: 执行节点|Execute node: 点击下一章
2025-04-22 10:25:27.787397: 点击元素|Click element: //*[contains(@class, "nav-btn-group")]/a[3]
2025-04-22 10:25:31.038036: 执行节点|Execute node: 提取数据
2025-04-22 10:25:31.094280: 执行节点|Execute node: 循环采集数据
2025-04-22 10:25:32.272776: Page:  3
2025-04-22 10:25:32.293188: 执行节点|Execute node: 点击下一章
2025-04-22 10:25:32.602686: 点击元素|Click element: //*[contains(@class, "nav-btn-group")]/a[3]
2025-04-22 10:25:35.850131: 执行节点|Execute node: 提取数据
2025-04-22 10:25:35.880138: 执行节点|Execute node: 循环采集数据
2025-04-22 10:25:37.021561: Page:  4
2025-04-22 10:25:37.041391: 执行节点|Execute node: 点击下一章
2025-04-22 10:25:37.350768: 点击元素|Click element: //*[contains(@class, "nav-btn-group")]/a[3]
2025-04-22 10:25:40.508188: 执行节点|Execute node: 提取数据
2025-04-22 10:25:40.568237: 执行节点|Execute node: 循环采集数据
2025-04-22 10:25:41.746624: Page:  5
2025-04-22 10:25:41.766443: 执行节点|Execute node: 点击下一章
2025-04-22 10:25:42.055675: 点击元素|Click element: //*[contains(@class, "nav-btn-group")]/a[3]
2025-04-22 10:25:45.242640: 执行节点|Execute node: 提取数据
2025-04-22 10:25:45.299112: 执行节点|Execute node: 循环采集数据
2025-04-22 10:25:46.469778: Page:  6
2025-04-22 10:25:46.489478: 执行节点|Execute node: 点击下一章
2025-04-22 10:25:46.785839: 点击元素|Click element: //*[contains(@class, "nav-btn-group")]/a[3]
2025-04-22 10:25:49.917832: 执行节点|Execute node: 提取数据
2025-04-22 10:25:49.978276: 执行节点|Execute node: 循环采集数据
2025-04-22 10:25:51.147201: Page:  7
2025-04-22 10:25:51.163033: 执行节点|Execute node: 点击下一章
2025-04-22 10:25:51.448583: 点击元素|Click element: //*[contains(@class, "nav-btn-group")]/a[3]
2025-04-22 10:25:55.579673: 执行节点|Execute node: 提取数据
2025-04-22 10:25:55.636830: 执行节点|Execute node: 循环采集数据
2025-04-22 10:25:56.815017: Page:  8
2025-04-22 10:25:56.837874: 执行节点|Execute node: 点击下一章
2025-04-22 10:25:57.138695: 点击元素|Click element: //*[contains(@class, "nav-btn-group")]/a[3]
2025-04-22 10:26:00.323317: 执行节点|Execute node: 提取数据
2025-04-22 10:26:00.387629: 执行节点|Execute node: 循环采集数据
2025-04-22 10:26:01.566682: Page:  9
2025-04-22 10:26:01.583068: 执行节点|Execute node: 点击下一章
2025-04-22 10:26:01.871609: 点击元素|Click element: //*[contains(@class, "nav-btn-group")]/a[3]
2025-04-22 10:26:05.076947: 执行节点|Execute node: 提取数据
2025-04-22 10:26:05.135623: 执行节点|Execute node: 循环采集数据
2025-04-22 10:26:06.298542: Page:  10
2025-04-22 10:26:06.310532: 执行节点|Execute node: 点击下一章
2025-04-22 10:26:06.608874: 点击元素|Click element: //*[contains(@class, "nav-btn-group")]/a[3]
2025-04-22 10:26:09.760094: 执行节点|Execute node: 提取数据
2025-04-22 10:26:09.819342: 执行节点|Execute node: 循环采集数据
2025-04-22 10:26:10.990748: Page:  11
2025-04-22 10:26:11.006547: 执行节点|Execute node: 点击下一章
2025-04-22 10:26:11.298794: 点击元素|Click element: //*[contains(@class, "nav-btn-group")]/a[3]
2025-04-22 10:26:14.492459: 执行节点|Execute node: 提取数据
2025-04-22 10:26:14.550489: 执行节点|Execute node: 循环采集数据
2025-04-22 10:26:15.722664: Page:  12
2025-04-22 10:26:15.742498: 执行节点|Execute node: 点击下一章
2025-04-22 10:26:16.032130: 点击元素|Click element: //*[contains(@class, "nav-btn-group")]/a[3]
2025-04-22 10:26:19.198922: 执行节点|Execute node: 提取数据
2025-04-22 10:26:19.256544: 执行节点|Execute node: 循环采集数据
2025-04-22 10:26:20.427165: Page:  13
2025-04-22 10:26:20.446554: 执行节点|Execute node: 点击下一章
2025-04-22 10:26:20.727632: 点击元素|Click element: //*[contains(@class, "nav-btn-group")]/a[3]
2025-04-22 10:26:23.892762: 执行节点|Execute node: 提取数据
2025-04-22 10:26:24.100538: 执行节点|Execute node: 循环采集数据
2025-04-22 10:26:25.276459: Page:  14
2025-04-22 10:26:25.293770: 执行节点|Execute node: 点击下一章
2025-04-22 10:26:25.598313: 点击元素|Click element: //*[contains(@class, "nav-btn-group")]/a[3]
2025-04-22 10:26:28.750735: 执行节点|Execute node: 提取数据
2025-04-22 10:26:28.794700: 执行节点|Execute node: 循环采集数据
2025-04-22 10:26:29.966538: Page:  15
2025-04-22 10:26:29.982427: 执行节点|Execute node: 点击下一章
2025-04-22 10:26:30.281893: 点击元素|Click element: //*[contains(@class, "nav-btn-group")]/a[3]
2025-04-22 10:26:33.758917: 执行节点|Execute node: 提取数据
2025-04-22 10:26:33.816948: 执行节点|Execute node: 循环采集数据
2025-04-22 10:26:34.989483: Page:  16
2025-04-22 10:26:35.003212: 执行节点|Execute node: 点击下一章
2025-04-22 10:26:35.297058: 点击元素|Click element: //*[contains(@class, "nav-btn-group")]/a[3]
2025-04-22 10:26:38.408681: 执行节点|Execute node: 提取数据
2025-04-22 10:26:38.473251: 执行节点|Execute node: 循环采集数据
2025-04-22 10:26:39.641058: Page:  17
2025-04-22 10:26:39.656924: 执行节点|Execute node: 点击下一章
2025-04-22 10:26:39.962861: 点击元素|Click element: //*[contains(@class, "nav-btn-group")]/a[3]
2025-04-22 10:26:43.050319: 执行节点|Execute node: 提取数据
2025-04-22 10:26:43.109176: 执行节点|Execute node: 循环采集数据
2025-04-22 10:26:44.277412: Page:  18
2025-04-22 10:26:44.293636: 执行节点|Execute node: 点击下一章
2025-04-22 10:26:44.596509: 点击元素失败://*[contains(@class, "nav-btn-group")]/a[3] ，请尝试将点击类型改为JavaScript点击后重试。
2025-04-22 10:26:44.596509: Failed to click element://*[contains(@class, "nav-btn-group")]/a[3] , please try to change the click type to JavaScript Click.
2025-04-22 10:26:44.600553: Message: disconnected: not connected to DevTools
  (failed to check if window was closed: disconnected: not connected to DevTools)
  (Session info: chrome=124.0.6367.61)
Stacktrace:
	GetHandleVerifier [0x00007FF7A260F922+3045234]
	(No symbol) [0x00007FF7A22B3652]
	(No symbol) [0x00007FF7A2177564]
	(No symbol) [0x00007FF7A215F4A4]
	(No symbol) [0x00007FF7A215F370]
	(No symbol) [0x00007FF7A2179B11]
	(No symbol) [0x00007FF7A2208899]
	(No symbol) [0x00007FF7A21E9B53]
	(No symbol) [0x00007FF7A21B813C]
	(No symbol) [0x00007FF7A21B8D71]
	GetHandleVerifier [0x00007FF7A263E89D+3237613]
	GetHandleVerifier [0x00007FF7A2680BA7+3508727]
	GetHandleVerifier [0x00007FF7A267976F+3478975]
	GetHandleVerifier [0x00007FF7A23EF1C6+815126]
	(No symbol) [0x00007FF7A22BED0F]
	(No symbol) [0x00007FF7A22B9854]
	(No symbol) [0x00007FF7A22B99E2]
	(No symbol) [0x00007FF7A22AA574]
	BaseThreadInitThunk [0x00007FFA0F907374+20]
	RtlUserThreadStart [0x00007FFA10ADCC91+33]

2025-04-22 13:38:31.111952: 执行节点<点击下一章>时出错，将继续执行，错误为： Message: disconnected: not connected to DevTools
  (failed to check if window was closed: disconnected: not connected to DevTools)
  (Session info: chrome=124.0.6367.61)
Stacktrace:
	GetHandleVerifier [0x00007FF7A260F922+3045234]
	(No symbol) [0x00007FF7A22B3652]
	(No symbol) [0x00007FF7A2177564]
	(No symbol) [0x00007FF7A215E324]
	(No symbol) [0x00007FF7A215EE8F]
	(No symbol) [0x00007FF7A2177B5D]
	(No symbol) [0x00007FF7A214D63C]
	(No symbol) [0x00007FF7A21F8F77]
	(No symbol) [0x00007FF7A21E9D70]
	(No symbol) [0x00007FF7A21B813C]
	(No symbol) [0x00007FF7A21B8D71]
	GetHandleVerifier [0x00007FF7A263E89D+3237613]
	GetHandleVerifier [0x00007FF7A2680BA7+3508727]
	GetHandleVerifier [0x00007FF7A267976F+3478975]
	GetHandleVerifier [0x00007FF7A23EF1C6+815126]
	(No symbol) [0x00007FF7A22BED0F]
	(No symbol) [0x00007FF7A22B9854]
	(No symbol) [0x00007FF7A22B99E2]
	(No symbol) [0x00007FF7A22AA574]
	BaseThreadInitThunk [0x00007FFA0F907374+20]
	RtlUserThreadStart [0x00007FFA10ADCC91+33]

2025-04-22 13:38:31.111952: Error executing node <点击下一章>, will continue to execute, error is: Message: disconnected: not connected to DevTools
  (failed to check if window was closed: disconnected: not connected to DevTools)
  (Session info: chrome=124.0.6367.61)
Stacktrace:
	GetHandleVerifier [0x00007FF7A260F922+3045234]
	(No symbol) [0x00007FF7A22B3652]
	(No symbol) [0x00007FF7A2177564]
	(No symbol) [0x00007FF7A215E324]
	(No symbol) [0x00007FF7A215EE8F]
	(No symbol) [0x00007FF7A2177B5D]
	(No symbol) [0x00007FF7A214D63C]
	(No symbol) [0x00007FF7A21F8F77]
	(No symbol) [0x00007FF7A21E9D70]
	(No symbol) [0x00007FF7A21B813C]
	(No symbol) [0x00007FF7A21B8D71]
	GetHandleVerifier [0x00007FF7A263E89D+3237613]
	GetHandleVerifier [0x00007FF7A2680BA7+3508727]
	GetHandleVerifier [0x00007FF7A267976F+3478975]
	GetHandleVerifier [0x00007FF7A23EF1C6+815126]
	(No symbol) [0x00007FF7A22BED0F]
	(No symbol) [0x00007FF7A22B9854]
	(No symbol) [0x00007FF7A22B99E2]
	(No symbol) [0x00007FF7A22AA574]
	BaseThreadInitThunk [0x00007FFA0F907374+20]
	RtlUserThreadStart [0x00007FFA10ADCC91+33]

2025-04-22 13:38:31.114942: 执行节点|Execute node: 提取数据
2025-04-22 13:38:31.187718: Element /html/body/div[1]/div[4]/div[1]/div[1]/div[1]/div[1]/div[2] not found with parameter name 章节名称 when extracting data, use default, this error will only show once
2025-04-22 13:38:31.190708: 提取数据操作时，字段名 章节名称 对应XPath /html/body/div[1]/div[4]/div[1]/div[1]/div[1]/div[1]/div[2] 未找到（请查看原因，如是否翻页太快页面元素未加载出来），使用默认值，本字段将不再重复报错
2025-04-22 13:38:31.191705: 执行节点|Execute node: 循环采集数据
2025-04-22 13:38:31.373579: 执行节点<循环采集数据>时出错，将继续执行，错误为： Message: disconnected: not connected to DevTools
  (failed to check if window was closed: disconnected: not connected to DevTools)
  (Session info: chrome=124.0.6367.61)
Stacktrace:
	GetHandleVerifier [0x00007FF7A260F922+3045234]
	(No symbol) [0x00007FF7A22B3652]
	(No symbol) [0x00007FF7A2177564]
	(No symbol) [0x00007FF7A215F4A4]
	(No symbol) [0x00007FF7A215F370]
	(No symbol) [0x00007FF7A2179B11]
	(No symbol) [0x00007FF7A2208899]
	(No symbol) [0x00007FF7A21E9B53]
	(No symbol) [0x00007FF7A21B813C]
	(No symbol) [0x00007FF7A21B8D71]
	GetHandleVerifier [0x00007FF7A263E89D+3237613]
	GetHandleVerifier [0x00007FF7A2680BA7+3508727]
	GetHandleVerifier [0x00007FF7A267976F+3478975]
	GetHandleVerifier [0x00007FF7A23EF1C6+815126]
	(No symbol) [0x00007FF7A22BED0F]
	(No symbol) [0x00007FF7A22B9854]
	(No symbol) [0x00007FF7A22B99E2]
	(No symbol) [0x00007FF7A22AA574]
	BaseThreadInitThunk [0x00007FFA0F907374+20]
	RtlUserThreadStart [0x00007FFA10ADCC91+33]

2025-04-22 13:38:31.379816: Error executing node <循环采集数据>, will continue to execute, error is: Message: disconnected: not connected to DevTools
  (failed to check if window was closed: disconnected: not connected to DevTools)
  (Session info: chrome=124.0.6367.61)
Stacktrace:
	GetHandleVerifier [0x00007FF7A260F922+3045234]
	(No symbol) [0x00007FF7A22B3652]
	(No symbol) [0x00007FF7A2177564]
	(No symbol) [0x00007FF7A215F4A4]
	(No symbol) [0x00007FF7A215F370]
	(No symbol) [0x00007FF7A2179B11]
	(No symbol) [0x00007FF7A2208899]
	(No symbol) [0x00007FF7A21E9B53]
	(No symbol) [0x00007FF7A21B813C]
	(No symbol) [0x00007FF7A21B8D71]
	GetHandleVerifier [0x00007FF7A263E89D+3237613]
	GetHandleVerifier [0x00007FF7A2680BA7+3508727]
	GetHandleVerifier [0x00007FF7A267976F+3478975]
	GetHandleVerifier [0x00007FF7A23EF1C6+815126]
	(No symbol) [0x00007FF7A22BED0F]
	(No symbol) [0x00007FF7A22B9854]
	(No symbol) [0x00007FF7A22B99E2]
	(No symbol) [0x00007FF7A22AA574]
	BaseThreadInitThunk [0x00007FFA0F907374+20]
	RtlUserThreadStart [0x00007FFA10ADCC91+33]

2025-04-22 13:38:31.395763: Page:  19
2025-04-22 13:38:31.413633: 

-------Retrying-------


2025-04-22 13:38:31.417620: -------Retrying-------:  //*[contains(@class, "nav-btn-group")]/a[3]
2025-04-22 13:38:31.417620: 执行节点|Execute node: 点击下一章
2025-04-22 13:38:31.433998: Cannot find element://*[contains(@class, "nav-btn-group")]/a[3], please try to set the wait time before executing this operation
2025-04-22 13:38:31.435992: 找不到要点击的元素://*[contains(@class, "nav-btn-group")]/a[3]，请尝试在执行此操作前设置等待时间
2025-04-22 13:38:31.438011: 执行节点<点击下一章>时出错，将继续执行，错误为： Message: disconnected: not connected to DevTools
  (failed to check if window was closed: disconnected: not connected to DevTools)
  (Session info: chrome=124.0.6367.61)
Stacktrace:
	GetHandleVerifier [0x00007FF7A260F922+3045234]
	(No symbol) [0x00007FF7A22B3652]
	(No symbol) [0x00007FF7A2177564]
	(No symbol) [0x00007FF7A215E324]
	(No symbol) [0x00007FF7A215EE8F]
	(No symbol) [0x00007FF7A2177B5D]
	(No symbol) [0x00007FF7A214D63C]
	(No symbol) [0x00007FF7A21F8F77]
	(No symbol) [0x00007FF7A21E9D70]
	(No symbol) [0x00007FF7A21B813C]
	(No symbol) [0x00007FF7A21B8D71]
	GetHandleVerifier [0x00007FF7A263E89D+3237613]
	GetHandleVerifier [0x00007FF7A2680BA7+3508727]
	GetHandleVerifier [0x00007FF7A267976F+3478975]
	GetHandleVerifier [0x00007FF7A23EF1C6+815126]
	(No symbol) [0x00007FF7A22BED0F]
	(No symbol) [0x00007FF7A22B9854]
	(No symbol) [0x00007FF7A22B99E2]
	(No symbol) [0x00007FF7A22AA574]
	BaseThreadInitThunk [0x00007FFA0F907374+20]
	RtlUserThreadStart [0x00007FFA10ADCC91+33]

2025-04-22 13:38:31.438872: Error executing node <点击下一章>, will continue to execute, error is: Message: disconnected: not connected to DevTools
  (failed to check if window was closed: disconnected: not connected to DevTools)
  (Session info: chrome=124.0.6367.61)
Stacktrace:
	GetHandleVerifier [0x00007FF7A260F922+3045234]
	(No symbol) [0x00007FF7A22B3652]
	(No symbol) [0x00007FF7A2177564]
	(No symbol) [0x00007FF7A215E324]
	(No symbol) [0x00007FF7A215EE8F]
	(No symbol) [0x00007FF7A2177B5D]
	(No symbol) [0x00007FF7A214D63C]
	(No symbol) [0x00007FF7A21F8F77]
	(No symbol) [0x00007FF7A21E9D70]
	(No symbol) [0x00007FF7A21B813C]
	(No symbol) [0x00007FF7A21B8D71]
	GetHandleVerifier [0x00007FF7A263E89D+3237613]
	GetHandleVerifier [0x00007FF7A2680BA7+3508727]
	GetHandleVerifier [0x00007FF7A267976F+3478975]
	GetHandleVerifier [0x00007FF7A23EF1C6+815126]
	(No symbol) [0x00007FF7A22BED0F]
	(No symbol) [0x00007FF7A22B9854]
	(No symbol) [0x00007FF7A22B99E2]
	(No symbol) [0x00007FF7A22AA574]
	BaseThreadInitThunk [0x00007FFA0F907374+20]
	RtlUserThreadStart [0x00007FFA10ADCC91+33]

2025-04-22 13:38:31.439383: 执行节点|Execute node: 提取数据
2025-04-22 13:38:31.453893: 执行节点|Execute node: 循环采集数据
2025-04-22 13:38:31.563364: 执行节点<循环采集数据>时出错，将继续执行，错误为： Message: disconnected: not connected to DevTools
  (failed to check if window was closed: disconnected: not connected to DevTools)
  (Session info: chrome=124.0.6367.61)
Stacktrace:
	GetHandleVerifier [0x00007FF7A260F922+3045234]
	(No symbol) [0x00007FF7A22B3652]
	(No symbol) [0x00007FF7A2177564]
	(No symbol) [0x00007FF7A215F4A4]
	(No symbol) [0x00007FF7A215F370]
	(No symbol) [0x00007FF7A2179B11]
	(No symbol) [0x00007FF7A2208899]
	(No symbol) [0x00007FF7A21E9B53]
	(No symbol) [0x00007FF7A21B813C]
	(No symbol) [0x00007FF7A21B8D71]
	GetHandleVerifier [0x00007FF7A263E89D+3237613]
	GetHandleVerifier [0x00007FF7A2680BA7+3508727]
	GetHandleVerifier [0x00007FF7A267976F+3478975]
	GetHandleVerifier [0x00007FF7A23EF1C6+815126]
	(No symbol) [0x00007FF7A22BED0F]
	(No symbol) [0x00007FF7A22B9854]
	(No symbol) [0x00007FF7A22B99E2]
	(No symbol) [0x00007FF7A22AA574]
	BaseThreadInitThunk [0x00007FFA0F907374+20]
	RtlUserThreadStart [0x00007FFA10ADCC91+33]

2025-04-22 13:38:31.566465: Error executing node <循环采集数据>, will continue to execute, error is: Message: disconnected: not connected to DevTools
  (failed to check if window was closed: disconnected: not connected to DevTools)
  (Session info: chrome=124.0.6367.61)
Stacktrace:
	GetHandleVerifier [0x00007FF7A260F922+3045234]
	(No symbol) [0x00007FF7A22B3652]
	(No symbol) [0x00007FF7A2177564]
	(No symbol) [0x00007FF7A215F4A4]
	(No symbol) [0x00007FF7A215F370]
	(No symbol) [0x00007FF7A2179B11]
	(No symbol) [0x00007FF7A2208899]
	(No symbol) [0x00007FF7A21E9B53]
	(No symbol) [0x00007FF7A21B813C]
	(No symbol) [0x00007FF7A21B8D71]
	GetHandleVerifier [0x00007FF7A263E89D+3237613]
	GetHandleVerifier [0x00007FF7A2680BA7+3508727]
	GetHandleVerifier [0x00007FF7A267976F+3478975]
	GetHandleVerifier [0x00007FF7A23EF1C6+815126]
	(No symbol) [0x00007FF7A22BED0F]
	(No symbol) [0x00007FF7A22B9854]
	(No symbol) [0x00007FF7A22B99E2]
	(No symbol) [0x00007FF7A22AA574]
	BaseThreadInitThunk [0x00007FFA0F907374+20]
	RtlUserThreadStart [0x00007FFA10ADCC91+33]

2025-04-22 15:42:53.306259: 关闭标签页发生错误： Message: disconnected: not connected to DevTools
  (failed to check if window was closed: disconnected: not connected to DevTools)
  (Session info: chrome=124.0.6367.61)
Stacktrace:
	GetHandleVerifier [0x00007FF7A260F922+3045234]
	(No symbol) [0x00007FF7A22B3652]
	(No symbol) [0x00007FF7A2177564]
	(No symbol) [0x00007FF7A215E324]
	(No symbol) [0x00007FF7A215EE8F]
	(No symbol) [0x00007FF7A2177B5D]
	(No symbol) [0x00007FF7A214D63C]
	(No symbol) [0x00007FF7A21F80A4]
	(No symbol) [0x00007FF7A21E9D70]
	(No symbol) [0x00007FF7A21B813C]
	(No symbol) [0x00007FF7A21B8D71]
	GetHandleVerifier [0x00007FF7A263E89D+3237613]
	GetHandleVerifier [0x00007FF7A2680BA7+3508727]
	GetHandleVerifier [0x00007FF7A267976F+3478975]
	GetHandleVerifier [0x00007FF7A23EF1C6+815126]
	(No symbol) [0x00007FF7A22BED0F]
	(No symbol) [0x00007FF7A22B9854]
	(No symbol) [0x00007FF7A22B99E2]
	(No symbol) [0x00007FF7A22AA574]
	BaseThreadInitThunk [0x00007FFA0F907374+20]
	RtlUserThreadStart [0x00007FFA10ADCC91+33]

2025-04-22 15:42:53.308949: Error occurred while closing tab:  Message: disconnected: not connected to DevTools
  (failed to check if window was closed: disconnected: not connected to DevTools)
  (Session info: chrome=124.0.6367.61)
Stacktrace:
	GetHandleVerifier [0x00007FF7A260F922+3045234]
	(No symbol) [0x00007FF7A22B3652]
	(No symbol) [0x00007FF7A2177564]
	(No symbol) [0x00007FF7A215E324]
	(No symbol) [0x00007FF7A215EE8F]
	(No symbol) [0x00007FF7A2177B5D]
	(No symbol) [0x00007FF7A214D63C]
	(No symbol) [0x00007FF7A21F80A4]
	(No symbol) [0x00007FF7A21E9D70]
	(No symbol) [0x00007FF7A21B813C]
	(No symbol) [0x00007FF7A21B8D71]
	GetHandleVerifier [0x00007FF7A263E89D+3237613]
	GetHandleVerifier [0x00007FF7A2680BA7+3508727]
	GetHandleVerifier [0x00007FF7A267976F+3478975]
	GetHandleVerifier [0x00007FF7A23EF1C6+815126]
	(No symbol) [0x00007FF7A22BED0F]
	(No symbol) [0x00007FF7A22B9854]
	(No symbol) [0x00007FF7A22B99E2]
	(No symbol) [0x00007FF7A22AA574]
	BaseThreadInitThunk [0x00007FFA0F907374+20]
	RtlUserThreadStart [0x00007FFA10ADCC91+33]

2025-04-22 15:42:53.327195: 执行节点<循环 - 固定元素列表>时出错，将继续执行，错误为： Message: disconnected: not connected to DevTools
  (failed to check if window was closed: disconnected: not connected to DevTools)
  (Session info: chrome=124.0.6367.61)
Stacktrace:
	GetHandleVerifier [0x00007FF7A260F922+3045234]
	(No symbol) [0x00007FF7A22B3652]
	(No symbol) [0x00007FF7A2177564]
	(No symbol) [0x00007FF7A215F4A4]
	(No symbol) [0x00007FF7A215F370]
	(No symbol) [0x00007FF7A2179B11]
	(No symbol) [0x00007FF7A2208899]
	(No symbol) [0x00007FF7A21E9B53]
	(No symbol) [0x00007FF7A21B813C]
	(No symbol) [0x00007FF7A21B8D71]
	GetHandleVerifier [0x00007FF7A263E89D+3237613]
	GetHandleVerifier [0x00007FF7A2680BA7+3508727]
	GetHandleVerifier [0x00007FF7A267976F+3478975]
	GetHandleVerifier [0x00007FF7A23EF1C6+815126]
	(No symbol) [0x00007FF7A22BED0F]
	(No symbol) [0x00007FF7A22B9854]
	(No symbol) [0x00007FF7A22B99E2]
	(No symbol) [0x00007FF7A22AA574]
	BaseThreadInitThunk [0x00007FFA0F907374+20]
	RtlUserThreadStart [0x00007FFA10ADCC91+33]

2025-04-22 15:42:53.327711: Error executing node <循环 - 固定元素列表>, will continue to execute, error is: Message: disconnected: not connected to DevTools
  (failed to check if window was closed: disconnected: not connected to DevTools)
  (Session info: chrome=124.0.6367.61)
Stacktrace:
	GetHandleVerifier [0x00007FF7A260F922+3045234]
	(No symbol) [0x00007FF7A22B3652]
	(No symbol) [0x00007FF7A2177564]
	(No symbol) [0x00007FF7A215F4A4]
	(No symbol) [0x00007FF7A215F370]
	(No symbol) [0x00007FF7A2179B11]
	(No symbol) [0x00007FF7A2208899]
	(No symbol) [0x00007FF7A21E9B53]
	(No symbol) [0x00007FF7A21B813C]
	(No symbol) [0x00007FF7A21B8D71]
	GetHandleVerifier [0x00007FF7A263E89D+3237613]
	GetHandleVerifier [0x00007FF7A2680BA7+3508727]
	GetHandleVerifier [0x00007FF7A267976F+3478975]
	GetHandleVerifier [0x00007FF7A23EF1C6+815126]
	(No symbol) [0x00007FF7A22BED0F]
	(No symbol) [0x00007FF7A22B9854]
	(No symbol) [0x00007FF7A22B99E2]
	(No symbol) [0x00007FF7A22AA574]
	BaseThreadInitThunk [0x00007FFA0F907374+20]
	RtlUserThreadStart [0x00007FFA10ADCC91+33]

2025-04-22 15:42:53.328699: Done!
2025-04-22 15:42:53.328699: 执行完成！
