2025-04-21 15:49:38.603237: 任务ID 5 的保存文件名为: 小说
2025-04-21 15:49:38.603237: Save Name for task ID 5 is: 小说
2025-04-21 15:49:38.606224: 此模式下，任务ID 5 将从头F开始执行，如果需要从上次退出的步骤开始执行，请在保存任务时设置是否从上次保存位置开始执行为“是”。
2025-04-21 15:49:38.608222: In this mode, task ID 5 will start from the beginning, if you want to start from the last step, please set the option 'start from the last step' to 'yes' when saving the task.
2025-04-21 15:49:38.627949: Loading stealth.min.js
2025-04-21 15:49:38.639715: 新建模式|Create Mode
2025-04-21 15:49:38.639715: 循环操作<循环采集数据>可以快速提取数据
2025-04-21 15:49:38.639715: Loop operation <循环采集数据> can extract data quickly
2025-04-21 15:49:38.639715: 循环操作<循环采集数据>可以快速提取数据
2025-04-21 15:49:38.639715: Loop operation <循环采集数据> can extract data quickly
2025-04-21 15:49:38.655341: 循环操作<循环采集数据>可以快速提取数据
2025-04-21 15:49:38.656967: Loop operation <循环采集数据> can extract data quickly
2025-04-21 15:49:38.657965: 循环操作<循环采集数据>可以快速提取数据
2025-04-21 15:49:38.657965: Loop operation <循环采集数据> can extract data quickly
2025-04-21 15:49:38.659658: 循环操作<循环采集数据>可以快速提取数据
2025-04-21 15:49:38.659658: Loop operation <循环采集数据> can extract data quickly
2025-04-21 15:49:38.659658: 预处理完成|Preprocess completed
2025-04-21 15:49:38.659658: 正在执行第 1 / 1 个链接
2025-04-21 15:49:38.659658: Executing link 1 / 1
2025-04-21 15:49:38.659658: 执行节点|Execute node: root
2025-04-21 15:49:38.659658: 执行节点|Execute node: 打开网页
2025-04-21 15:49:49.679653: Time out after set seconds when loading page: https://www.zongheng.com/
2025-04-21 15:49:50.702263: 执行节点|Execute node: 点击排行榜
2025-04-21 15:49:51.007728: 点击元素|Click element: //*[contains(@class, "home-tap-link__left")]/a[2]
2025-04-21 15:49:56.539023: 执行节点|Execute node: 点击月票榜
2025-04-21 15:49:56.872561: 点击元素|Click element: //*[contains(@class, "rank-nav--list")]/div[1]/a[1]
2025-04-21 15:50:08.957620: 执行节点|Execute node: 循环 - 固定元素列表
2025-04-21 15:50:09.064772: 执行节点|Execute node: 点击排行榜中的小说
2025-04-21 15:50:09.362310: 点击元素|Click element: //*[@id="__layout"]/section/section/section/section[2]/div[2]/section/div[1]/a/div/img
2025-04-21 15:50:14.115531: 执行节点|Execute node: 点击立即阅读
2025-04-21 15:50:14.416789: 点击元素|Click element: //*[contains(@class, "book-info--btn-reading")]
2025-04-21 15:50:27.464246: 执行节点|Execute node: 循环采集数据
2025-04-21 15:50:28.637361: 执行节点|Execute node: 循环点击：下一章
2025-04-21 15:50:28.764590: 执行节点|Execute node: 点击下一章
2025-04-21 15:50:28.785054: Selenium点击元素//*[contains(@class, "nav-btn-group")]/a[3]失败，将尝试使用JavaScript点击
2025-04-21 15:50:28.785054: Failed to click element //*[contains(@class, "nav-btn-group")]/a[3] with Selenium, will try to click with JavaScript
2025-04-21 15:50:28.800202: 点击元素|Click element: //*[contains(@class, "nav-btn-group")]/a[3]
2025-04-21 15:50:31.821510: 执行节点|Execute node: 循环采集数据
2025-04-21 15:50:32.992567: Page:  1
2025-04-21 15:50:32.995144: 执行节点|Execute node: 点击下一章
2025-04-21 15:50:33.300985: 点击元素|Click element: //*[contains(@class, "nav-btn-group")]/a[3]
2025-04-21 15:50:36.323242: 执行节点|Execute node: 循环采集数据
2025-04-21 15:50:37.515627: Page:  2
2025-04-21 15:50:37.515627: 执行节点|Execute node: 点击下一章
2025-04-21 15:50:37.825169: 点击元素|Click element: //*[contains(@class, "nav-btn-group")]/a[3]
2025-04-21 15:50:40.849733: 执行节点|Execute node: 循环采集数据
2025-04-21 15:50:42.010811: Page:  3
2025-04-21 15:50:42.014114: 执行节点|Execute node: 点击下一章
2025-04-21 15:50:42.312407: 点击元素|Click element: //*[contains(@class, "nav-btn-group")]/a[3]
2025-04-21 15:50:45.336972: 执行节点|Execute node: 循环采集数据
2025-04-21 15:50:46.491527: Page:  4
2025-04-21 15:50:46.501148: 执行节点|Execute node: 点击下一章
2025-04-21 15:50:46.808548: 点击元素|Click element: //*[contains(@class, "nav-btn-group")]/a[3]
2025-04-21 15:50:49.830390: 执行节点|Execute node: 循环采集数据
2025-04-21 15:50:50.986830: Page:  5
2025-04-21 15:50:50.997598: 执行节点|Execute node: 点击下一章
2025-04-21 15:50:51.305599: 点击元素|Click element: //*[contains(@class, "nav-btn-group")]/a[3]
2025-04-21 15:50:54.463507: 执行节点|Execute node: 循环采集数据
2025-04-21 15:50:55.620988: Page:  6
2025-04-21 15:50:55.626840: 执行节点|Execute node: 点击下一章
2025-04-21 15:50:55.925998: 点击元素|Click element: //*[contains(@class, "nav-btn-group")]/a[3]
2025-04-21 15:50:58.942428: 执行节点|Execute node: 循环采集数据
2025-04-21 15:51:00.114949: Page:  7
2025-04-21 15:51:00.116162: 执行节点|Execute node: 点击下一章
2025-04-21 15:51:00.421698: 点击元素|Click element: //*[contains(@class, "nav-btn-group")]/a[3]
2025-04-21 15:51:03.443371: 执行节点|Execute node: 循环采集数据
2025-04-21 15:51:04.596812: Page:  8
2025-04-21 15:51:04.602950: 执行节点|Execute node: 点击下一章
2025-04-21 15:51:04.893790: 点击元素|Click element: //*[contains(@class, "nav-btn-group")]/a[3]
2025-04-21 15:51:07.913995: 执行节点|Execute node: 循环采集数据
2025-04-21 15:51:09.070432: Page:  9
2025-04-21 15:51:09.070432: 执行节点|Execute node: 点击下一章
2025-04-21 15:51:09.358326: 点击元素|Click element: //*[contains(@class, "nav-btn-group")]/a[3]
2025-04-21 15:51:12.376345: 执行节点|Execute node: 循环采集数据
