2025-04-16 15:31:40.450543: 任务ID 3 的保存文件名为: 小说
2025-04-16 15:31:40.451880: Save Name for task ID 3 is: 小说
2025-04-16 15:31:40.454001: 此模式下，任务ID 3 将从头F开始执行，如果需要从上次退出的步骤开始执行，请在保存任务时设置是否从上次保存位置开始执行为“是”。
2025-04-16 15:31:40.454500: In this mode, task ID 3 will start from the beginning, if you want to start from the last step, please set the option 'start from the last step' to 'yes' when saving the task.
2025-04-16 15:31:40.456805: Loading stealth.min.js
2025-04-16 15:31:40.491237: 新建模式|Create Mode
2025-04-16 15:31:40.491748: 循环操作<循环采集数据>可以快速提取数据
2025-04-16 15:31:40.492762: Loop operation <循环采集数据> can extract data quickly
2025-04-16 15:31:40.493237: 循环操作<循环采集数据>可以快速提取数据
2025-04-16 15:31:40.493734: Loop operation <循环采集数据> can extract data quickly
2025-04-16 15:31:40.494231: 循环操作<循环采集数据>可以快速提取数据
2025-04-16 15:31:40.494728: Loop operation <循环采集数据> can extract data quickly
2025-04-16 15:31:40.496252: 循环操作<循环采集数据>可以快速提取数据
2025-04-16 15:31:40.496252: Loop operation <循环采集数据> can extract data quickly
2025-04-16 15:31:40.496594: 循环操作<循环采集数据>可以快速提取数据
2025-04-16 15:31:40.497360: Loop operation <循环采集数据> can extract data quickly
2025-04-16 15:31:40.497523: 预处理完成|Preprocess completed
2025-04-16 15:31:40.499602: 正在执行第 1 / 1 个链接
2025-04-16 15:31:40.499602: Executing link 1 / 1
2025-04-16 15:31:40.500595: 执行节点|Execute node: root
2025-04-16 15:31:40.500595: 执行节点|Execute node: 打开网页
2025-04-16 15:31:51.525447: Time out after set seconds when loading page: https://www.zongheng.com/
2025-04-16 15:31:52.568268: 执行节点|Execute node: 点击排行榜
2025-04-16 15:31:58.324006: 点击元素|Click element: //*[contains(@class, "home-tap-link__left")]/a[2]
2025-04-16 15:32:11.437357: 执行节点|Execute node: 点击月票榜
2025-04-16 15:32:11.797013: 点击元素|Click element: //*[contains(@class, "rank-nav--list")]/div[1]/a[1]
2025-04-16 15:32:24.909643: 执行节点|Execute node: 循环 - 固定元素列表
2025-04-16 15:32:25.055570: 执行节点|Execute node: 点击排行榜中的小说
2025-04-16 15:32:25.414724: 点击元素|Click element: //*[@id="__layout"]/section/section/section/section[2]/div[2]/section/div[1]/a/div/img
2025-04-16 15:32:30.959660: 执行节点|Execute node: 点击立即阅读
2025-04-16 15:32:31.338027: 点击元素|Click element: //*[contains(@class, "book-info--btn-reading")]
2025-04-16 15:32:39.463167: 执行节点|Execute node: 循环采集数据
2025-04-16 15:32:40.753544: 执行节点|Execute node: 循环点击：下一章
2025-04-16 15:32:40.897043: 执行节点|Execute node: 点击下一章
2025-04-16 15:32:41.198354: 点击元素|Click element: //*[contains(@class, "nav-btn-group")]/a[3]
2025-04-16 15:32:51.097186: 执行节点|Execute node: 循环采集数据
2025-04-16 15:32:52.316657: Page:  1
2025-04-16 15:32:52.337324: 执行节点|Execute node: 点击下一章
2025-04-16 15:32:52.647474: 点击元素|Click element: //*[contains(@class, "nav-btn-group")]/a[3]
2025-04-16 15:32:55.673112: 执行节点|Execute node: 循环采集数据
2025-04-16 15:32:56.971568: Page:  2
2025-04-16 15:32:56.989869: 执行节点|Execute node: 点击下一章
2025-04-16 15:32:57.311809: 点击元素|Click element: //*[contains(@class, "nav-btn-group")]/a[3]
2025-04-16 15:33:00.336749: 执行节点|Execute node: 循环采集数据
2025-04-16 15:33:01.557081: Page:  3
2025-04-16 15:33:01.577071: 执行节点|Execute node: 点击下一章
2025-04-16 15:33:01.895458: 点击元素|Click element: //*[contains(@class, "nav-btn-group")]/a[3]
2025-04-16 15:33:04.925868: 执行节点|Execute node: 循环采集数据
2025-04-16 15:33:06.147372: Page:  4
2025-04-16 15:33:06.167267: 执行节点|Execute node: 点击下一章
2025-04-16 15:33:06.473265: 点击元素|Click element: //*[contains(@class, "nav-btn-group")]/a[3]
2025-04-16 15:33:09.501731: 执行节点|Execute node: 循环采集数据
2025-04-16 15:33:10.730259: Page:  5
2025-04-16 15:33:10.750146: 执行节点|Execute node: 点击下一章
2025-04-16 15:33:11.078317: 点击元素|Click element: //*[contains(@class, "nav-btn-group")]/a[3]
2025-04-16 15:33:14.104106: 执行节点|Execute node: 循环采集数据
2025-04-16 15:33:15.333950: Page:  6
2025-04-16 15:33:15.354461: 执行节点|Execute node: 点击下一章
2025-04-16 15:33:15.675089: 点击元素|Click element: //*[contains(@class, "nav-btn-group")]/a[3]
2025-04-16 15:33:18.704796: 执行节点|Execute node: 循环采集数据
2025-04-16 15:33:19.907968: Page:  7
2025-04-16 15:33:19.927869: 执行节点|Execute node: 点击下一章
2025-04-16 15:33:20.262035: 点击元素|Click element: //*[contains(@class, "nav-btn-group")]/a[3]
2025-04-16 15:33:23.285925: 执行节点|Execute node: 循环采集数据
2025-04-16 15:33:24.476171: Page:  8
2025-04-16 15:33:24.496752: 执行节点|Execute node: 点击下一章
2025-04-16 15:33:24.805402: 点击元素|Click element: //*[contains(@class, "nav-btn-group")]/a[3]
2025-04-16 15:33:27.835444: 执行节点|Execute node: 循环采集数据
2025-04-16 15:33:29.051812: Page:  9
2025-04-16 15:33:29.073647: 执行节点|Execute node: 点击下一章
2025-04-16 15:33:29.407828: 点击元素|Click element: //*[contains(@class, "nav-btn-group")]/a[3]
2025-04-16 15:33:32.879312: 执行节点|Execute node: 循环采集数据
2025-04-16 15:33:34.098273: Page:  10
2025-04-16 15:33:34.118595: 执行节点|Execute node: 点击下一章
2025-04-16 15:33:34.432797: 点击元素|Click element: //*[contains(@class, "nav-btn-group")]/a[3]
2025-04-16 15:33:37.458389: 执行节点|Execute node: 循环采集数据
2025-04-16 15:33:38.703409: Page:  11
2025-04-16 15:33:38.726123: 执行节点|Execute node: 点击下一章
2025-04-16 15:33:44.050965: 点击元素|Click element: //*[contains(@class, "nav-btn-group")]/a[3]
2025-04-16 15:33:48.052440: 执行节点|Execute node: 循环采集数据
2025-04-16 15:33:49.364976: Page:  12
2025-04-16 15:33:49.426056: 执行节点|Execute node: 点击下一章
2025-04-16 15:33:54.768297: 点击元素|Click element: //*[contains(@class, "nav-btn-group")]/a[3]
2025-04-16 15:33:57.789858: 执行节点|Execute node: 循环采集数据
2025-04-16 15:33:59.151598: Page:  13
2025-04-16 15:33:59.175808: 执行节点|Execute node: 点击下一章
2025-04-16 15:34:04.511263: 点击元素|Click element: //*[contains(@class, "nav-btn-group")]/a[3]
2025-04-16 15:34:07.535836: 执行节点|Execute node: 循环采集数据
2025-04-16 15:34:08.767269: Page:  14
2025-04-16 15:34:08.808742: 执行节点|Execute node: 点击下一章
2025-04-16 15:34:14.111854: 点击元素|Click element: //*[contains(@class, "nav-btn-group")]/a[3]
2025-04-16 15:34:17.139715: 执行节点|Execute node: 循环采集数据
2025-04-16 15:34:18.401131: Page:  15
2025-04-16 15:34:18.422370: 执行节点|Execute node: 点击下一章
2025-04-16 15:34:23.752752: 点击元素|Click element: //*[contains(@class, "nav-btn-group")]/a[3]
2025-04-16 15:34:26.777604: 执行节点|Execute node: 循环采集数据
2025-04-16 15:34:28.017066: Page:  16
2025-04-16 15:34:28.039686: 执行节点|Execute node: 点击下一章
2025-04-16 15:34:33.374616: 点击元素|Click element: //*[contains(@class, "nav-btn-group")]/a[3]
2025-04-16 15:34:36.497340: 执行节点|Execute node: 循环采集数据
2025-04-16 15:34:37.723223: Page:  17
2025-04-16 15:34:37.742688: 执行节点|Execute node: 点击下一章
2025-04-16 15:34:43.051963: 点击元素|Click element: //*[contains(@class, "nav-btn-group")]/a[3]
2025-04-16 15:34:46.082880: 执行节点|Execute node: 循环采集数据
2025-04-16 15:34:47.308054: Page:  18
2025-04-16 15:34:47.327923: 执行节点|Execute node: 点击下一章
2025-04-16 15:34:52.655491: 点击元素|Click element: //*[contains(@class, "nav-btn-group")]/a[3]
2025-04-16 15:34:56.818688: 执行节点|Execute node: 循环采集数据
2025-04-16 15:34:58.089477: Page:  19
2025-04-16 15:34:58.109942: 执行节点|Execute node: 点击下一章
2025-04-16 15:35:03.430271: 点击元素|Click element: //*[contains(@class, "nav-btn-group")]/a[3]
2025-04-16 15:35:06.456099: 执行节点|Execute node: 循环采集数据
2025-04-16 15:35:07.671203: Page:  20
2025-04-16 15:35:07.691196: 执行节点|Execute node: 点击下一章
2025-04-16 15:35:13.001914: 点击元素|Click element: //*[contains(@class, "nav-btn-group")]/a[3]
2025-04-16 15:35:17.531357: 执行节点|Execute node: 循环采集数据
2025-04-16 15:35:18.748053: Page:  21
2025-04-16 15:35:18.769211: 执行节点|Execute node: 点击下一章
2025-04-16 15:35:24.097564: 点击元素|Click element: //*[contains(@class, "nav-btn-group")]/a[3]
2025-04-16 15:35:27.181743: 执行节点|Execute node: 循环采集数据
2025-04-16 15:35:28.415441: Page:  22
2025-04-16 15:35:28.435468: 执行节点|Execute node: 点击下一章
2025-04-16 15:35:33.756572: 点击元素|Click element: //*[contains(@class, "nav-btn-group")]/a[3]
2025-04-16 15:35:37.315256: 执行节点|Execute node: 循环采集数据
2025-04-16 15:35:38.535278: Page:  23
2025-04-16 15:35:38.555565: 执行节点|Execute node: 点击下一章
2025-04-16 15:35:43.858232: 点击元素|Click element: //*[contains(@class, "nav-btn-group")]/a[3]
2025-04-16 15:35:46.886935: 执行节点|Execute node: 循环采集数据
2025-04-16 15:38:14.248143: Page:  24
2025-04-16 15:38:14.263064: 执行节点|Execute node: 点击下一章
2025-04-16 15:38:19.576112: 点击元素|Click element: //*[contains(@class, "nav-btn-group")]/a[3]
2025-04-16 15:38:22.875329: 执行节点|Execute node: 循环采集数据
2025-04-16 15:38:24.151152: Page:  25
2025-04-16 15:38:24.167072: 执行节点|Execute node: 点击下一章
2025-04-16 15:38:29.483582: 点击元素|Click element: //*[contains(@class, "nav-btn-group")]/a[3]
2025-04-16 15:38:32.530433: 执行节点|Execute node: 循环采集数据
2025-04-16 15:38:33.763687: Page:  26
2025-04-16 15:38:33.795949: 执行节点|Execute node: 点击下一章
2025-04-16 15:38:39.116402: 点击元素|Click element: //*[contains(@class, "nav-btn-group")]/a[3]
2025-04-16 15:38:42.138602: 执行节点|Execute node: 循环采集数据
2025-04-16 15:38:43.346397: Page:  27
2025-04-16 15:38:43.360470: 执行节点|Execute node: 点击下一章
2025-04-16 15:38:48.664149: 点击元素|Click element: //*[contains(@class, "nav-btn-group")]/a[3]
2025-04-16 15:38:51.688177: 执行节点|Execute node: 循环采集数据
2025-04-16 15:38:52.911409: Page:  28
2025-04-16 15:38:52.925499: 执行节点|Execute node: 点击下一章
2025-04-16 15:38:53.242697: 点击元素|Click element: //*[contains(@class, "nav-btn-group")]/a[3]
2025-04-16 15:38:56.267476: 执行节点|Execute node: 循环采集数据
2025-04-16 15:38:57.498749: Page:  29
2025-04-16 15:38:57.511036: 执行节点|Execute node: 点击下一章
2025-04-16 15:38:57.887757: 点击元素|Click element: //*[contains(@class, "nav-btn-group")]/a[3]
2025-04-16 15:39:00.908718: 执行节点|Execute node: 循环采集数据
2025-04-16 15:39:02.100215: Page:  30
2025-04-16 15:39:02.118460: 执行节点|Execute node: 点击下一章
2025-04-16 15:39:02.427125: 点击元素|Click element: //*[contains(@class, "nav-btn-group")]/a[3]
2025-04-16 15:39:05.449784: 执行节点|Execute node: 循环采集数据
2025-04-16 15:39:06.675173: Page:  31
2025-04-16 15:39:06.695080: 执行节点|Execute node: 点击下一章
2025-04-16 15:39:06.996694: 点击元素|Click element: //*[contains(@class, "nav-btn-group")]/a[3]
2025-04-16 15:39:10.020745: 执行节点|Execute node: 循环采集数据
2025-04-16 15:39:11.242775: Page:  32
2025-04-16 15:39:11.256364: 执行节点|Execute node: 点击下一章
2025-04-16 15:39:11.541308: 点击元素|Click element: //*[contains(@class, "nav-btn-group")]/a[3]
2025-04-16 15:39:14.566108: 执行节点|Execute node: 循环采集数据
2025-04-16 15:39:15.757620: Page:  33
2025-04-16 15:39:15.765612: 执行节点|Execute node: 点击下一章
2025-04-16 15:39:16.078409: 点击元素|Click element: //*[contains(@class, "nav-btn-group")]/a[3]
2025-04-16 15:39:19.103926: 执行节点|Execute node: 循环采集数据
2025-04-16 15:39:20.300807: Page:  34
2025-04-16 15:39:20.312727: 执行节点|Execute node: 点击下一章
2025-04-16 15:39:20.592364: 点击元素|Click element: //*[contains(@class, "nav-btn-group")]/a[3]
2025-04-16 15:39:23.624321: 执行节点|Execute node: 循环采集数据
2025-04-16 15:39:24.821619: Page:  35
2025-04-16 15:39:24.851614: 执行节点|Execute node: 点击下一章
2025-04-16 15:39:25.191689: 点击元素|Click element: //*[contains(@class, "nav-btn-group")]/a[3]
2025-04-16 15:39:28.212397: 执行节点|Execute node: 循环采集数据
2025-04-16 15:39:29.435337: Page:  36
2025-04-16 15:39:29.454238: 执行节点|Execute node: 点击下一章
2025-04-16 15:39:29.749646: 点击元素|Click element: //*[contains(@class, "nav-btn-group")]/a[3]
2025-04-16 15:39:32.775827: 执行节点|Execute node: 循环采集数据
2025-04-16 15:39:33.995771: Page:  37
2025-04-16 15:39:34.015764: 执行节点|Execute node: 点击下一章
2025-04-16 15:39:34.321484: 点击元素|Click element: //*[contains(@class, "nav-btn-group")]/a[3]
2025-04-16 15:39:37.342903: 执行节点|Execute node: 循环采集数据
2025-04-16 15:39:38.561772: Page:  38
2025-04-16 15:39:38.581894: 执行节点|Execute node: 点击下一章
2025-04-16 15:39:38.887864: 点击元素|Click element: //*[contains(@class, "nav-btn-group")]/a[3]
2025-04-16 15:39:41.909097: 执行节点|Execute node: 循环采集数据
2025-04-16 15:39:43.104478: Page:  39
2025-04-16 15:39:43.122829: 执行节点|Execute node: 点击下一章
2025-04-16 15:39:43.438756: 点击元素|Click element: //*[contains(@class, "nav-btn-group")]/a[3]
2025-04-16 15:39:46.462164: 执行节点|Execute node: 循环采集数据
2025-04-16 15:39:47.710115: Page:  40
2025-04-16 15:39:47.729027: 执行节点|Execute node: 点击下一章
2025-04-16 15:39:48.026991: 点击元素|Click element: //*[contains(@class, "nav-btn-group")]/a[3]
2025-04-16 15:39:51.054089: 执行节点|Execute node: 循环采集数据
2025-04-16 15:39:52.270155: Page:  41
2025-04-16 15:39:52.290268: 执行节点|Execute node: 点击下一章
2025-04-16 15:39:52.592034: 点击元素|Click element: //*[contains(@class, "nav-btn-group")]/a[3]
2025-04-16 15:39:55.618283: 执行节点|Execute node: 循环采集数据
2025-04-16 15:39:56.820938: Page:  42
2025-04-16 15:39:56.834812: 执行节点|Execute node: 点击下一章
2025-04-16 15:39:57.142238: 点击元素|Click element: //*[contains(@class, "nav-btn-group")]/a[3]
2025-04-16 15:40:00.168084: 执行节点|Execute node: 循环采集数据
2025-04-16 15:40:01.388516: Page:  43
2025-04-16 15:40:01.408409: 执行节点|Execute node: 点击下一章
2025-04-16 15:40:01.717554: 点击元素|Click element: //*[contains(@class, "nav-btn-group")]/a[3]
2025-04-16 15:40:04.735584: 执行节点|Execute node: 循环采集数据
2025-04-16 15:40:05.951704: Page:  44
2025-04-16 15:40:05.963783: 执行节点|Execute node: 点击下一章
2025-04-16 15:40:06.253586: 点击元素|Click element: //*[contains(@class, "nav-btn-group")]/a[3]
2025-04-16 15:40:09.277925: 执行节点|Execute node: 循环采集数据
2025-04-16 15:40:10.466154: Page:  45
2025-04-16 15:40:10.483150: 执行节点|Execute node: 点击下一章
2025-04-16 15:40:10.807335: 点击元素|Click element: //*[contains(@class, "nav-btn-group")]/a[3]
2025-04-16 15:40:13.830422: 执行节点|Execute node: 循环采集数据
2025-04-16 15:40:15.065233: Page:  46
2025-04-16 15:40:15.085215: 执行节点|Execute node: 点击下一章
2025-04-16 15:40:15.385908: 点击元素|Click element: //*[contains(@class, "nav-btn-group")]/a[3]
2025-04-16 15:40:18.407270: 执行节点|Execute node: 循环采集数据
2025-04-16 15:40:19.634153: Page:  47
2025-04-16 15:40:19.650554: 执行节点|Execute node: 点击下一章
2025-04-16 15:40:19.973153: 点击元素|Click element: //*[contains(@class, "nav-btn-group")]/a[3]
2025-04-16 15:40:23.000548: 执行节点|Execute node: 循环采集数据
2025-04-16 15:40:24.222022: Page:  48
2025-04-16 15:40:24.242584: 执行节点|Execute node: 点击下一章
2025-04-16 15:40:24.540342: 点击元素|Click element: //*[contains(@class, "nav-btn-group")]/a[3]
2025-04-16 15:40:27.565947: 执行节点|Execute node: 循环采集数据
2025-04-16 15:40:28.789830: Page:  49
2025-04-16 15:40:28.810676: 执行节点|Execute node: 点击下一章
2025-04-16 15:40:29.131807: 点击元素|Click element: //*[contains(@class, "nav-btn-group")]/a[3]
2025-04-16 15:40:32.159768: 执行节点|Execute node: 循环采集数据
2025-04-16 15:40:33.382329: Page:  50
2025-04-16 15:40:34.577466: 执行节点|Execute node: 点击排行榜中的小说
2025-04-16 15:40:34.923388: 点击元素|Click element: //*[@id="__layout"]/section/section/section/section[2]/div[2]/section/div[2]/a/div/img
2025-04-16 15:40:43.045027: 执行节点|Execute node: 点击立即阅读
2025-04-16 15:40:43.416120: 点击元素|Click element: //*[contains(@class, "book-info--btn-reading")]
2025-04-16 15:40:46.461649: 执行节点|Execute node: 循环采集数据
2025-04-16 15:40:47.675591: 执行节点|Execute node: 循环点击：下一章
2025-04-16 15:40:47.823747: 执行节点|Execute node: 点击下一章
2025-04-16 15:40:48.141172: 点击元素|Click element: //*[contains(@class, "nav-btn-group")]/a[3]
2025-04-16 15:40:51.167106: 执行节点|Execute node: 循环采集数据
2025-04-16 15:40:52.364209: Page:  1
2025-04-16 15:40:52.387471: 执行节点|Execute node: 点击下一章
2025-04-16 15:40:52.702549: 点击元素|Click element: //*[contains(@class, "nav-btn-group")]/a[3]
2025-04-16 15:40:56.050261: 执行节点|Execute node: 循环采集数据
2025-04-16 15:40:57.312974: Page:  2
2025-04-16 15:40:57.330331: 执行节点|Execute node: 点击下一章
2025-04-16 15:40:57.648878: 点击元素|Click element: //*[contains(@class, "nav-btn-group")]/a[3]
2025-04-16 15:41:00.675787: 执行节点|Execute node: 循环采集数据
2025-04-16 15:41:01.899426: Page:  3
2025-04-16 15:41:01.919414: 执行节点|Execute node: 点击下一章
2025-04-16 15:41:02.224387: 点击元素|Click element: //*[contains(@class, "nav-btn-group")]/a[3]
2025-04-16 15:41:05.250004: 执行节点|Execute node: 循环采集数据
2025-04-16 15:41:06.453119: Page:  4
2025-04-16 15:41:06.471542: 执行节点|Execute node: 点击下一章
2025-04-16 15:41:06.785886: 点击元素|Click element: //*[contains(@class, "nav-btn-group")]/a[3]
2025-04-16 15:41:09.816680: 执行节点|Execute node: 循环采集数据
2025-04-16 15:41:11.017277: Page:  5
2025-04-16 15:41:11.037492: 执行节点|Execute node: 点击下一章
2025-04-16 15:41:11.348612: 点击元素|Click element: //*[contains(@class, "nav-btn-group")]/a[3]
2025-04-16 15:41:14.375002: 执行节点|Execute node: 循环采集数据
2025-04-16 15:41:15.629516: Page:  6
2025-04-16 15:41:15.662426: 执行节点|Execute node: 点击下一章
2025-04-16 15:41:15.966593: 点击元素|Click element: //*[contains(@class, "nav-btn-group")]/a[3]
2025-04-16 15:41:18.990490: 执行节点|Execute node: 循环采集数据
2025-04-16 15:41:20.251425: Page:  7
2025-04-16 15:41:20.275725: 执行节点|Execute node: 点击下一章
2025-04-16 15:41:20.600443: 点击元素|Click element: //*[contains(@class, "nav-btn-group")]/a[3]
2025-04-16 15:41:23.625524: 执行节点|Execute node: 循环采集数据
2025-04-16 15:41:24.891056: Page:  8
2025-04-16 15:41:24.916554: 执行节点|Execute node: 点击下一章
2025-04-16 15:41:25.239091: 点击元素|Click element: //*[contains(@class, "nav-btn-group")]/a[3]
2025-04-16 15:41:28.265282: 执行节点|Execute node: 循环采集数据
2025-04-16 15:41:29.497920: Page:  9
2025-04-16 15:41:29.526293: 执行节点|Execute node: 点击下一章
2025-04-16 15:41:29.832909: 点击元素|Click element: //*[contains(@class, "nav-btn-group")]/a[3]
2025-04-16 15:41:32.858729: 执行节点|Execute node: 循环采集数据
2025-04-16 15:41:34.139205: Page:  10
2025-04-16 15:41:34.167402: 执行节点|Execute node: 点击下一章
2025-04-16 15:41:34.481803: 点击元素|Click element: //*[contains(@class, "nav-btn-group")]/a[3]
2025-04-16 15:41:37.505949: 执行节点|Execute node: 循环采集数据
2025-04-16 15:41:38.771357: Page:  11
2025-04-16 15:41:38.802537: 执行节点|Execute node: 点击下一章
2025-04-16 15:41:39.136009: 点击元素|Click element: //*[contains(@class, "nav-btn-group")]/a[3]
2025-04-16 15:41:42.163991: 执行节点|Execute node: 循环采集数据
2025-04-16 15:41:43.397337: Page:  12
2025-04-16 15:41:43.429383: 执行节点|Execute node: 点击下一章
2025-04-16 15:41:43.755680: 点击元素|Click element: //*[contains(@class, "nav-btn-group")]/a[3]
2025-04-16 15:41:46.780298: 执行节点|Execute node: 循环采集数据
2025-04-16 15:41:48.030769: Page:  13
2025-04-16 15:41:48.061039: 执行节点|Execute node: 点击下一章
2025-04-16 15:41:48.373674: 点击元素|Click element: //*[contains(@class, "nav-btn-group")]/a[3]
2025-04-16 15:41:51.401896: 执行节点|Execute node: 循环采集数据
2025-04-16 15:41:52.631752: Page:  14
2025-04-16 15:41:52.660581: 执行节点|Execute node: 点击下一章
2025-04-16 15:41:52.974075: 点击元素|Click element: //*[contains(@class, "nav-btn-group")]/a[3]
2025-04-16 15:41:56.001710: 执行节点|Execute node: 循环采集数据
2025-04-16 15:41:57.223880: Page:  15
2025-04-16 15:41:57.251972: 执行节点|Execute node: 点击下一章
2025-04-16 15:41:57.564708: 点击元素|Click element: //*[contains(@class, "nav-btn-group")]/a[3]
2025-04-16 15:42:00.589645: 执行节点|Execute node: 循环采集数据
2025-04-16 15:42:01.830494: Page:  16
2025-04-16 15:42:01.846979: 执行节点|Execute node: 点击下一章
2025-04-16 15:42:02.136173: 点击元素|Click element: //*[contains(@class, "nav-btn-group")]/a[3]
2025-04-16 15:42:05.165559: 执行节点|Execute node: 循环采集数据
2025-04-16 15:42:06.379441: Page:  17
2025-04-16 15:42:06.407339: 执行节点|Execute node: 点击下一章
2025-04-16 15:42:06.725435: 点击元素|Click element: //*[contains(@class, "nav-btn-group")]/a[3]
2025-04-16 15:42:09.749575: 执行节点|Execute node: 循环采集数据
2025-04-16 15:42:10.969431: Page:  18
2025-04-16 15:42:10.999140: 执行节点|Execute node: 点击下一章
2025-04-16 15:42:11.325389: 点击元素|Click element: //*[contains(@class, "nav-btn-group")]/a[3]
2025-04-16 15:42:14.355536: 执行节点|Execute node: 循环采集数据
2025-04-16 15:42:15.576634: Page:  19
2025-04-16 15:42:15.605935: 执行节点|Execute node: 点击下一章
2025-04-16 15:42:15.934910: 点击元素|Click element: //*[contains(@class, "nav-btn-group")]/a[3]
2025-04-16 15:42:18.958900: 执行节点|Execute node: 循环采集数据
2025-04-16 15:42:20.208958: Page:  20
2025-04-16 15:42:20.240974: 执行节点|Execute node: 点击下一章
2025-04-16 15:42:20.569316: 点击元素|Click element: //*[contains(@class, "nav-btn-group")]/a[3]
2025-04-16 15:42:23.597010: 执行节点|Execute node: 循环采集数据
2025-04-16 15:42:24.806134: Page:  21
2025-04-16 15:42:24.838443: 执行节点|Execute node: 点击下一章
2025-04-16 15:42:25.151835: 点击元素|Click element: //*[contains(@class, "nav-btn-group")]/a[3]
2025-04-16 15:42:28.178635: 执行节点|Execute node: 循环采集数据
2025-04-16 15:42:29.406093: Page:  22
2025-04-16 15:42:29.436866: 执行节点|Execute node: 点击下一章
2025-04-16 15:42:29.761623: 点击元素|Click element: //*[contains(@class, "nav-btn-group")]/a[3]
2025-04-16 15:42:32.787350: 执行节点|Execute node: 循环采集数据
2025-04-16 15:42:34.015462: Page:  23
2025-04-16 15:42:34.044111: 执行节点|Execute node: 点击下一章
2025-04-16 15:42:34.358758: 点击元素|Click element: //*[contains(@class, "nav-btn-group")]/a[3]
2025-04-16 15:42:37.385653: 执行节点|Execute node: 循环采集数据
2025-04-16 15:42:38.640785: Page:  24
2025-04-16 15:42:38.668667: 执行节点|Execute node: 点击下一章
2025-04-16 15:42:38.980306: 点击元素|Click element: //*[contains(@class, "nav-btn-group")]/a[3]
2025-04-16 15:42:42.009069: 执行节点|Execute node: 循环采集数据
2025-04-16 15:42:43.249862: Page:  25
2025-04-16 15:42:43.278579: 执行节点|Execute node: 点击下一章
2025-04-16 15:42:43.590165: 点击元素|Click element: //*[contains(@class, "nav-btn-group")]/a[3]
2025-04-16 15:42:46.616011: 执行节点|Execute node: 循环采集数据
2025-04-16 15:42:47.845935: Page:  26
2025-04-16 15:42:47.864843: 执行节点|Execute node: 点击下一章
2025-04-16 15:42:48.171480: 点击元素|Click element: //*[contains(@class, "nav-btn-group")]/a[3]
2025-04-16 15:42:51.198056: 执行节点|Execute node: 循环采集数据
2025-04-16 15:42:52.431574: Page:  27
2025-04-16 15:42:52.460369: 执行节点|Execute node: 点击下一章
2025-04-16 15:42:52.784743: 点击元素|Click element: //*[contains(@class, "nav-btn-group")]/a[3]
2025-04-16 15:42:55.814279: 执行节点|Execute node: 循环采集数据
2025-04-16 15:42:57.052217: Page:  28
2025-04-16 15:42:57.080077: 执行节点|Execute node: 点击下一章
2025-04-16 15:42:57.397744: 点击元素|Click element: //*[contains(@class, "nav-btn-group")]/a[3]
2025-04-16 15:43:01.659849: 执行节点|Execute node: 循环采集数据
2025-04-16 15:43:02.872028: Page:  29
2025-04-16 15:43:02.891896: 执行节点|Execute node: 点击下一章
2025-04-16 15:43:03.211358: 点击元素|Click element: //*[contains(@class, "nav-btn-group")]/a[3]
2025-04-16 15:43:06.241552: 执行节点|Execute node: 循环采集数据
2025-04-16 15:43:07.443833: Page:  30
2025-04-16 15:43:07.465335: 执行节点|Execute node: 点击下一章
2025-04-16 15:43:07.776985: 点击元素|Click element: //*[contains(@class, "nav-btn-group")]/a[3]
2025-04-16 15:43:10.801183: 执行节点|Execute node: 循环采集数据
2025-04-16 15:43:11.997227: Page:  31
2025-04-16 15:43:12.009321: 执行节点|Execute node: 点击下一章
2025-04-16 15:43:12.326784: 点击元素|Click element: //*[contains(@class, "nav-btn-group")]/a[3]
2025-04-16 15:43:15.357766: 执行节点|Execute node: 循环采集数据
2025-04-16 15:43:16.566098: Page:  32
2025-04-16 15:43:16.585437: 执行节点|Execute node: 点击下一章
2025-04-16 15:43:16.901793: 点击元素|Click element: //*[contains(@class, "nav-btn-group")]/a[3]
2025-04-16 15:43:19.932540: 执行节点|Execute node: 循环采集数据
2025-04-16 15:43:21.136677: Page:  33
2025-04-16 15:43:21.155406: 执行节点|Execute node: 点击下一章
2025-04-16 15:43:21.463453: 点击元素|Click element: //*[contains(@class, "nav-btn-group")]/a[3]
2025-04-16 15:43:24.488994: 执行节点|Execute node: 循环采集数据
2025-04-16 15:43:25.696027: Page:  34
2025-04-16 15:43:25.716108: 执行节点|Execute node: 点击下一章
2025-04-16 15:43:26.032909: 点击元素|Click element: //*[contains(@class, "nav-btn-group")]/a[3]
2025-04-16 15:43:29.055758: 执行节点|Execute node: 循环采集数据
2025-04-16 15:43:30.261670: Page:  35
2025-04-16 15:43:30.279669: 执行节点|Execute node: 点击下一章
2025-04-16 15:43:30.594012: 点击元素|Click element: //*[contains(@class, "nav-btn-group")]/a[3]
2025-04-16 15:43:33.617223: 执行节点|Execute node: 循环采集数据
2025-04-16 15:43:34.848000: Page:  36
2025-04-16 15:43:34.867901: 执行节点|Execute node: 点击下一章
2025-04-16 15:43:35.187303: 点击元素|Click element: //*[contains(@class, "nav-btn-group")]/a[3]
2025-04-16 15:43:38.213503: 执行节点|Execute node: 循环采集数据
2025-04-16 15:43:39.365929: Page:  37
2025-04-16 15:43:39.385842: 执行节点|Execute node: 点击下一章
2025-04-16 15:43:39.696315: 点击元素|Click element: //*[contains(@class, "nav-btn-group")]/a[3]
2025-04-16 15:43:42.715100: 执行节点|Execute node: 循环采集数据
2025-04-16 15:43:43.870477: Page:  38
2025-04-16 15:43:43.894083: 执行节点|Execute node: 点击下一章
2025-04-16 15:43:44.206290: 点击元素|Click element: //*[contains(@class, "nav-btn-group")]/a[3]
2025-04-16 15:43:47.235441: 执行节点|Execute node: 循环采集数据
2025-04-16 15:43:48.404526: Page:  39
2025-04-16 15:43:48.426307: 执行节点|Execute node: 点击下一章
2025-04-16 15:43:48.764666: 点击元素|Click element: //*[contains(@class, "nav-btn-group")]/a[3]
2025-04-16 15:43:51.789709: 执行节点|Execute node: 循环采集数据
2025-04-16 15:43:52.958072: Page:  40
2025-04-16 15:43:52.975033: 执行节点|Execute node: 点击下一章
2025-04-16 15:43:53.291552: 点击元素|Click element: //*[contains(@class, "nav-btn-group")]/a[3]
2025-04-16 15:44:03.451866: 执行节点|Execute node: 循环采集数据
2025-04-16 15:44:04.594944: Page:  41
2025-04-16 15:44:04.612349: 执行节点|Execute node: 点击下一章
2025-04-16 15:44:04.942807: 点击元素|Click element: //*[contains(@class, "nav-btn-group")]/a[3]
2025-04-16 15:44:07.973995: 执行节点|Execute node: 循环采集数据
2025-04-16 15:44:09.140484: Page:  42
2025-04-16 15:44:09.160333: 执行节点|Execute node: 点击下一章
2025-04-16 15:44:09.473422: 点击元素|Click element: //*[contains(@class, "nav-btn-group")]/a[3]
2025-04-16 15:44:12.498083: 执行节点|Execute node: 循环采集数据
2025-04-16 15:44:13.670415: Page:  43
2025-04-16 15:44:13.689659: 执行节点|Execute node: 点击下一章
2025-04-16 15:44:13.999401: 点击元素|Click element: //*[contains(@class, "nav-btn-group")]/a[3]
2025-04-16 15:44:17.027648: 执行节点|Execute node: 循环采集数据
2025-04-16 15:44:18.199049: Page:  44
2025-04-16 15:44:18.215409: 执行节点|Execute node: 点击下一章
2025-04-16 15:44:18.541093: 点击元素|Click element: //*[contains(@class, "nav-btn-group")]/a[3]
2025-04-16 15:44:21.566501: 执行节点|Execute node: 循环采集数据
2025-04-16 15:44:22.735246: Page:  45
2025-04-16 15:44:22.756421: 执行节点|Execute node: 点击下一章
2025-04-16 15:44:23.059579: 点击元素|Click element: //*[contains(@class, "nav-btn-group")]/a[3]
2025-04-16 15:44:32.558141: 执行节点|Execute node: 循环采集数据
2025-04-16 15:44:33.725322: Page:  46
2025-04-16 15:44:33.750246: 执行节点|Execute node: 点击下一章
2025-04-16 15:44:34.084562: 点击元素|Click element: //*[contains(@class, "nav-btn-group")]/a[3]
2025-04-16 15:44:37.110246: 执行节点|Execute node: 循环采集数据
2025-04-16 15:44:38.313479: Page:  47
2025-04-16 15:44:38.342686: 执行节点|Execute node: 点击下一章
2025-04-16 15:44:38.654488: 点击元素|Click element: //*[contains(@class, "nav-btn-group")]/a[3]
2025-04-16 15:44:41.684507: 执行节点|Execute node: 循环采集数据
2025-04-16 15:44:42.885877: Page:  48
2025-04-16 15:44:42.922192: 执行节点|Execute node: 点击下一章
2025-04-16 15:44:43.233372: 点击元素|Click element: //*[contains(@class, "nav-btn-group")]/a[3]
2025-04-16 15:44:46.253341: 执行节点|Execute node: 循环采集数据
2025-04-16 15:44:47.445233: Page:  49
2025-04-16 15:44:47.473534: 执行节点|Execute node: 点击下一章
2025-04-16 15:44:47.783209: 点击元素|Click element: //*[contains(@class, "nav-btn-group")]/a[3]
2025-04-16 15:44:50.810883: 执行节点|Execute node: 循环采集数据
2025-04-16 15:44:52.013114: Page:  50
2025-04-16 15:44:53.249930: 执行节点|Execute node: 点击排行榜中的小说
2025-04-16 15:44:53.624924: 点击元素|Click element: //*[@id="__layout"]/section/section/section/section[2]/div[2]/section/div[3]/a/div/img
2025-04-16 15:44:57.516307: 执行节点|Execute node: 点击立即阅读
2025-04-16 15:44:57.902527: 点击元素|Click element: //*[contains(@class, "book-info--btn-reading")]
2025-04-16 15:45:00.945790: 执行节点|Execute node: 循环采集数据
2025-04-16 15:45:02.126807: 执行节点|Execute node: 循环点击：下一章
2025-04-16 15:45:02.272332: 执行节点|Execute node: 点击下一章
2025-04-16 15:45:02.586743: 点击元素|Click element: //*[contains(@class, "nav-btn-group")]/a[3]
2025-04-16 15:45:05.616301: 执行节点|Execute node: 循环采集数据
2025-04-16 15:45:06.792771: Page:  1
2025-04-16 15:45:06.813017: 执行节点|Execute node: 点击下一章
2025-04-16 15:45:07.126802: 点击元素|Click element: //*[contains(@class, "nav-btn-group")]/a[3]
2025-04-16 15:45:10.154602: 执行节点|Execute node: 循环采集数据
2025-04-16 15:45:11.399670: Page:  2
2025-04-16 15:45:11.425118: 执行节点|Execute node: 点击下一章
2025-04-16 15:45:11.745674: 点击元素|Click element: //*[contains(@class, "nav-btn-group")]/a[3]
2025-04-16 15:45:14.773219: 执行节点|Execute node: 循环采集数据
2025-04-16 15:45:15.949715: Page:  3
2025-04-16 15:45:15.969896: 执行节点|Execute node: 点击下一章
2025-04-16 15:45:16.289698: 点击元素|Click element: //*[contains(@class, "nav-btn-group")]/a[3]
2025-04-16 15:45:19.313370: 执行节点|Execute node: 循环采集数据
2025-04-16 15:45:20.489332: Page:  4
2025-04-16 15:45:20.509322: 执行节点|Execute node: 点击下一章
2025-04-16 15:45:20.828514: 点击元素|Click element: //*[contains(@class, "nav-btn-group")]/a[3]
2025-04-16 15:45:23.857119: 执行节点|Execute node: 循环采集数据
2025-04-16 15:45:25.035303: Page:  5
2025-04-16 15:45:25.055707: 执行节点|Execute node: 点击下一章
2025-04-16 15:45:25.382051: 点击元素|Click element: //*[contains(@class, "nav-btn-group")]/a[3]
2025-04-16 15:45:28.409147: 执行节点|Execute node: 循环采集数据
2025-04-16 15:45:29.583393: Page:  6
2025-04-16 15:45:29.601680: 执行节点|Execute node: 点击下一章
2025-04-16 15:45:29.933189: 点击元素|Click element: //*[contains(@class, "nav-btn-group")]/a[3]
2025-04-16 15:45:32.961438: 执行节点|Execute node: 循环采集数据
2025-04-16 15:45:34.185034: Page:  7
2025-04-16 15:45:34.204913: 执行节点|Execute node: 点击下一章
2025-04-16 15:45:34.516736: 点击元素|Click element: //*[contains(@class, "nav-btn-group")]/a[3]
2025-04-16 15:45:37.546426: 执行节点|Execute node: 循环采集数据
2025-04-16 15:45:38.728470: Page:  8
2025-04-16 15:45:38.746374: 执行节点|Execute node: 点击下一章
2025-04-16 15:45:39.073122: 点击元素|Click element: //*[contains(@class, "nav-btn-group")]/a[3]
2025-04-16 15:45:42.101063: 执行节点|Execute node: 循环采集数据
2025-04-16 15:45:43.269794: Page:  9
2025-04-16 15:45:43.290383: 执行节点|Execute node: 点击下一章
2025-04-16 15:45:43.607672: 点击元素|Click element: //*[contains(@class, "nav-btn-group")]/a[3]
2025-04-16 15:45:46.634386: 执行节点|Execute node: 循环采集数据
2025-04-16 15:45:47.806082: Page:  10
2025-04-16 15:45:47.825906: 执行节点|Execute node: 点击下一章
2025-04-16 15:45:48.142665: 点击元素|Click element: //*[contains(@class, "nav-btn-group")]/a[3]
2025-04-16 15:45:51.170695: 执行节点|Execute node: 循环采集数据
2025-04-16 15:45:52.341737: Page:  11
2025-04-16 15:45:52.358049: 执行节点|Execute node: 点击下一章
2025-04-16 15:45:52.678152: 点击元素|Click element: //*[contains(@class, "nav-btn-group")]/a[3]
2025-04-16 15:45:55.708013: 执行节点|Execute node: 循环采集数据
2025-04-16 15:45:56.892080: Page:  12
2025-04-16 15:45:56.911966: 执行节点|Execute node: 点击下一章
2025-04-16 15:45:57.226728: 点击元素|Click element: //*[contains(@class, "nav-btn-group")]/a[3]
2025-04-16 15:46:00.253086: 执行节点|Execute node: 循环采集数据
2025-04-16 15:46:01.427417: Page:  13
2025-04-16 15:46:01.448627: 执行节点|Execute node: 点击下一章
2025-04-16 15:46:01.759470: 点击元素|Click element: //*[contains(@class, "nav-btn-group")]/a[3]
2025-04-16 15:46:04.789311: 执行节点|Execute node: 循环采集数据
2025-04-16 15:46:05.963206: Page:  14
2025-04-16 15:46:05.979647: 执行节点|Execute node: 点击下一章
2025-04-16 15:46:06.294385: 点击元素|Click element: //*[contains(@class, "nav-btn-group")]/a[3]
2025-04-16 15:46:09.323531: 执行节点|Execute node: 循环采集数据
2025-04-16 15:46:10.492579: Page:  15
2025-04-16 15:46:10.512640: 执行节点|Execute node: 点击下一章
2025-04-16 15:46:10.824861: 点击元素|Click element: //*[contains(@class, "nav-btn-group")]/a[3]
2025-04-16 15:46:13.849904: 执行节点|Execute node: 循环采集数据
2025-04-16 15:46:15.026651: Page:  16
2025-04-16 15:46:15.046937: 执行节点|Execute node: 点击下一章
2025-04-16 15:46:15.352182: 点击元素|Click element: //*[contains(@class, "nav-btn-group")]/a[3]
2025-04-16 15:46:18.382255: 执行节点|Execute node: 循环采集数据
2025-04-16 15:46:19.558471: Page:  17
2025-04-16 15:46:19.579953: 执行节点|Execute node: 点击下一章
2025-04-16 15:46:19.901996: 点击元素|Click element: //*[contains(@class, "nav-btn-group")]/a[3]
2025-04-16 15:46:22.927396: 执行节点|Execute node: 循环采集数据
2025-04-16 15:46:24.103239: Page:  18
2025-04-16 15:46:24.122821: 执行节点|Execute node: 点击下一章
2025-04-16 15:46:24.425571: 点击元素|Click element: //*[contains(@class, "nav-btn-group")]/a[3]
2025-04-16 15:46:27.450276: 执行节点|Execute node: 循环采集数据
2025-04-16 15:46:28.617888: Page:  19
2025-04-16 15:46:28.637877: 执行节点|Execute node: 点击下一章
2025-04-16 15:46:28.967238: 点击元素|Click element: //*[contains(@class, "nav-btn-group")]/a[3]
2025-04-16 15:46:31.994261: 执行节点|Execute node: 循环采集数据
2025-04-16 15:46:33.212901: Page:  20
2025-04-16 15:46:33.233559: 执行节点|Execute node: 点击下一章
2025-04-16 15:46:33.555087: 点击元素|Click element: //*[contains(@class, "nav-btn-group")]/a[3]
2025-04-16 15:46:36.584116: 执行节点|Execute node: 循环采集数据
2025-04-16 15:46:37.750110: Page:  21
2025-04-16 15:46:37.771076: 执行节点|Execute node: 点击下一章
2025-04-16 15:46:38.091698: 点击元素|Click element: //*[contains(@class, "nav-btn-group")]/a[3]
2025-04-16 15:46:41.115085: 执行节点|Execute node: 循环采集数据
2025-04-16 15:46:42.289198: Page:  22
2025-04-16 15:46:42.309773: 执行节点|Execute node: 点击下一章
2025-04-16 15:46:42.624763: 点击元素|Click element: //*[contains(@class, "nav-btn-group")]/a[3]
2025-04-16 15:46:45.653661: 执行节点|Execute node: 循环采集数据
2025-04-16 15:46:46.837837: Page:  23
2025-04-16 15:46:46.857707: 执行节点|Execute node: 点击下一章
2025-04-16 15:46:47.179974: 点击元素|Click element: //*[contains(@class, "nav-btn-group")]/a[3]
2025-04-16 15:46:50.200875: 执行节点|Execute node: 循环采集数据
2025-04-16 15:46:51.388426: Page:  24
2025-04-16 15:46:51.408721: 执行节点|Execute node: 点击下一章
2025-04-16 15:46:51.721030: 点击元素|Click element: //*[contains(@class, "nav-btn-group")]/a[3]
2025-04-16 15:46:54.746624: 执行节点|Execute node: 循环采集数据
2025-04-16 15:46:55.948460: Page:  25
2025-04-16 15:46:55.967820: 执行节点|Execute node: 点击下一章
2025-04-16 15:46:56.282672: 点击元素|Click element: //*[contains(@class, "nav-btn-group")]/a[3]
2025-04-16 15:46:59.326666: 执行节点|Execute node: 循环采集数据
2025-04-16 15:47:00.505153: Page:  26
2025-04-16 15:47:00.528386: 执行节点|Execute node: 点击下一章
2025-04-16 15:47:00.856510: 点击元素|Click element: //*[contains(@class, "nav-btn-group")]/a[3]
2025-04-16 15:47:03.885011: 执行节点|Execute node: 循环采集数据
2025-04-16 15:47:05.100419: Page:  27
2025-04-16 15:47:05.122873: 执行节点|Execute node: 点击下一章
2025-04-16 15:47:05.456369: 点击元素|Click element: //*[contains(@class, "nav-btn-group")]/a[3]
2025-04-16 15:47:08.486394: 执行节点|Execute node: 循环采集数据
2025-04-16 15:47:09.671314: Page:  28
2025-04-16 15:47:09.691494: 执行节点|Execute node: 点击下一章
2025-04-16 15:47:10.006703: 点击元素|Click element: //*[contains(@class, "nav-btn-group")]/a[3]
2025-04-16 15:47:13.040762: 执行节点|Execute node: 循环采集数据
2025-04-16 15:47:14.230018: Page:  29
2025-04-16 15:47:14.251779: 执行节点|Execute node: 点击下一章
2025-04-16 15:47:14.573649: 点击元素|Click element: //*[contains(@class, "nav-btn-group")]/a[3]
2025-04-16 15:47:17.600027: 执行节点|Execute node: 循环采集数据
2025-04-16 15:47:18.823863: Page:  30
2025-04-16 15:47:18.839300: 执行节点|Execute node: 点击下一章
2025-04-16 15:47:19.153720: 点击元素|Click element: //*[contains(@class, "nav-btn-group")]/a[3]
2025-04-16 15:47:22.181576: 执行节点|Execute node: 循环采集数据
2025-04-16 15:47:23.360355: Page:  31
2025-04-16 15:47:23.381825: 执行节点|Execute node: 点击下一章
2025-04-16 15:47:23.683214: 点击元素|Click element: //*[contains(@class, "nav-btn-group")]/a[3]
2025-04-16 15:47:26.708199: 执行节点|Execute node: 循环采集数据
2025-04-16 15:47:27.871243: Page:  32
2025-04-16 15:47:27.889988: 执行节点|Execute node: 点击下一章
2025-04-16 15:47:28.220440: 点击元素|Click element: //*[contains(@class, "nav-btn-group")]/a[3]
2025-04-16 15:47:31.244940: 执行节点|Execute node: 循环采集数据
2025-04-16 15:47:32.413167: Page:  33
2025-04-16 15:47:32.438431: 执行节点|Execute node: 点击下一章
2025-04-16 15:47:32.763133: 点击元素|Click element: //*[contains(@class, "nav-btn-group")]/a[3]
2025-04-16 15:47:35.795241: 执行节点|Execute node: 循环采集数据
2025-04-16 15:47:36.958399: Page:  34
2025-04-16 15:47:36.980365: 执行节点|Execute node: 点击下一章
2025-04-16 15:47:37.291639: 点击元素|Click element: //*[contains(@class, "nav-btn-group")]/a[3]
2025-04-16 15:47:40.314140: 执行节点|Execute node: 循环采集数据
2025-04-16 15:47:41.500634: Page:  35
2025-04-16 15:47:41.519026: 执行节点|Execute node: 点击下一章
2025-04-16 15:47:41.842532: 点击元素|Click element: //*[contains(@class, "nav-btn-group")]/a[3]
2025-04-16 15:47:44.871095: 执行节点|Execute node: 循环采集数据
2025-04-16 15:47:46.020682: Page:  36
2025-04-16 15:47:46.041076: 执行节点|Execute node: 点击下一章
2025-04-16 15:47:46.345716: 点击元素|Click element: //*[contains(@class, "nav-btn-group")]/a[3]
2025-04-16 15:47:49.373129: 执行节点|Execute node: 循环采集数据
2025-04-16 15:47:50.546299: Page:  37
2025-04-16 15:47:50.556498: 执行节点|Execute node: 点击下一章
2025-04-16 15:47:50.855822: 点击元素|Click element: //*[contains(@class, "nav-btn-group")]/a[3]
2025-04-16 15:47:53.894791: 执行节点|Execute node: 循环采集数据
2025-04-16 15:47:55.103034: Page:  38
2025-04-16 15:47:55.125420: 执行节点|Execute node: 点击下一章
2025-04-16 15:47:55.460153: 点击元素|Click element: //*[contains(@class, "nav-btn-group")]/a[3]
2025-04-16 15:47:58.510853: 执行节点|Execute node: 循环采集数据
2025-04-16 15:48:00.254099: Page:  39
2025-04-16 15:48:00.266108: 执行节点|Execute node: 点击下一章
2025-04-16 15:48:00.572944: 点击元素|Click element: //*[contains(@class, "nav-btn-group")]/a[3]
2025-04-16 15:48:03.603174: 执行节点|Execute node: 循环采集数据
2025-04-16 15:48:04.753680: Page:  40
2025-04-16 15:48:04.787341: 执行节点|Execute node: 点击下一章
2025-04-16 15:48:05.119626: 点击元素|Click element: //*[contains(@class, "nav-btn-group")]/a[3]
2025-04-16 15:48:08.145124: 执行节点|Execute node: 循环采集数据
2025-04-16 15:48:09.319305: Page:  41
2025-04-16 15:48:09.337632: 执行节点|Execute node: 点击下一章
2025-04-16 15:48:14.679078: 点击元素|Click element: //*[contains(@class, "nav-btn-group")]/a[3]
2025-04-16 15:48:17.701339: 执行节点|Execute node: 循环采集数据
2025-04-16 15:48:18.875397: Page:  42
2025-04-16 15:48:18.896169: 执行节点|Execute node: 点击下一章
2025-04-16 15:48:24.228331: 点击元素|Click element: //*[contains(@class, "nav-btn-group")]/a[3]
2025-04-16 15:48:27.254858: 执行节点|Execute node: 循环采集数据
2025-04-16 15:48:28.432450: Page:  43
2025-04-16 15:48:28.452566: 执行节点|Execute node: 点击下一章
2025-04-16 15:48:33.758169: 点击元素|Click element: //*[contains(@class, "nav-btn-group")]/a[3]
2025-04-16 15:48:36.787088: 执行节点|Execute node: 循环采集数据
2025-04-16 15:48:37.966100: Page:  44
2025-04-16 15:48:37.988473: 执行节点|Execute node: 点击下一章
2025-04-16 15:48:43.312494: 点击元素|Click element: //*[contains(@class, "nav-btn-group")]/a[3]
2025-04-16 15:48:46.337438: 执行节点|Execute node: 循环采集数据
2025-04-16 15:48:47.506372: Page:  45
2025-04-16 15:48:47.522294: 执行节点|Execute node: 点击下一章
2025-04-16 15:48:52.849000: 点击元素|Click element: //*[contains(@class, "nav-btn-group")]/a[3]
2025-04-16 15:48:55.873476: 执行节点|Execute node: 循环采集数据
2025-04-16 15:48:57.045695: Page:  46
2025-04-16 15:48:57.062856: 执行节点|Execute node: 点击下一章
2025-04-16 15:49:02.384211: 点击元素|Click element: //*[contains(@class, "nav-btn-group")]/a[3]
2025-04-16 15:49:05.408821: 执行节点|Execute node: 循环采集数据
2025-04-16 15:49:06.576658: Page:  47
2025-04-16 15:49:06.592658: 执行节点|Execute node: 点击下一章
2025-04-16 15:49:11.924835: 点击元素|Click element: //*[contains(@class, "nav-btn-group")]/a[3]
2025-04-16 15:49:14.949426: 执行节点|Execute node: 循环采集数据
2025-04-16 15:49:16.122892: Page:  48
2025-04-16 15:49:16.142729: 执行节点|Execute node: 点击下一章
2025-04-16 15:49:21.462140: 点击元素|Click element: //*[contains(@class, "nav-btn-group")]/a[3]
2025-04-16 15:49:24.490605: 执行节点|Execute node: 循环采集数据
2025-04-16 15:49:25.675385: Page:  49
2025-04-16 15:49:25.693178: 执行节点|Execute node: 点击下一章
2025-04-16 15:49:31.018788: 点击元素|Click element: //*[contains(@class, "nav-btn-group")]/a[3]
2025-04-16 15:49:34.042862: 执行节点|Execute node: 循环采集数据
2025-04-16 15:49:35.223927: Page:  50
2025-04-16 15:49:36.488870: 执行节点|Execute node: 点击排行榜中的小说
2025-04-16 15:49:36.850044: 点击元素|Click element: //*[@id="__layout"]/section/section/section/section[2]/div[2]/section/div[4]/a/div/img
2025-04-16 15:49:40.215788: 执行节点|Execute node: 点击立即阅读
2025-04-16 15:49:40.583649: 点击元素|Click element: //*[contains(@class, "book-info--btn-reading")]
2025-04-16 15:49:43.627696: 执行节点|Execute node: 循环采集数据
2025-04-16 15:49:44.805064: 执行节点|Execute node: 循环点击：下一章
2025-04-16 15:49:44.956239: 执行节点|Execute node: 点击下一章
2025-04-16 15:49:47.495641: 点击元素|Click element: //*[contains(@class, "nav-btn-group")]/a[3]
2025-04-16 15:49:50.525568: 执行节点|Execute node: 循环采集数据
2025-04-16 15:49:51.674463: Page:  1
2025-04-16 15:49:51.694342: 执行节点|Execute node: 点击下一章
2025-04-16 15:49:52.021817: 点击元素|Click element: //*[contains(@class, "nav-btn-group")]/a[3]
2025-04-16 15:49:55.048989: 执行节点|Execute node: 循环采集数据
2025-04-16 15:49:56.203701: Page:  2
2025-04-16 15:49:56.223695: 执行节点|Execute node: 点击下一章
2025-04-16 15:49:56.535599: 点击元素|Click element: //*[contains(@class, "nav-btn-group")]/a[3]
2025-04-16 15:49:59.565340: 执行节点|Execute node: 循环采集数据
2025-04-16 15:50:00.743426: Page:  3
2025-04-16 15:50:00.767323: 执行节点|Execute node: 点击下一章
2025-04-16 15:50:01.070614: 点击元素|Click element: //*[contains(@class, "nav-btn-group")]/a[3]
2025-04-16 15:50:04.092119: 执行节点|Execute node: 循环采集数据
2025-04-16 15:50:05.282226: Page:  4
2025-04-16 15:50:05.305245: 执行节点|Execute node: 点击下一章
2025-04-16 15:50:05.625236: 点击元素|Click element: //*[contains(@class, "nav-btn-group")]/a[3]
2025-04-16 15:50:08.648525: 执行节点|Execute node: 循环采集数据
2025-04-16 15:50:09.837763: Page:  5
2025-04-16 15:50:09.861657: 执行节点|Execute node: 点击下一章
2025-04-16 15:50:10.155468: 点击元素|Click element: //*[contains(@class, "nav-btn-group")]/a[3]
2025-04-16 15:50:13.182987: 执行节点|Execute node: 循环采集数据
2025-04-16 15:50:14.352093: Page:  6
2025-04-16 15:50:14.370449: 执行节点|Execute node: 点击下一章
2025-04-16 15:50:14.677170: 点击元素|Click element: //*[contains(@class, "nav-btn-group")]/a[3]
2025-04-16 15:50:17.701214: 执行节点|Execute node: 循环采集数据
2025-04-16 15:50:18.911529: Page:  7
2025-04-16 15:50:18.931518: 执行节点|Execute node: 点击下一章
2025-04-16 15:50:19.247192: 点击元素|Click element: //*[contains(@class, "nav-btn-group")]/a[3]
2025-04-16 15:50:22.274122: 执行节点|Execute node: 循环采集数据
2025-04-16 15:50:23.451780: Page:  8
2025-04-16 15:50:23.470218: 执行节点|Execute node: 点击下一章
2025-04-16 15:50:23.786771: 点击元素|Click element: //*[contains(@class, "nav-btn-group")]/a[3]
2025-04-16 15:50:26.815026: 执行节点|Execute node: 循环采集数据
2025-04-16 15:50:28.013103: Page:  9
2025-04-16 15:50:28.034476: 执行节点|Execute node: 点击下一章
2025-04-16 15:50:28.347912: 点击元素|Click element: //*[contains(@class, "nav-btn-group")]/a[3]
2025-04-16 15:50:31.372901: 执行节点|Execute node: 循环采集数据
2025-04-16 15:50:32.548565: Page:  10
2025-04-16 15:50:32.569520: 执行节点|Execute node: 点击下一章
2025-04-16 15:50:32.878311: 点击元素|Click element: //*[contains(@class, "nav-btn-group")]/a[3]
2025-04-16 15:50:35.904197: 执行节点|Execute node: 循环采集数据
2025-04-16 15:50:37.081926: Page:  11
2025-04-16 15:50:37.101857: 执行节点|Execute node: 点击下一章
2025-04-16 15:50:37.432940: 点击元素|Click element: //*[contains(@class, "nav-btn-group")]/a[3]
2025-04-16 15:50:40.459416: 执行节点|Execute node: 循环采集数据
2025-04-16 15:50:41.634308: Page:  12
2025-04-16 15:50:41.654207: 执行节点|Execute node: 点击下一章
2025-04-16 15:50:41.965884: 点击元素|Click element: //*[contains(@class, "nav-btn-group")]/a[3]
2025-04-16 15:50:44.989879: 执行节点|Execute node: 循环采集数据
2025-04-16 15:50:46.166567: Page:  13
2025-04-16 15:50:46.187883: 执行节点|Execute node: 点击下一章
2025-04-16 15:50:46.510279: 点击元素|Click element: //*[contains(@class, "nav-btn-group")]/a[3]
2025-04-16 15:50:49.535793: 执行节点|Execute node: 循环采集数据
2025-04-16 15:50:50.705618: Page:  14
2025-04-16 15:50:50.724092: 执行节点|Execute node: 点击下一章
2025-04-16 15:50:51.036980: 点击元素|Click element: //*[contains(@class, "nav-btn-group")]/a[3]
2025-04-16 15:50:54.061455: 执行节点|Execute node: 循环采集数据
2025-04-16 15:50:55.239530: Page:  15
2025-04-16 15:50:55.260097: 执行节点|Execute node: 点击下一章
2025-04-16 15:50:55.580968: 点击元素|Click element: //*[contains(@class, "nav-btn-group")]/a[3]
2025-04-16 15:51:01.879120: 执行节点|Execute node: 循环采集数据
2025-04-16 15:51:03.050364: Page:  16
2025-04-16 15:51:03.079269: 执行节点|Execute node: 点击下一章
2025-04-16 15:51:03.392807: 点击元素|Click element: //*[contains(@class, "nav-btn-group")]/a[3]
2025-04-16 15:51:06.420156: 执行节点|Execute node: 循环采集数据
2025-04-16 15:51:07.602148: Page:  17
2025-04-16 15:51:07.622103: 执行节点|Execute node: 点击下一章
2025-04-16 15:51:07.933268: 点击元素|Click element: //*[contains(@class, "nav-btn-group")]/a[3]
2025-04-16 15:51:10.960724: 执行节点|Execute node: 循环采集数据
2025-04-16 15:51:12.134114: Page:  18
2025-04-16 15:51:12.153750: 执行节点|Execute node: 点击下一章
2025-04-16 15:51:12.471392: 点击元素|Click element: //*[contains(@class, "nav-btn-group")]/a[3]
2025-04-16 15:51:15.495245: 执行节点|Execute node: 循环采集数据
2025-04-16 15:51:16.671841: Page:  19
2025-04-16 15:51:16.695512: 执行节点|Execute node: 点击下一章
2025-04-16 15:51:17.003266: 点击元素|Click element: //*[contains(@class, "nav-btn-group")]/a[3]
2025-04-16 15:51:30.059258: 执行节点|Execute node: 循环采集数据
2025-04-16 15:51:31.213966: Page:  20
2025-04-16 15:51:31.232327: Single loop element not found:  //*[contains(@class, "nav-btn-group")]/a[3]
2025-04-16 15:51:31.232327: 找不到要循环的单个元素:  //*[contains(@class, "nav-btn-group")]/a[3]
2025-04-16 15:51:31.232327: 执行节点|Execute node: 点击下一章
2025-04-16 15:51:31.252561: Cannot find element://*[contains(@class, "nav-btn-group")]/a[3], please try to set the wait time before executing this operation
2025-04-16 15:51:31.252561: 找不到要点击的元素://*[contains(@class, "nav-btn-group")]/a[3]，请尝试在执行此操作前设置等待时间
2025-04-16 15:51:31.252561: 点击元素失败://*[contains(@class, "nav-btn-group")]/a[3] ，请尝试将点击类型改为JavaScript点击后重试。
2025-04-16 15:51:31.252561: Failed to click element://*[contains(@class, "nav-btn-group")]/a[3] , please try to change the click type to JavaScript Click.
2025-04-16 15:51:31.252561: cannot access local variable 'element' where it is not associated with a value
2025-04-16 15:51:34.280927: 执行节点|Execute node: 循环采集数据
2025-04-16 15:51:36.611326: 执行节点|Execute node: 点击排行榜中的小说
2025-04-16 15:51:36.981887: 点击元素|Click element: //*[@id="__layout"]/section/section/section/section[2]/div[2]/section/div[5]/a/div/img
2025-04-16 15:51:40.236096: 执行节点|Execute node: 点击立即阅读
2025-04-16 15:51:40.583737: 点击元素|Click element: //*[contains(@class, "book-info--btn-reading")]
2025-04-16 15:51:43.878911: 执行节点|Execute node: 循环采集数据
2025-04-16 15:51:45.026924: 执行节点|Execute node: 循环点击：下一章
2025-04-16 15:51:45.153510: 执行节点|Execute node: 点击下一章
2025-04-16 15:51:45.451322: 点击元素|Click element: //*[contains(@class, "nav-btn-group")]/a[3]
2025-04-16 15:51:48.477220: 执行节点|Execute node: 循环采集数据
2025-04-16 15:51:49.622920: Page:  1
2025-04-16 15:51:49.644111: 执行节点|Execute node: 点击下一章
2025-04-16 15:51:49.959253: 点击元素|Click element: //*[contains(@class, "nav-btn-group")]/a[3]
2025-04-16 15:51:52.984606: 执行节点|Execute node: 循环采集数据
2025-04-16 15:51:54.161498: Page:  2
2025-04-16 15:51:54.180727: 执行节点|Execute node: 点击下一章
2025-04-16 15:51:59.499280: 点击元素|Click element: //*[contains(@class, "nav-btn-group")]/a[3]
2025-04-16 15:52:02.529266: 执行节点|Execute node: 循环采集数据
2025-04-16 15:52:03.709670: Page:  3
2025-04-16 15:52:03.722188: 执行节点|Execute node: 点击下一章
2025-04-16 15:52:09.025427: 点击元素|Click element: //*[contains(@class, "nav-btn-group")]/a[3]
2025-04-16 15:52:12.051782: 执行节点|Execute node: 循环采集数据
2025-04-16 15:52:13.230311: Page:  4
2025-04-16 15:52:13.260780: 执行节点|Execute node: 点击下一章
2025-04-16 15:52:18.591586: 点击元素|Click element: //*[contains(@class, "nav-btn-group")]/a[3]
2025-04-16 15:52:21.621644: 执行节点|Execute node: 循环采集数据
2025-04-16 15:52:22.799944: Page:  5
2025-04-16 15:52:22.826734: 执行节点|Execute node: 点击下一章
2025-04-16 15:52:28.200008: 点击元素|Click element: //*[contains(@class, "nav-btn-group")]/a[3]
2025-04-16 15:52:31.228132: 执行节点|Execute node: 循环采集数据
2025-04-16 15:52:32.415144: Page:  6
2025-04-16 15:52:32.445772: 执行节点|Execute node: 点击下一章
2025-04-16 15:52:37.766855: 点击元素|Click element: //*[contains(@class, "nav-btn-group")]/a[3]
2025-04-16 15:52:40.792885: 执行节点|Execute node: 循环采集数据
2025-04-16 15:52:41.971094: Page:  7
2025-04-16 15:52:41.999332: 执行节点|Execute node: 点击下一章
2025-04-16 15:52:47.327200: 点击元素|Click element: //*[contains(@class, "nav-btn-group")]/a[3]
2025-04-16 15:52:50.352147: 执行节点|Execute node: 循环采集数据
2025-04-16 15:52:51.529941: Page:  8
2025-04-16 15:52:51.549500: 执行节点|Execute node: 点击下一章
2025-04-16 15:52:56.864121: 点击元素|Click element: //*[contains(@class, "nav-btn-group")]/a[3]
2025-04-16 15:52:59.892304: 执行节点|Execute node: 循环采集数据
2025-04-16 15:53:01.079994: Page:  9
2025-04-16 15:53:01.098185: 执行节点|Execute node: 点击下一章
2025-04-16 15:53:06.407580: 点击元素|Click element: //*[contains(@class, "nav-btn-group")]/a[3]
2025-04-16 15:53:09.429244: 执行节点|Execute node: 循环采集数据
2025-04-16 15:53:10.605669: Page:  10
2025-04-16 15:53:10.632051: 执行节点|Execute node: 点击下一章
2025-04-16 15:53:15.957922: 点击元素|Click element: //*[contains(@class, "nav-btn-group")]/a[3]
2025-04-16 15:53:18.984516: 执行节点|Execute node: 循环采集数据
2025-04-16 15:53:20.200416: Page:  11
2025-04-16 15:53:20.248845: 执行节点|Execute node: 点击下一章
2025-04-16 15:53:25.608367: 点击元素|Click element: //*[contains(@class, "nav-btn-group")]/a[3]
2025-04-16 15:53:28.638005: 执行节点|Execute node: 循环采集数据
2025-04-16 15:53:29.799021: Page:  12
2025-04-16 15:53:29.824667: 执行节点|Execute node: 点击下一章
2025-04-16 15:53:35.169058: 点击元素|Click element: //*[contains(@class, "nav-btn-group")]/a[3]
2025-04-16 15:53:38.194998: 执行节点|Execute node: 循环采集数据
2025-04-16 15:53:39.391150: Page:  13
2025-04-16 15:53:39.428067: 执行节点|Execute node: 点击下一章
2025-04-16 15:53:44.763537: 点击元素|Click element: //*[contains(@class, "nav-btn-group")]/a[3]
2025-04-16 15:53:47.790997: 执行节点|Execute node: 循环采集数据
2025-04-16 15:53:49.018377: Page:  14
2025-04-16 15:53:49.050839: 执行节点|Execute node: 点击下一章
2025-04-16 15:53:54.396557: 点击元素|Click element: //*[contains(@class, "nav-btn-group")]/a[3]
2025-04-16 15:53:58.083108: 执行节点|Execute node: 循环采集数据
2025-04-16 15:53:59.262392: Page:  15
2025-04-16 15:53:59.288388: 执行节点|Execute node: 点击下一章
2025-04-16 15:54:04.610017: 点击元素|Click element: //*[contains(@class, "nav-btn-group")]/a[3]
2025-04-16 15:54:07.639013: 执行节点|Execute node: 循环采集数据
2025-04-16 15:54:08.845232: Page:  16
2025-04-16 15:54:08.879101: 执行节点|Execute node: 点击下一章
2025-04-16 15:54:14.215190: 点击元素|Click element: //*[contains(@class, "nav-btn-group")]/a[3]
2025-04-16 15:54:17.243633: 执行节点|Execute node: 循环采集数据
2025-04-16 15:54:18.437907: Page:  17
2025-04-16 15:54:18.468380: 执行节点|Execute node: 点击下一章
2025-04-16 15:54:23.800984: 点击元素|Click element: //*[contains(@class, "nav-btn-group")]/a[3]
2025-04-16 15:54:26.824946: 执行节点|Execute node: 循环采集数据
2025-04-16 15:54:27.997605: Page:  18
2025-04-16 15:54:28.016626: 执行节点|Execute node: 点击下一章
2025-04-16 15:54:33.332138: 点击元素|Click element: //*[contains(@class, "nav-btn-group")]/a[3]
2025-04-16 15:54:36.358061: 执行节点|Execute node: 循环采集数据
2025-04-16 15:54:37.533231: Page:  19
2025-04-16 15:54:37.551690: 执行节点|Execute node: 点击下一章
2025-04-16 15:54:42.888877: 点击元素|Click element: //*[contains(@class, "nav-btn-group")]/a[3]
2025-04-16 15:54:46.519141: 执行节点|Execute node: 循环采集数据
2025-04-16 15:54:47.695430: Page:  20
2025-04-16 15:54:47.711242: 执行节点|Execute node: 点击下一章
2025-04-16 15:54:53.019529: 点击元素|Click element: //*[contains(@class, "nav-btn-group")]/a[3]
2025-04-16 15:54:56.044388: 执行节点|Execute node: 循环采集数据
2025-04-16 15:54:57.246439: Page:  21
2025-04-16 15:54:57.275289: 执行节点|Execute node: 点击下一章
2025-04-16 15:55:02.608901: 点击元素|Click element: //*[contains(@class, "nav-btn-group")]/a[3]
2025-04-16 15:55:05.635116: 执行节点|Execute node: 循环采集数据
2025-04-16 15:55:06.841482: Page:  22
2025-04-16 15:55:06.869008: 执行节点|Execute node: 点击下一章
2025-04-16 15:55:12.195669: 点击元素|Click element: //*[contains(@class, "nav-btn-group")]/a[3]
2025-04-16 15:55:15.219818: 执行节点|Execute node: 循环采集数据
2025-04-16 15:55:16.420031: Page:  23
2025-04-16 15:55:16.452069: 执行节点|Execute node: 点击下一章
2025-04-16 15:55:21.782144: 点击元素|Click element: //*[contains(@class, "nav-btn-group")]/a[3]
2025-04-16 15:55:24.810951: 执行节点|Execute node: 循环采集数据
2025-04-16 15:55:26.026203: Page:  24
2025-04-16 15:55:26.065108: 执行节点|Execute node: 点击下一章
2025-04-16 15:55:31.380129: 点击元素|Click element: //*[contains(@class, "nav-btn-group")]/a[3]
2025-04-16 15:55:34.403075: 执行节点|Execute node: 循环采集数据
2025-04-16 15:55:35.601468: Page:  25
2025-04-16 15:55:35.628352: 执行节点|Execute node: 点击下一章
2025-04-16 15:55:40.987368: 点击元素|Click element: //*[contains(@class, "nav-btn-group")]/a[3]
2025-04-16 15:55:44.022051: 执行节点|Execute node: 循环采集数据
2025-04-16 15:55:45.224438: Page:  26
2025-04-16 15:55:45.258186: 执行节点|Execute node: 点击下一章
2025-04-16 15:55:50.590983: 点击元素|Click element: //*[contains(@class, "nav-btn-group")]/a[3]
2025-04-16 15:55:53.621403: 执行节点|Execute node: 循环采集数据
2025-04-16 15:55:54.832827: Page:  27
2025-04-16 15:55:54.868284: 执行节点|Execute node: 点击下一章
2025-04-16 15:56:00.211048: 点击元素|Click element: //*[contains(@class, "nav-btn-group")]/a[3]
2025-04-16 15:56:03.241343: 执行节点|Execute node: 循环采集数据
2025-04-16 15:56:04.448249: Page:  28
2025-04-16 15:56:04.493048: 执行节点|Execute node: 点击下一章
2025-04-16 15:56:09.815287: 点击元素|Click element: //*[contains(@class, "nav-btn-group")]/a[3]
2025-04-16 15:56:12.844512: 执行节点|Execute node: 循环采集数据
2025-04-16 15:56:14.047928: Page:  29
2025-04-16 15:56:14.080105: 执行节点|Execute node: 点击下一章
2025-04-16 15:56:19.402478: 点击元素|Click element: //*[contains(@class, "nav-btn-group")]/a[3]
2025-04-16 15:56:22.426969: 执行节点|Execute node: 循环采集数据
2025-04-16 15:56:23.687649: Page:  30
2025-04-16 15:56:23.718755: 执行节点|Execute node: 点击下一章
2025-04-16 15:56:29.043595: 点击元素|Click element: //*[contains(@class, "nav-btn-group")]/a[3]
2025-04-16 15:56:32.072044: 执行节点|Execute node: 循环采集数据
2025-04-16 15:56:33.271421: Page:  31
2025-04-16 15:56:33.299229: 执行节点|Execute node: 点击下一章
2025-04-16 15:56:38.631036: 点击元素|Click element: //*[contains(@class, "nav-btn-group")]/a[3]
2025-04-16 15:56:41.662997: 执行节点|Execute node: 循环采集数据
2025-04-16 15:56:42.898081: Page:  32
2025-04-16 15:56:42.927322: 执行节点|Execute node: 点击下一章
2025-04-16 15:56:48.260898: 点击元素|Click element: //*[contains(@class, "nav-btn-group")]/a[3]
2025-04-16 15:56:51.289279: 执行节点|Execute node: 循环采集数据
2025-04-16 15:56:52.545435: Page:  33
2025-04-16 15:56:52.581698: 执行节点|Execute node: 点击下一章
2025-04-16 15:56:57.911011: 点击元素|Click element: //*[contains(@class, "nav-btn-group")]/a[3]
2025-04-16 15:57:00.935501: 执行节点|Execute node: 循环采集数据
2025-04-16 15:57:02.180188: Page:  34
2025-04-16 15:57:02.219919: 执行节点|Execute node: 点击下一章
2025-04-16 15:57:07.555821: 点击元素|Click element: //*[contains(@class, "nav-btn-group")]/a[3]
2025-04-16 15:57:10.581951: 执行节点|Execute node: 循环采集数据
2025-04-16 15:57:11.786817: Page:  35
2025-04-16 15:57:11.824997: 执行节点|Execute node: 点击下一章
2025-04-16 15:57:17.201607: 点击元素|Click element: //*[contains(@class, "nav-btn-group")]/a[3]
2025-04-16 15:57:20.230041: 执行节点|Execute node: 循环采集数据
2025-04-16 15:57:21.446406: Page:  36
2025-04-16 15:57:21.509816: 执行节点|Execute node: 点击下一章
2025-04-16 15:57:26.829128: 点击元素|Click element: //*[contains(@class, "nav-btn-group")]/a[3]
2025-04-16 15:57:29.917552: 执行节点|Execute node: 循环采集数据
2025-04-16 15:57:31.124093: Page:  37
2025-04-16 15:57:31.162329: 执行节点|Execute node: 点击下一章
2025-04-16 15:57:36.473020: 点击元素|Click element: //*[contains(@class, "nav-btn-group")]/a[3]
2025-04-16 15:57:39.499234: 执行节点|Execute node: 循环采集数据
2025-04-16 15:57:40.727296: Page:  38
2025-04-16 15:57:40.765831: 执行节点|Execute node: 点击下一章
2025-04-16 15:57:46.080705: 点击元素|Click element: //*[contains(@class, "nav-btn-group")]/a[3]
2025-04-16 15:57:49.107752: 执行节点|Execute node: 循环采集数据
2025-04-16 15:57:50.424608: Page:  39
2025-04-16 15:57:50.455499: 执行节点|Execute node: 点击下一章
2025-04-16 15:57:55.796603: 点击元素|Click element: //*[contains(@class, "nav-btn-group")]/a[3]
2025-04-16 15:57:58.826140: 执行节点|Execute node: 循环采集数据
2025-04-16 15:58:00.011965: Page:  40
2025-04-16 15:58:00.046643: 执行节点|Execute node: 点击下一章
2025-04-16 15:58:05.385144: 点击元素|Click element: //*[contains(@class, "nav-btn-group")]/a[3]
2025-04-16 15:58:08.416736: 执行节点|Execute node: 循环采集数据
2025-04-16 15:58:09.594474: Page:  41
2025-04-16 15:58:09.635152: 执行节点|Execute node: 点击下一章
2025-04-16 15:58:14.973578: 点击元素|Click element: //*[contains(@class, "nav-btn-group")]/a[3]
2025-04-16 15:58:18.001882: 执行节点|Execute node: 循环采集数据
2025-04-16 15:58:19.205992: Page:  42
2025-04-16 15:58:19.238687: 执行节点|Execute node: 点击下一章
2025-04-16 15:58:24.564841: 点击元素|Click element: //*[contains(@class, "nav-btn-group")]/a[3]
2025-04-16 15:58:27.594638: 执行节点|Execute node: 循环采集数据
2025-04-16 15:58:28.865148: Page:  43
2025-04-16 15:58:28.895010: 执行节点|Execute node: 点击下一章
2025-04-16 15:58:34.227805: 点击元素|Click element: //*[contains(@class, "nav-btn-group")]/a[3]
2025-04-16 15:58:37.253532: 执行节点|Execute node: 循环采集数据
2025-04-16 15:58:38.458952: Page:  44
2025-04-16 15:58:38.492637: 执行节点|Execute node: 点击下一章
2025-04-16 15:58:43.836602: 点击元素|Click element: //*[contains(@class, "nav-btn-group")]/a[3]
2025-04-16 15:58:47.478571: 执行节点|Execute node: 循环采集数据
2025-04-16 15:58:48.688926: Page:  45
2025-04-16 15:58:48.724228: 执行节点|Execute node: 点击下一章
2025-04-16 15:58:54.062645: 点击元素|Click element: //*[contains(@class, "nav-btn-group")]/a[3]
2025-04-16 15:58:57.092763: 执行节点|Execute node: 循环采集数据
2025-04-16 15:58:58.293866: Page:  46
2025-04-16 15:58:58.329627: 执行节点|Execute node: 点击下一章
2025-04-16 15:59:03.669195: 点击元素|Click element: //*[contains(@class, "nav-btn-group")]/a[3]
2025-04-16 15:59:06.694886: 执行节点|Execute node: 循环采集数据
2025-04-16 15:59:07.897374: Page:  47
2025-04-16 15:59:07.932780: 执行节点|Execute node: 点击下一章
2025-04-16 15:59:13.257897: 点击元素|Click element: //*[contains(@class, "nav-btn-group")]/a[3]
2025-04-16 15:59:16.284706: 执行节点|Execute node: 循环采集数据
2025-04-16 15:59:17.486002: Page:  48
2025-04-16 15:59:17.515006: 执行节点|Execute node: 点击下一章
2025-04-16 15:59:22.834838: 点击元素|Click element: //*[contains(@class, "nav-btn-group")]/a[3]
2025-04-16 15:59:25.863548: 执行节点|Execute node: 循环采集数据
2025-04-16 15:59:27.070552: Page:  49
2025-04-16 15:59:27.098687: 执行节点|Execute node: 点击下一章
2025-04-16 15:59:32.422483: 点击元素|Click element: //*[contains(@class, "nav-btn-group")]/a[3]
2025-04-16 15:59:35.448236: 执行节点|Execute node: 循环采集数据
2025-04-16 15:59:36.662298: Page:  50
2025-04-16 15:59:38.836740: Done!
2025-04-16 15:59:38.837570: 执行完成！
