2025-04-21 21:30:36.320520: 任务ID 7 的保存文件名为: 小说
2025-04-21 21:30:36.320520: Save Name for task ID 7 is: 小说
2025-04-21 21:30:36.324518: 此模式下，任务ID 7 将从头F开始执行，如果需要从上次退出的步骤开始执行，请在保存任务时设置是否从上次保存位置开始执行为“是”。
2025-04-21 21:30:36.324518: In this mode, task ID 7 will start from the beginning, if you want to start from the last step, please set the option 'start from the last step' to 'yes' when saving the task.
2025-04-21 21:30:36.324518: Loading stealth.min.js
2025-04-21 21:30:36.353165: 新建模式|Create Mode
2025-04-21 21:30:36.355159: 循环操作<循环采集数据>可以快速提取数据
2025-04-21 21:30:36.356154: Loop operation <循环采集数据> can extract data quickly
2025-04-21 21:30:36.357921: 循环操作<循环采集数据>可以快速提取数据
2025-04-21 21:30:36.357938: Loop operation <循环采集数据> can extract data quickly
2025-04-21 21:30:36.358936: 循环操作<循环采集数据>可以快速提取数据
2025-04-21 21:30:36.358936: Loop operation <循环采集数据> can extract data quickly
2025-04-21 21:30:36.359932: 循环操作<循环采集数据>可以快速提取数据
2025-04-21 21:30:36.359932: Loop operation <循环采集数据> can extract data quickly
2025-04-21 21:30:36.360930: 循环操作<循环采集数据>可以快速提取数据
2025-04-21 21:30:36.360930: Loop operation <循环采集数据> can extract data quickly
2025-04-21 21:30:36.360930: 预处理完成|Preprocess completed
2025-04-21 21:30:36.361930: 正在执行第 1 / 1 个链接
2025-04-21 21:30:36.361930: Executing link 1 / 1
2025-04-21 21:30:36.362922: 执行节点|Execute node: root
2025-04-21 21:30:36.362922: 执行节点|Execute node: 打开网页
2025-04-21 21:30:47.377649: Time out after set seconds when loading page: https://www.zongheng.com/
2025-04-21 21:30:48.393689: 执行节点|Execute node: 点击排行榜
2025-04-21 21:30:48.704805: 点击元素|Click element: //*[contains(@class, "home-tap-link__left")]/a[2]
2025-04-21 21:30:54.860572: 执行节点|Execute node: 点击月票榜
2025-04-21 21:30:55.158446: 点击元素|Click element: //*[contains(@class, "rank-nav--list")]/div[1]/a[1]
2025-04-21 21:31:08.214771: 执行节点|Execute node: 循环 - 固定元素列表
2025-04-21 21:31:08.342243: 执行节点|Execute node: 点击排行榜中的小说
2025-04-21 21:31:08.638092: 点击元素|Click element: //*[@id="__layout"]/section/section/section/section[2]/div[2]/section/div[1]/a/div/img
2025-04-21 21:31:15.702915: 执行节点|Execute node: 点击立即阅读
2025-04-21 21:31:16.024117: 点击元素|Click element: //*[contains(@class, "book-info--btn-reading")]
2025-04-21 21:31:23.412118: 执行节点|Execute node: 提取书名和章节
2025-04-21 21:31:23.448292: 执行节点|Execute node: 循环采集数据
2025-04-21 21:31:24.595239: 执行节点|Execute node: 循环点击：下一章
2025-04-21 21:31:24.775966: 检测到页面变化，继续循环。
2025-04-21 21:31:24.775966: Page changed detected, continue loop.
2025-04-21 21:31:24.787094: 执行节点|Execute node: 点击下一章
2025-04-21 21:31:25.091292: 点击元素|Click element: //*[contains(@class, "nav-btn-group")]/a[3]
2025-04-21 21:31:29.924411: 执行节点|Execute node: 提取数据
2025-04-21 21:31:29.967676: 执行节点|Execute node: 循环采集数据
2025-04-21 21:31:31.105196: Page:  1
2025-04-21 21:31:31.161204: 检测到页面变化，继续循环。
2025-04-21 21:31:31.161204: Page changed detected, continue loop.
2025-04-21 21:31:31.172656: 执行节点|Execute node: 点击下一章
2025-04-21 21:31:31.451047: 点击元素|Click element: //*[contains(@class, "nav-btn-group")]/a[3]
2025-04-21 21:31:36.361032: 执行节点|Execute node: 提取数据
2025-04-21 21:31:36.405627: 执行节点|Execute node: 循环采集数据
2025-04-21 21:31:37.550606: Page:  2
2025-04-21 21:31:37.615761: 检测到页面变化，继续循环。
2025-04-21 21:31:37.616757: Page changed detected, continue loop.
2025-04-21 21:31:37.628064: 执行节点|Execute node: 点击下一章
2025-04-21 21:31:37.905602: 点击元素|Click element: //*[contains(@class, "nav-btn-group")]/a[3]
2025-04-21 21:31:42.097041: 执行节点|Execute node: 提取数据
2025-04-21 21:31:42.133262: 执行节点|Execute node: 循环采集数据
2025-04-21 21:31:43.278056: Page:  3
2025-04-21 21:31:43.343637: 检测到页面变化，继续循环。
2025-04-21 21:31:43.343637: Page changed detected, continue loop.
2025-04-21 21:31:43.354411: 执行节点|Execute node: 点击下一章
2025-04-21 21:31:43.638555: 点击元素|Click element: //*[contains(@class, "nav-btn-group")]/a[3]
2025-04-21 21:31:48.061100: 执行节点|Execute node: 提取数据
2025-04-21 21:31:48.095847: 执行节点|Execute node: 循环采集数据
2025-04-21 21:31:49.236748: Page:  4
2025-04-21 21:31:49.297476: 检测到页面变化，继续循环。
2025-04-21 21:31:49.297476: Page changed detected, continue loop.
2025-04-21 21:31:49.308275: 执行节点|Execute node: 点击下一章
2025-04-21 21:31:49.593933: 点击元素|Click element: //*[contains(@class, "nav-btn-group")]/a[3]
2025-04-21 21:31:53.136558: 执行节点|Execute node: 提取数据
2025-04-21 21:31:53.176306: 执行节点|Execute node: 循环采集数据
2025-04-21 21:31:54.319107: Page:  5
2025-04-21 21:31:54.378401: 检测到页面变化，继续循环。
2025-04-21 21:31:54.378401: Page changed detected, continue loop.
2025-04-21 21:31:54.388631: 执行节点|Execute node: 点击下一章
2025-04-21 21:31:54.674628: 点击元素|Click element: //*[contains(@class, "nav-btn-group")]/a[3]
2025-04-21 21:31:58.859962: 执行节点|Execute node: 提取数据
2025-04-21 21:31:58.900122: 执行节点|Execute node: 循环采集数据
2025-04-21 21:32:00.043652: Page:  6
2025-04-21 21:32:00.098694: 检测到页面变化，继续循环。
2025-04-21 21:32:00.098694: Page changed detected, continue loop.
2025-04-21 21:32:00.112492: 执行节点|Execute node: 点击下一章
2025-04-21 21:32:00.404846: 点击元素|Click element: //*[contains(@class, "nav-btn-group")]/a[3]
2025-04-21 21:32:05.176728: 执行节点|Execute node: 提取数据
2025-04-21 21:32:05.202814: 执行节点|Execute node: 循环采集数据
2025-04-21 21:32:06.338413: Page:  7
2025-04-21 21:32:06.402111: 检测到页面变化，继续循环。
2025-04-21 21:32:06.402111: Page changed detected, continue loop.
2025-04-21 21:32:06.414526: 执行节点|Execute node: 点击下一章
2025-04-21 21:32:06.692777: 点击元素|Click element: //*[contains(@class, "nav-btn-group")]/a[3]
2025-04-21 21:32:12.594481: 执行节点|Execute node: 提取数据
2025-04-21 21:32:12.635856: 执行节点|Execute node: 循环采集数据
2025-04-21 21:32:13.775698: Page:  8
2025-04-21 21:32:13.832265: 检测到页面变化，继续循环。
2025-04-21 21:32:13.832265: Page changed detected, continue loop.
2025-04-21 21:32:13.843966: 执行节点|Execute node: 点击下一章
2025-04-21 21:32:14.120566: 点击元素|Click element: //*[contains(@class, "nav-btn-group")]/a[3]
2025-04-21 21:32:17.846781: 执行节点|Execute node: 提取数据
2025-04-21 21:32:17.880729: 执行节点|Execute node: 循环采集数据
2025-04-21 21:32:19.022482: Page:  9
2025-04-21 21:32:19.082686: 检测到页面变化，继续循环。
2025-04-21 21:32:19.083700: Page changed detected, continue loop.
2025-04-21 21:32:19.094055: 执行节点|Execute node: 点击下一章
2025-04-21 21:32:19.370229: 点击元素|Click element: //*[contains(@class, "nav-btn-group")]/a[3]
2025-04-21 21:32:23.181693: 执行节点|Execute node: 提取数据
2025-04-21 21:32:23.222292: 执行节点|Execute node: 循环采集数据
2025-04-21 21:32:24.359349: Page:  10
2025-04-21 21:32:24.414551: 检测到页面变化，继续循环。
2025-04-21 21:32:24.414551: Page changed detected, continue loop.
2025-04-21 21:32:24.424075: 执行节点|Execute node: 点击下一章
2025-04-21 21:32:24.707082: 点击元素|Click element: //*[contains(@class, "nav-btn-group")]/a[3]
2025-04-21 21:32:29.034553: 执行节点|Execute node: 提取数据
2025-04-21 21:32:29.074659: 执行节点|Execute node: 循环采集数据
2025-04-21 21:32:30.218914: Page:  11
2025-04-21 21:32:30.276484: 检测到页面变化，继续循环。
2025-04-21 21:32:30.276925: Page changed detected, continue loop.
2025-04-21 21:32:30.289613: 执行节点|Execute node: 点击下一章
2025-04-21 21:32:30.567036: 点击元素|Click element: //*[contains(@class, "nav-btn-group")]/a[3]
2025-04-21 21:32:33.943540: 执行节点|Execute node: 提取数据
2025-04-21 21:32:33.968740: 执行节点|Execute node: 循环采集数据
2025-04-21 21:32:35.106763: Page:  12
2025-04-21 21:32:35.166436: 检测到页面变化，继续循环。
2025-04-21 21:32:35.167427: Page changed detected, continue loop.
2025-04-21 21:32:35.177031: 执行节点|Execute node: 点击下一章
2025-04-21 21:32:35.461926: 点击元素|Click element: //*[contains(@class, "nav-btn-group")]/a[3]
2025-04-21 21:32:39.226621: 执行节点|Execute node: 提取数据
2025-04-21 21:32:39.265946: 执行节点|Execute node: 循环采集数据
2025-04-21 21:32:40.407299: Page:  13
2025-04-21 21:32:40.462130: 检测到页面变化，继续循环。
2025-04-21 21:32:40.462130: Page changed detected, continue loop.
2025-04-21 21:32:40.472060: 执行节点|Execute node: 点击下一章
2025-04-21 21:32:40.750863: 点击元素|Click element: //*[contains(@class, "nav-btn-group")]/a[3]
2025-04-21 21:32:44.253630: 执行节点|Execute node: 提取数据
2025-04-21 21:32:44.292661: 执行节点|Execute node: 循环采集数据
2025-04-21 21:32:45.435452: Page:  14
2025-04-21 21:32:45.493249: 检测到页面变化，继续循环。
2025-04-21 21:32:45.493249: Page changed detected, continue loop.
2025-04-21 21:32:45.507680: 执行节点|Execute node: 点击下一章
2025-04-21 21:32:45.807780: 点击元素|Click element: //*[contains(@class, "nav-btn-group")]/a[3]
2025-04-21 21:32:49.199645: 执行节点|Execute node: 提取数据
2025-04-21 21:32:49.236440: 执行节点|Execute node: 循环采集数据
2025-04-21 21:32:50.376218: Page:  15
2025-04-21 21:32:50.433167: 检测到页面变化，继续循环。
2025-04-21 21:32:50.433167: Page changed detected, continue loop.
2025-04-21 21:32:50.445467: 执行节点|Execute node: 点击下一章
2025-04-21 21:32:50.733789: 点击元素|Click element: //*[contains(@class, "nav-btn-group")]/a[3]
2025-04-21 21:32:54.090201: 执行节点|Execute node: 提取数据
2025-04-21 21:32:54.129239: 执行节点|Execute node: 循环采集数据
2025-04-21 21:32:55.273510: Page:  16
2025-04-21 21:32:55.337571: 检测到页面变化，继续循环。
2025-04-21 21:32:55.338588: Page changed detected, continue loop.
2025-04-21 21:32:55.351048: 执行节点|Execute node: 点击下一章
2025-04-21 21:32:55.640381: 点击元素|Click element: //*[contains(@class, "nav-btn-group")]/a[3]
2025-04-21 21:32:59.009580: 执行节点|Execute node: 提取数据
2025-04-21 21:32:59.048047: 执行节点|Execute node: 循环采集数据
2025-04-21 21:33:00.189486: Page:  17
2025-04-21 21:33:00.251561: 检测到页面变化，继续循环。
2025-04-21 21:33:00.251974: Page changed detected, continue loop.
2025-04-21 21:33:00.262619: 执行节点|Execute node: 点击下一章
2025-04-21 21:33:00.549130: 点击元素|Click element: //*[contains(@class, "nav-btn-group")]/a[3]
2025-04-21 21:33:03.872956: 执行节点|Execute node: 提取数据
2025-04-21 21:33:03.913749: 执行节点|Execute node: 循环采集数据
2025-04-21 21:33:05.053301: Page:  18
2025-04-21 21:33:05.113131: 检测到页面变化，继续循环。
2025-04-21 21:33:05.113131: Page changed detected, continue loop.
2025-04-21 21:33:05.124754: 执行节点|Execute node: 点击下一章
2025-04-21 21:33:05.410179: 点击元素|Click element: //*[contains(@class, "nav-btn-group")]/a[3]
2025-04-21 21:33:11.195261: 执行节点|Execute node: 提取数据
2025-04-21 21:33:11.234076: 执行节点|Execute node: 循环采集数据
2025-04-21 21:33:12.376475: Page:  19
2025-04-21 21:33:12.431715: 检测到页面变化，继续循环。
2025-04-21 21:33:12.431715: Page changed detected, continue loop.
2025-04-21 21:33:12.441687: 执行节点|Execute node: 点击下一章
2025-04-21 21:33:12.732843: 点击元素|Click element: //*[contains(@class, "nav-btn-group")]/a[3]
2025-04-21 21:33:17.895652: 执行节点|Execute node: 提取数据
2025-04-21 21:33:17.928324: 执行节点|Execute node: 循环采集数据
2025-04-21 21:33:19.062495: Page:  20
2025-04-21 21:33:19.121933: 检测到页面变化，继续循环。
2025-04-21 21:33:19.121933: Page changed detected, continue loop.
2025-04-21 21:33:19.132350: 执行节点|Execute node: 点击下一章
2025-04-21 21:33:19.411147: 点击元素|Click element: //*[contains(@class, "nav-btn-group")]/a[3]
2025-04-21 21:33:23.969669: 执行节点|Execute node: 提取数据
2025-04-21 21:33:24.007279: 执行节点|Execute node: 循环采集数据
2025-04-21 21:33:25.148304: Page:  21
2025-04-21 21:33:25.202350: 检测到页面变化，继续循环。
2025-04-21 21:33:25.202350: Page changed detected, continue loop.
2025-04-21 21:33:25.214700: 执行节点|Execute node: 点击下一章
2025-04-21 21:33:25.501454: 点击元素|Click element: //*[contains(@class, "nav-btn-group")]/a[3]
2025-04-21 21:33:29.768052: 执行节点|Execute node: 提取数据
2025-04-21 21:33:29.808485: 执行节点|Execute node: 循环采集数据
2025-04-21 21:33:30.951124: Page:  22
2025-04-21 21:33:31.012869: 检测到页面变化，继续循环。
2025-04-21 21:33:31.013867: Page changed detected, continue loop.
2025-04-21 21:33:31.029407: 执行节点|Execute node: 点击下一章
2025-04-21 21:33:31.329732: 点击元素|Click element: //*[contains(@class, "nav-btn-group")]/a[3]
2025-04-21 21:33:36.815601: 执行节点|Execute node: 提取数据
2025-04-21 21:33:36.856651: 执行节点|Execute node: 循环采集数据
2025-04-21 21:33:37.996171: Page:  23
2025-04-21 21:33:38.055876: 检测到页面变化，继续循环。
2025-04-21 21:33:38.055876: Page changed detected, continue loop.
2025-04-21 21:33:38.067671: 执行节点|Execute node: 点击下一章
2025-04-21 21:33:38.342655: 点击元素|Click element: //*[contains(@class, "nav-btn-group")]/a[3]
2025-04-21 21:33:42.582957: 执行节点|Execute node: 提取数据
2025-04-21 21:33:42.609598: 执行节点|Execute node: 循环采集数据
2025-04-21 21:33:43.742266: Page:  24
2025-04-21 21:33:43.795728: 检测到页面变化，继续循环。
2025-04-21 21:33:43.796746: Page changed detected, continue loop.
2025-04-21 21:33:43.806653: 执行节点|Execute node: 点击下一章
2025-04-21 21:33:44.083258: 点击元素|Click element: //*[contains(@class, "nav-btn-group")]/a[3]
2025-04-21 21:33:47.833377: 执行节点|Execute node: 提取数据
2025-04-21 21:33:47.863472: 执行节点|Execute node: 循环采集数据
2025-04-21 21:33:49.005210: Page:  25
2025-04-21 21:33:49.051719: 检测到页面变化，继续循环。
2025-04-21 21:33:49.052716: Page changed detected, continue loop.
2025-04-21 21:33:49.059691: 执行节点|Execute node: 点击下一章
2025-04-21 21:33:49.355628: 点击元素|Click element: //*[contains(@class, "nav-btn-group")]/a[3]
2025-04-21 21:33:53.209814: 执行节点|Execute node: 提取数据
2025-04-21 21:33:53.251451: 执行节点|Execute node: 循环采集数据
2025-04-21 21:33:54.402442: Page:  26
2025-04-21 21:33:54.456730: 检测到页面变化，继续循环。
2025-04-21 21:33:54.456730: Page changed detected, continue loop.
2025-04-21 21:33:54.472189: 执行节点|Execute node: 点击下一章
2025-04-21 21:33:54.765831: 点击元素|Click element: //*[contains(@class, "nav-btn-group")]/a[3]
2025-04-21 21:33:58.428200: 执行节点|Execute node: 提取数据
2025-04-21 21:33:58.466515: 执行节点|Execute node: 循环采集数据
2025-04-21 21:33:59.608859: Page:  27
2025-04-21 21:33:59.660655: 检测到页面变化，继续循环。
2025-04-21 21:33:59.660655: Page changed detected, continue loop.
2025-04-21 21:33:59.676651: 执行节点|Execute node: 点击下一章
2025-04-21 21:33:59.967849: 点击元素|Click element: //*[contains(@class, "nav-btn-group")]/a[3]
2025-04-21 21:34:04.321737: 执行节点|Execute node: 提取数据
2025-04-21 21:34:04.366703: 执行节点|Execute node: 循环采集数据
2025-04-21 21:34:05.513711: Page:  28
2025-04-21 21:34:05.573891: 检测到页面变化，继续循环。
2025-04-21 21:34:05.573891: Page changed detected, continue loop.
2025-04-21 21:34:05.586671: 执行节点|Execute node: 点击下一章
2025-04-21 21:34:05.870660: 点击元素|Click element: //*[contains(@class, "nav-btn-group")]/a[3]
2025-04-21 21:34:09.629996: 执行节点|Execute node: 提取数据
2025-04-21 21:34:09.665870: 执行节点|Execute node: 循环采集数据
2025-04-21 21:34:10.809933: Page:  29
2025-04-21 21:34:10.866275: 检测到页面变化，继续循环。
2025-04-21 21:34:10.866275: Page changed detected, continue loop.
2025-04-21 21:34:10.878232: 执行节点|Execute node: 点击下一章
2025-04-21 21:34:11.161342: 点击元素|Click element: //*[contains(@class, "nav-btn-group")]/a[3]
2025-04-21 21:34:14.926259: 执行节点|Execute node: 提取数据
2025-04-21 21:34:14.965647: 执行节点|Execute node: 循环采集数据
2025-04-21 21:34:16.115240: Page:  30
2025-04-21 21:34:16.171200: 检测到页面变化，继续循环。
2025-04-21 21:34:16.171200: Page changed detected, continue loop.
2025-04-21 21:34:16.183184: 执行节点|Execute node: 点击下一章
2025-04-21 21:34:16.472871: 点击元素|Click element: //*[contains(@class, "nav-btn-group")]/a[3]
2025-04-21 21:34:20.555312: 执行节点|Execute node: 提取数据
2025-04-21 21:34:20.596963: 执行节点|Execute node: 循环采集数据
2025-04-21 21:34:21.745519: Page:  31
2025-04-21 21:34:21.797726: 检测到页面变化，继续循环。
2025-04-21 21:34:21.797726: Page changed detected, continue loop.
2025-04-21 21:34:21.811781: 执行节点|Execute node: 点击下一章
2025-04-21 21:34:22.098761: 点击元素|Click element: //*[contains(@class, "nav-btn-group")]/a[3]
2025-04-21 21:34:25.889278: 执行节点|Execute node: 提取数据
2025-04-21 21:34:25.929064: 执行节点|Execute node: 循环采集数据
2025-04-21 21:34:27.070920: Page:  32
2025-04-21 21:34:27.125813: 检测到页面变化，继续循环。
2025-04-21 21:34:27.125813: Page changed detected, continue loop.
2025-04-21 21:34:27.138076: 执行节点|Execute node: 点击下一章
2025-04-21 21:34:27.425224: 点击元素|Click element: //*[contains(@class, "nav-btn-group")]/a[3]
2025-04-21 21:34:31.293368: 执行节点|Execute node: 提取数据
2025-04-21 21:34:31.333980: 执行节点|Execute node: 循环采集数据
2025-04-21 21:34:32.484136: Page:  33
2025-04-21 21:34:32.552382: 检测到页面变化，继续循环。
2025-04-21 21:34:32.552382: Page changed detected, continue loop.
2025-04-21 21:34:32.563719: 执行节点|Execute node: 点击下一章
2025-04-21 21:34:32.852330: 点击元素|Click element: //*[contains(@class, "nav-btn-group")]/a[3]
2025-04-21 21:34:37.532137: 执行节点|Execute node: 提取数据
2025-04-21 21:34:37.574934: 执行节点|Execute node: 循环采集数据
2025-04-21 21:34:38.716651: Page:  34
2025-04-21 21:34:38.776373: 检测到页面变化，继续循环。
2025-04-21 21:34:38.776373: Page changed detected, continue loop.
2025-04-21 21:34:38.787208: 执行节点|Execute node: 点击下一章
2025-04-21 21:34:39.075144: 点击元素|Click element: //*[contains(@class, "nav-btn-group")]/a[3]
2025-04-21 21:34:43.092341: 执行节点|Execute node: 提取数据
2025-04-21 21:34:43.131453: 执行节点|Execute node: 循环采集数据
2025-04-21 21:34:44.278565: Page:  35
2025-04-21 21:34:44.334120: 检测到页面变化，继续循环。
2025-04-21 21:34:44.335650: Page changed detected, continue loop.
2025-04-21 21:34:44.346309: 执行节点|Execute node: 点击下一章
2025-04-21 21:34:44.629523: 点击元素|Click element: //*[contains(@class, "nav-btn-group")]/a[3]
2025-04-21 21:34:48.577843: 执行节点|Execute node: 提取数据
2025-04-21 21:34:48.620575: 执行节点|Execute node: 循环采集数据
2025-04-21 21:34:49.777521: Page:  36
2025-04-21 21:34:49.833111: 检测到页面变化，继续循环。
2025-04-21 21:34:49.833111: Page changed detected, continue loop.
2025-04-21 21:34:49.847135: 执行节点|Execute node: 点击下一章
2025-04-21 21:34:50.141236: 点击元素|Click element: //*[contains(@class, "nav-btn-group")]/a[3]
2025-04-21 21:34:54.031200: 执行节点|Execute node: 提取数据
2025-04-21 21:34:54.072046: 执行节点|Execute node: 循环采集数据
2025-04-21 21:34:55.223734: Page:  37
2025-04-21 21:34:55.277135: 检测到页面变化，继续循环。
2025-04-21 21:34:55.281155: Page changed detected, continue loop.
2025-04-21 21:34:55.290598: 执行节点|Execute node: 点击下一章
2025-04-21 21:34:55.573646: 点击元素|Click element: //*[contains(@class, "nav-btn-group")]/a[3]
2025-04-21 21:34:59.521902: 执行节点|Execute node: 提取数据
2025-04-21 21:34:59.557680: 执行节点|Execute node: 循环采集数据
2025-04-21 21:35:00.696937: Page:  38
2025-04-21 21:35:00.754341: 检测到页面变化，继续循环。
2025-04-21 21:35:00.754341: Page changed detected, continue loop.
2025-04-21 21:35:00.763068: 执行节点|Execute node: 点击下一章
2025-04-21 21:35:01.050280: 点击元素|Click element: //*[contains(@class, "nav-btn-group")]/a[3]
2025-04-21 21:35:04.808052: 执行节点|Execute node: 提取数据
2025-04-21 21:35:04.839226: 执行节点|Execute node: 循环采集数据
2025-04-21 21:35:05.986100: Page:  39
2025-04-21 21:35:06.050188: 检测到页面变化，继续循环。
2025-04-21 21:35:06.050188: Page changed detected, continue loop.
2025-04-21 21:35:06.062180: 执行节点|Execute node: 点击下一章
2025-04-21 21:35:06.358443: 点击元素|Click element: //*[contains(@class, "nav-btn-group")]/a[3]
2025-04-21 21:35:09.854234: 执行节点|Execute node: 提取数据
2025-04-21 21:35:09.888209: 执行节点|Execute node: 循环采集数据
2025-04-21 21:35:11.043289: Page:  40
2025-04-21 21:35:11.099197: 检测到页面变化，继续循环。
2025-04-21 21:35:11.099197: Page changed detected, continue loop.
2025-04-21 21:35:11.115669: 执行节点|Execute node: 点击下一章
2025-04-21 21:35:11.407865: 点击元素|Click element: //*[contains(@class, "nav-btn-group")]/a[3]
2025-04-21 21:35:15.285942: 执行节点|Execute node: 提取数据
2025-04-21 21:35:15.329281: 执行节点|Execute node: 循环采集数据
2025-04-21 21:35:16.478701: Page:  41
2025-04-21 21:35:16.535271: 检测到页面变化，继续循环。
2025-04-21 21:35:16.535271: Page changed detected, continue loop.
2025-04-21 21:35:16.547277: 执行节点|Execute node: 点击下一章
2025-04-21 21:35:16.836213: 点击元素|Click element: //*[contains(@class, "nav-btn-group")]/a[3]
2025-04-21 21:35:20.425271: 执行节点|Execute node: 提取数据
2025-04-21 21:35:20.470048: 执行节点|Execute node: 循环采集数据
2025-04-21 21:35:21.615833: Page:  42
2025-04-21 21:35:21.672170: 检测到页面变化，继续循环。
2025-04-21 21:35:21.672170: Page changed detected, continue loop.
2025-04-21 21:35:21.688155: 执行节点|Execute node: 点击下一章
2025-04-21 21:35:21.978230: 点击元素|Click element: //*[contains(@class, "nav-btn-group")]/a[3]
2025-04-21 21:35:25.548050: 执行节点|Execute node: 提取数据
2025-04-21 21:35:25.584404: 执行节点|Execute node: 循环采集数据
2025-04-21 21:35:26.732201: Page:  43
2025-04-21 21:35:26.789925: 检测到页面变化，继续循环。
2025-04-21 21:35:26.789925: Page changed detected, continue loop.
2025-04-21 21:35:26.801986: 执行节点|Execute node: 点击下一章
2025-04-21 21:35:27.092382: 点击元素|Click element: //*[contains(@class, "nav-btn-group")]/a[3]
2025-04-21 21:35:31.082353: 执行节点|Execute node: 提取数据
2025-04-21 21:35:31.123748: 执行节点|Execute node: 循环采集数据
2025-04-21 21:35:32.275317: Page:  44
2025-04-21 21:35:32.329325: 检测到页面变化，继续循环。
2025-04-21 21:35:32.333323: Page changed detected, continue loop.
2025-04-21 21:35:32.342272: 执行节点|Execute node: 点击下一章
2025-04-21 21:35:32.662231: 点击元素|Click element: //*[contains(@class, "nav-btn-group")]/a[3]
2025-04-21 21:35:35.689092: 执行节点|Execute node: 提取数据
2025-04-21 21:35:35.716950: 执行节点|Execute node: 循环采集数据
2025-04-21 21:35:36.866773: Page:  45
2025-04-21 21:35:36.931405: 检测到页面变化，继续循环。
2025-04-21 21:35:36.931820: Page changed detected, continue loop.
2025-04-21 21:35:36.945468: 执行节点|Execute node: 点击下一章
2025-04-21 21:35:37.223995: 点击元素|Click element: //*[contains(@class, "nav-btn-group")]/a[3]
2025-04-21 21:35:40.247533: 执行节点|Execute node: 提取数据
2025-04-21 21:35:40.277193: 执行节点|Execute node: 循环采集数据
2025-04-21 21:35:41.430353: Page:  46
2025-04-21 21:35:41.494115: 检测到页面变化，继续循环。
2025-04-21 21:35:41.494115: Page changed detected, continue loop.
2025-04-21 21:35:41.506052: 执行节点|Execute node: 点击下一章
2025-04-21 21:35:41.794960: 点击元素|Click element: //*[contains(@class, "nav-btn-group")]/a[3]
2025-04-21 21:35:44.823953: 执行节点|Execute node: 提取数据
2025-04-21 21:35:44.854922: 执行节点|Execute node: 循环采集数据
2025-04-21 21:35:46.002109: Page:  47
2025-04-21 21:35:46.061058: 检测到页面变化，继续循环。
2025-04-21 21:35:46.061058: Page changed detected, continue loop.
2025-04-21 21:35:46.070627: 执行节点|Execute node: 点击下一章
2025-04-21 21:35:46.349545: 点击元素|Click element: //*[contains(@class, "nav-btn-group")]/a[3]
2025-04-21 21:35:49.374554: 执行节点|Execute node: 提取数据
2025-04-21 21:35:49.404404: 执行节点|Execute node: 循环采集数据
2025-04-21 21:35:50.552388: Page:  48
2025-04-21 21:35:50.612570: 检测到页面变化，继续循环。
2025-04-21 21:35:50.613039: Page changed detected, continue loop.
2025-04-21 21:35:50.622234: 执行节点|Execute node: 点击下一章
2025-04-21 21:35:50.907442: 点击元素|Click element: //*[contains(@class, "nav-btn-group")]/a[3]
2025-04-21 21:35:53.938845: 执行节点|Execute node: 提取数据
2025-04-21 21:35:53.966654: 执行节点|Execute node: 循环采集数据
2025-04-21 21:35:55.121935: Page:  49
2025-04-21 21:35:55.183649: 检测到页面变化，继续循环。
2025-04-21 21:35:55.183649: Page changed detected, continue loop.
2025-04-21 21:35:55.194848: 执行节点|Execute node: 点击下一章
2025-04-21 21:35:55.480918: 点击元素|Click element: //*[contains(@class, "nav-btn-group")]/a[3]
2025-04-21 21:35:58.506043: 执行节点|Execute node: 提取数据
2025-04-21 21:35:58.537088: 执行节点|Execute node: 循环采集数据
2025-04-21 21:35:59.687529: Page:  50
2025-04-21 21:35:59.751430: 检测到页面变化，继续循环。
2025-04-21 21:35:59.751430: Page changed detected, continue loop.
2025-04-21 21:35:59.764222: 执行节点|Execute node: 点击下一章
2025-04-21 21:36:00.047134: 点击元素|Click element: //*[contains(@class, "nav-btn-group")]/a[3]
2025-04-21 21:36:03.073495: 执行节点|Execute node: 提取数据
2025-04-21 21:36:03.105056: 执行节点|Execute node: 循环采集数据
2025-04-21 21:36:04.253892: Page:  51
2025-04-21 21:36:04.317761: 检测到页面变化，继续循环。
2025-04-21 21:36:04.317761: Page changed detected, continue loop.
2025-04-21 21:36:04.331859: 执行节点|Execute node: 点击下一章
2025-04-21 21:36:04.609149: 点击元素|Click element: //*[contains(@class, "nav-btn-group")]/a[3]
2025-04-21 21:36:07.634842: 执行节点|Execute node: 提取数据
2025-04-21 21:36:07.666655: 执行节点|Execute node: 循环采集数据
2025-04-21 21:36:08.813788: Page:  52
2025-04-21 21:36:08.870213: 检测到页面变化，继续循环。
2025-04-21 21:36:08.870213: Page changed detected, continue loop.
2025-04-21 21:36:08.882173: 执行节点|Execute node: 点击下一章
2025-04-21 21:36:09.174609: 点击元素|Click element: //*[contains(@class, "nav-btn-group")]/a[3]
2025-04-21 21:36:12.201848: 执行节点|Execute node: 提取数据
2025-04-21 21:36:12.233854: 执行节点|Execute node: 循环采集数据
2025-04-21 21:36:13.382904: Page:  53
2025-04-21 21:36:13.450705: 检测到页面变化，继续循环。
2025-04-21 21:36:13.450705: Page changed detected, continue loop.
2025-04-21 21:36:13.462720: 执行节点|Execute node: 点击下一章
2025-04-21 21:36:13.746256: 点击元素|Click element: //*[contains(@class, "nav-btn-group")]/a[3]
2025-04-21 21:36:16.772833: 执行节点|Execute node: 提取数据
2025-04-21 21:36:16.801515: 执行节点|Execute node: 循环采集数据
2025-04-21 21:36:17.955754: Page:  54
2025-04-21 21:36:18.003782: 检测到页面变化，继续循环。
2025-04-21 21:36:18.007754: Page changed detected, continue loop.
2025-04-21 21:36:18.015703: 执行节点|Execute node: 点击下一章
2025-04-21 21:36:18.305216: 点击元素|Click element: //*[contains(@class, "nav-btn-group")]/a[3]
2025-04-21 21:36:21.330948: 执行节点|Execute node: 提取数据
2025-04-21 21:36:21.358796: 执行节点|Execute node: 循环采集数据
2025-04-21 21:36:22.511290: Page:  55
2025-04-21 21:36:22.571083: 检测到页面变化，继续循环。
2025-04-21 21:36:22.571083: Page changed detected, continue loop.
2025-04-21 21:36:22.587237: 执行节点|Execute node: 点击下一章
2025-04-21 21:36:22.873047: 点击元素|Click element: //*[contains(@class, "nav-btn-group")]/a[3]
2025-04-21 21:36:25.897659: 执行节点|Execute node: 提取数据
2025-04-21 21:36:25.925001: 执行节点|Execute node: 循环采集数据
2025-04-21 21:36:27.077974: Page:  56
2025-04-21 21:36:27.133657: 检测到页面变化，继续循环。
2025-04-21 21:36:27.137674: Page changed detected, continue loop.
2025-04-21 21:36:27.149656: 执行节点|Execute node: 点击下一章
2025-04-21 21:36:27.435514: 点击元素|Click element: //*[contains(@class, "nav-btn-group")]/a[3]
2025-04-21 21:36:30.466238: 执行节点|Execute node: 提取数据
2025-04-21 21:36:30.496481: 执行节点|Execute node: 循环采集数据
2025-04-21 21:36:31.645369: Page:  57
2025-04-21 21:36:31.705385: 检测到页面变化，继续循环。
2025-04-21 21:36:31.705385: Page changed detected, continue loop.
2025-04-21 21:36:31.717987: 执行节点|Execute node: 点击下一章
2025-04-21 21:36:31.999489: 点击元素|Click element: //*[contains(@class, "nav-btn-group")]/a[3]
2025-04-21 21:36:35.027517: 执行节点|Execute node: 提取数据
2025-04-21 21:36:35.057482: 执行节点|Execute node: 循环采集数据
2025-04-21 21:36:36.208859: Page:  58
2025-04-21 21:36:36.263387: 检测到页面变化，继续循环。
2025-04-21 21:36:36.263387: Page changed detected, continue loop.
2025-04-21 21:36:36.280776: 执行节点|Execute node: 点击下一章
2025-04-21 21:36:36.571990: 点击元素|Click element: //*[contains(@class, "nav-btn-group")]/a[3]
2025-04-21 21:36:39.601675: 执行节点|Execute node: 提取数据
2025-04-21 21:36:39.633210: 执行节点|Execute node: 循环采集数据
2025-04-21 21:36:40.781264: Page:  59
2025-04-21 21:36:40.839223: 检测到页面变化，继续循环。
2025-04-21 21:36:40.839223: Page changed detected, continue loop.
2025-04-21 21:36:40.855742: 执行节点|Execute node: 点击下一章
2025-04-21 21:36:41.133599: 点击元素|Click element: //*[contains(@class, "nav-btn-group")]/a[3]
2025-04-21 21:36:44.159965: 执行节点|Execute node: 提取数据
2025-04-21 21:36:44.190999: 执行节点|Execute node: 循环采集数据
2025-04-21 21:36:45.342021: Page:  60
2025-04-21 21:36:45.400940: 检测到页面变化，继续循环。
2025-04-21 21:36:45.401472: Page changed detected, continue loop.
2025-04-21 21:36:45.413969: 执行节点|Execute node: 点击下一章
2025-04-21 21:36:45.699071: 点击元素|Click element: //*[contains(@class, "nav-btn-group")]/a[3]
2025-04-21 21:36:48.723003: 执行节点|Execute node: 提取数据
2025-04-21 21:36:48.754826: 执行节点|Execute node: 循环采集数据
2025-04-21 21:36:49.904169: Page:  61
2025-04-21 21:36:49.963413: 检测到页面变化，继续循环。
2025-04-21 21:36:49.963413: Page changed detected, continue loop.
2025-04-21 21:36:49.975623: 执行节点|Execute node: 点击下一章
2025-04-21 21:36:50.253852: 点击元素|Click element: //*[contains(@class, "nav-btn-group")]/a[3]
2025-04-21 21:36:53.283597: 执行节点|Execute node: 提取数据
2025-04-21 21:36:53.314669: 执行节点|Execute node: 循环采集数据
2025-04-21 21:36:54.464381: Page:  62
2025-04-21 21:36:54.522160: 检测到页面变化，继续循环。
2025-04-21 21:36:54.522160: Page changed detected, continue loop.
2025-04-21 21:36:54.530543: 执行节点|Execute node: 点击下一章
2025-04-21 21:36:54.813212: 点击元素|Click element: //*[contains(@class, "nav-btn-group")]/a[3]
2025-04-21 21:36:57.841307: 执行节点|Execute node: 提取数据
2025-04-21 21:36:57.869518: 执行节点|Execute node: 循环采集数据
2025-04-21 21:36:59.023912: Page:  63
2025-04-21 21:36:59.090395: 检测到页面变化，继续循环。
2025-04-21 21:36:59.090395: Page changed detected, continue loop.
2025-04-21 21:36:59.102242: 执行节点|Execute node: 点击下一章
2025-04-21 21:36:59.376743: 点击元素|Click element: //*[contains(@class, "nav-btn-group")]/a[3]
2025-04-21 21:37:02.402249: 执行节点|Execute node: 提取数据
2025-04-21 21:37:02.431545: 执行节点|Execute node: 循环采集数据
2025-04-21 21:37:03.580416: Page:  64
2025-04-21 21:37:03.636862: 检测到页面变化，继续循环。
2025-04-21 21:37:03.636862: Page changed detected, continue loop.
2025-04-21 21:37:03.648847: 执行节点|Execute node: 点击下一章
2025-04-21 21:37:03.938626: 点击元素|Click element: //*[contains(@class, "nav-btn-group")]/a[3]
2025-04-21 21:37:06.964446: 执行节点|Execute node: 提取数据
2025-04-21 21:37:06.993330: 执行节点|Execute node: 循环采集数据
2025-04-21 21:37:08.145401: Page:  65
2025-04-21 21:37:08.211565: 检测到页面变化，继续循环。
2025-04-21 21:37:08.211565: Page changed detected, continue loop.
2025-04-21 21:37:08.224170: 执行节点|Execute node: 点击下一章
2025-04-21 21:37:08.511746: 点击元素|Click element: //*[contains(@class, "nav-btn-group")]/a[3]
2025-04-21 21:37:11.539226: 执行节点|Execute node: 提取数据
2025-04-21 21:37:11.571527: 执行节点|Execute node: 循环采集数据
2025-04-21 21:37:12.721673: Page:  66
2025-04-21 21:37:12.778222: 检测到页面变化，继续循环。
2025-04-21 21:37:12.778222: Page changed detected, continue loop.
2025-04-21 21:37:12.792685: 执行节点|Execute node: 点击下一章
2025-04-21 21:37:13.077138: 点击元素|Click element: //*[contains(@class, "nav-btn-group")]/a[3]
2025-04-21 21:37:16.099630: 执行节点|Execute node: 提取数据
2025-04-21 21:37:16.124970: 执行节点|Execute node: 循环采集数据
2025-04-21 21:37:17.276986: Page:  67
2025-04-21 21:37:17.337706: 检测到页面变化，继续循环。
2025-04-21 21:37:17.337706: Page changed detected, continue loop.
2025-04-21 21:37:17.349906: 执行节点|Execute node: 点击下一章
2025-04-21 21:37:17.624137: 点击元素|Click element: //*[contains(@class, "nav-btn-group")]/a[3]
2025-04-21 21:37:20.653111: 执行节点|Execute node: 提取数据
2025-04-21 21:37:20.680551: 执行节点|Execute node: 循环采集数据
2025-04-21 21:37:21.834165: Page:  68
2025-04-21 21:37:21.897155: 检测到页面变化，继续循环。
2025-04-21 21:37:21.897155: Page changed detected, continue loop.
2025-04-21 21:37:21.911147: 执行节点|Execute node: 点击下一章
2025-04-21 21:37:22.191338: 点击元素|Click element: //*[contains(@class, "nav-btn-group")]/a[3]
2025-04-21 21:37:25.219820: 执行节点|Execute node: 提取数据
2025-04-21 21:37:25.252276: 执行节点|Execute node: 循环采集数据
2025-04-21 21:37:26.395939: Page:  69
2025-04-21 21:37:26.457007: 检测到页面变化，继续循环。
2025-04-21 21:37:26.457007: Page changed detected, continue loop.
2025-04-21 21:37:26.470057: 执行节点|Execute node: 点击下一章
2025-04-21 21:37:26.758265: 点击元素|Click element: //*[contains(@class, "nav-btn-group")]/a[3]
2025-04-21 21:37:29.784244: 执行节点|Execute node: 提取数据
2025-04-21 21:37:29.815475: 执行节点|Execute node: 循环采集数据
2025-04-21 21:37:30.964964: Page:  70
2025-04-21 21:37:31.020779: 检测到页面变化，继续循环。
2025-04-21 21:37:31.020779: Page changed detected, continue loop.
2025-04-21 21:37:31.032742: 执行节点|Execute node: 点击下一章
2025-04-21 21:37:31.330445: 点击元素|Click element: //*[contains(@class, "nav-btn-group")]/a[3]
2025-04-21 21:37:34.354969: 执行节点|Execute node: 提取数据
2025-04-21 21:37:34.380892: 执行节点|Execute node: 循环采集数据
2025-04-21 21:37:35.530785: Page:  71
2025-04-21 21:37:35.589655: 检测到页面变化，继续循环。
2025-04-21 21:37:35.589655: Page changed detected, continue loop.
2025-04-21 21:37:35.597672: 执行节点|Execute node: 点击下一章
2025-04-21 21:37:35.870291: 点击元素|Click element: //*[contains(@class, "nav-btn-group")]/a[3]
2025-04-21 21:37:38.894348: 执行节点|Execute node: 提取数据
2025-04-21 21:37:38.926152: 执行节点|Execute node: 循环采集数据
2025-04-21 21:37:40.077556: Page:  72
2025-04-21 21:37:40.139528: 检测到页面变化，继续循环。
2025-04-21 21:37:40.139528: Page changed detected, continue loop.
2025-04-21 21:37:40.151687: 执行节点|Execute node: 点击下一章
2025-04-21 21:37:40.439079: 点击元素|Click element: //*[contains(@class, "nav-btn-group")]/a[3]
2025-04-21 21:37:43.466431: 执行节点|Execute node: 提取数据
2025-04-21 21:37:43.494256: 执行节点|Execute node: 循环采集数据
2025-04-21 21:37:44.645792: Page:  73
2025-04-21 21:37:44.709561: 检测到页面变化，继续循环。
2025-04-21 21:37:44.709561: Page changed detected, continue loop.
2025-04-21 21:37:44.723568: 执行节点|Execute node: 点击下一章
2025-04-21 21:37:44.996386: 点击元素|Click element: //*[contains(@class, "nav-btn-group")]/a[3]
2025-04-21 21:37:48.025934: 执行节点|Execute node: 提取数据
2025-04-21 21:37:48.057737: 执行节点|Execute node: 循环采集数据
2025-04-21 21:37:49.202407: Page:  74
2025-04-21 21:37:49.259770: 检测到页面变化，继续循环。
2025-04-21 21:37:49.259770: Page changed detected, continue loop.
2025-04-21 21:37:49.275788: 执行节点|Execute node: 点击下一章
2025-04-21 21:37:49.558667: 点击元素|Click element: //*[contains(@class, "nav-btn-group")]/a[3]
2025-04-21 21:37:52.582976: 执行节点|Execute node: 提取数据
2025-04-21 21:37:52.598953: 执行节点|Execute node: 循环采集数据
2025-04-21 21:37:53.741205: Page:  75
2025-04-21 21:37:53.801610: 检测到页面变化，继续循环。
2025-04-21 21:37:53.801610: Page changed detected, continue loop.
2025-04-21 21:37:53.813611: 执行节点|Execute node: 点击下一章
2025-04-21 21:37:54.093771: 点击元素|Click element: //*[contains(@class, "nav-btn-group")]/a[3]
2025-04-21 21:37:57.123788: 执行节点|Execute node: 提取数据
2025-04-21 21:37:57.154453: 执行节点|Execute node: 循环采集数据
2025-04-21 21:37:58.297561: Page:  76
2025-04-21 21:37:58.354449: 检测到页面变化，继续循环。
2025-04-21 21:37:58.354449: Page changed detected, continue loop.
2025-04-21 21:37:58.366439: 执行节点|Execute node: 点击下一章
2025-04-21 21:37:58.656364: 点击元素|Click element: //*[contains(@class, "nav-btn-group")]/a[3]
2025-04-21 21:38:01.680733: 执行节点|Execute node: 提取数据
2025-04-21 21:38:01.712112: 执行节点|Execute node: 循环采集数据
2025-04-21 21:38:02.854567: Page:  77
2025-04-21 21:38:02.918190: 检测到页面变化，继续循环。
2025-04-21 21:38:02.918190: Page changed detected, continue loop.
2025-04-21 21:38:02.930133: 执行节点|Execute node: 点击下一章
2025-04-21 21:38:03.214143: 点击元素|Click element: //*[contains(@class, "nav-btn-group")]/a[3]
2025-04-21 21:38:06.239080: 执行节点|Execute node: 提取数据
2025-04-21 21:38:06.270898: 执行节点|Execute node: 循环采集数据
2025-04-21 21:38:07.416965: Page:  78
2025-04-21 21:38:07.479143: 检测到页面变化，继续循环。
2025-04-21 21:38:07.479143: Page changed detected, continue loop.
2025-04-21 21:38:07.491209: 执行节点|Execute node: 点击下一章
2025-04-21 21:38:07.775553: 点击元素|Click element: //*[contains(@class, "nav-btn-group")]/a[3]
2025-04-21 21:38:10.802424: 执行节点|Execute node: 提取数据
2025-04-21 21:38:10.834416: 执行节点|Execute node: 循环采集数据
2025-04-21 21:38:11.978640: Page:  79
2025-04-21 21:38:12.040124: 检测到页面变化，继续循环。
2025-04-21 21:38:12.040124: Page changed detected, continue loop.
2025-04-21 21:38:12.052100: 执行节点|Execute node: 点击下一章
2025-04-21 21:38:12.336492: 点击元素|Click element: //*[contains(@class, "nav-btn-group")]/a[3]
2025-04-21 21:38:15.363313: 执行节点|Execute node: 提取数据
2025-04-21 21:38:15.391239: 执行节点|Execute node: 循环采集数据
2025-04-21 21:38:16.539821: Page:  80
2025-04-21 21:38:16.599391: 检测到页面变化，继续循环。
2025-04-21 21:38:16.599391: Page changed detected, continue loop.
2025-04-21 21:38:16.611391: 执行节点|Execute node: 点击下一章
2025-04-21 21:38:16.901208: 点击元素|Click element: //*[contains(@class, "nav-btn-group")]/a[3]
2025-04-21 21:38:19.929832: 执行节点|Execute node: 提取数据
2025-04-21 21:38:19.957648: 执行节点|Execute node: 循环采集数据
2025-04-21 21:38:21.103917: Page:  81
2025-04-21 21:38:21.167686: 检测到页面变化，继续循环。
2025-04-21 21:38:21.167686: Page changed detected, continue loop.
2025-04-21 21:38:21.181177: 执行节点|Execute node: 点击下一章
2025-04-21 21:38:21.456072: 点击元素|Click element: //*[contains(@class, "nav-btn-group")]/a[3]
2025-04-21 21:38:24.478888: 执行节点|Execute node: 提取数据
2025-04-21 21:38:24.508726: 执行节点|Execute node: 循环采集数据
2025-04-21 21:38:25.657888: Page:  82
2025-04-21 21:38:25.713766: 检测到页面变化，继续循环。
2025-04-21 21:38:25.713766: Page changed detected, continue loop.
2025-04-21 21:38:25.727763: 执行节点|Execute node: 点击下一章
2025-04-21 21:38:26.017086: 点击元素|Click element: //*[contains(@class, "nav-btn-group")]/a[3]
2025-04-21 21:38:29.041068: 执行节点|Execute node: 提取数据
2025-04-21 21:38:29.069065: 执行节点|Execute node: 循环采集数据
2025-04-21 21:38:30.222334: Page:  83
2025-04-21 21:38:30.279034: 检测到页面变化，继续循环。
2025-04-21 21:38:30.279034: Page changed detected, continue loop.
2025-04-21 21:38:30.289745: 执行节点|Execute node: 点击下一章
2025-04-21 21:38:30.574474: 点击元素|Click element: //*[contains(@class, "nav-btn-group")]/a[3]
2025-04-21 21:38:33.601049: 执行节点|Execute node: 提取数据
2025-04-21 21:38:33.633027: 执行节点|Execute node: 循环采集数据
2025-04-21 21:38:34.778486: Page:  84
2025-04-21 21:38:34.832846: 检测到页面变化，继续循环。
2025-04-21 21:38:34.832846: Page changed detected, continue loop.
2025-04-21 21:38:34.844825: 执行节点|Execute node: 点击下一章
2025-04-21 21:38:35.130347: 点击元素|Click element: //*[contains(@class, "nav-btn-group")]/a[3]
2025-04-21 21:38:38.153294: 执行节点|Execute node: 提取数据
2025-04-21 21:38:38.181275: 执行节点|Execute node: 循环采集数据
2025-04-21 21:38:39.328152: Page:  85
2025-04-21 21:38:39.392003: 检测到页面变化，继续循环。
2025-04-21 21:38:39.392003: Page changed detected, continue loop.
2025-04-21 21:38:39.407989: 执行节点|Execute node: 点击下一章
2025-04-21 21:38:39.691864: 点击元素|Click element: //*[contains(@class, "nav-btn-group")]/a[3]
2025-04-21 21:38:42.715951: 执行节点|Execute node: 提取数据
2025-04-21 21:38:42.745861: 执行节点|Execute node: 循环采集数据
2025-04-21 21:38:43.891594: Page:  86
2025-04-21 21:38:43.950359: 检测到页面变化，继续循环。
2025-04-21 21:38:43.950359: Page changed detected, continue loop.
2025-04-21 21:38:43.964236: 执行节点|Execute node: 点击下一章
2025-04-21 21:38:44.248234: 点击元素|Click element: //*[contains(@class, "nav-btn-group")]/a[3]
2025-04-21 21:38:47.278485: 执行节点|Execute node: 提取数据
2025-04-21 21:38:47.310312: 执行节点|Execute node: 循环采集数据
2025-04-21 21:38:48.452766: Page:  87
2025-04-21 21:38:48.511615: 检测到页面变化，继续循环。
2025-04-21 21:38:48.511615: Page changed detected, continue loop.
2025-04-21 21:38:48.525075: 执行节点|Execute node: 点击下一章
2025-04-21 21:38:48.799021: 点击元素|Click element: //*[contains(@class, "nav-btn-group")]/a[3]
2025-04-21 21:38:51.829661: 执行节点|Execute node: 提取数据
2025-04-21 21:38:51.860897: 执行节点|Execute node: 循环采集数据
2025-04-21 21:38:53.006496: Page:  88
2025-04-21 21:38:53.064797: 检测到页面变化，继续循环。
2025-04-21 21:38:53.064797: Page changed detected, continue loop.
2025-04-21 21:38:53.078920: 执行节点|Execute node: 点击下一章
2025-04-21 21:38:53.363737: 点击元素|Click element: //*[contains(@class, "nav-btn-group")]/a[3]
2025-04-21 21:38:56.389278: 执行节点|Execute node: 提取数据
2025-04-21 21:38:56.417761: 执行节点|Execute node: 循环采集数据
2025-04-21 21:38:57.564137: Page:  89
2025-04-21 21:38:57.625964: 检测到页面变化，继续循环。
2025-04-21 21:38:57.625964: Page changed detected, continue loop.
2025-04-21 21:38:57.637953: 执行节点|Execute node: 点击下一章
2025-04-21 21:38:57.924774: 点击元素|Click element: //*[contains(@class, "nav-btn-group")]/a[3]
2025-04-21 21:39:00.947683: 执行节点|Execute node: 提取数据
2025-04-21 21:39:00.974593: 执行节点|Execute node: 循环采集数据
2025-04-21 21:39:02.120793: Page:  90
2025-04-21 21:39:02.176630: 检测到页面变化，继续循环。
2025-04-21 21:39:02.176630: Page changed detected, continue loop.
2025-04-21 21:39:02.192615: 执行节点|Execute node: 点击下一章
2025-04-21 21:39:02.476019: 点击元素|Click element: //*[contains(@class, "nav-btn-group")]/a[3]
2025-04-21 21:39:05.502972: 执行节点|Execute node: 提取数据
2025-04-21 21:39:05.531306: 执行节点|Execute node: 循环采集数据
2025-04-21 21:39:06.679436: Page:  91
2025-04-21 21:39:06.739962: 检测到页面变化，继续循环。
2025-04-21 21:39:06.740459: Page changed detected, continue loop.
2025-04-21 21:39:06.748842: 执行节点|Execute node: 点击下一章
2025-04-21 21:39:07.028028: 点击元素|Click element: //*[contains(@class, "nav-btn-group")]/a[3]
2025-04-21 21:39:10.054886: 执行节点|Execute node: 提取数据
2025-04-21 21:39:10.082867: 执行节点|Execute node: 循环采集数据
2025-04-21 21:39:11.235963: Page:  92
2025-04-21 21:39:11.288461: 检测到页面变化，继续循环。
2025-04-21 21:39:11.292778: Page changed detected, continue loop.
2025-04-21 21:39:11.300120: 执行节点|Execute node: 点击下一章
2025-04-21 21:39:11.594548: 点击元素|Click element: //*[contains(@class, "nav-btn-group")]/a[3]
2025-04-21 21:39:14.622106: 执行节点|Execute node: 提取数据
2025-04-21 21:39:14.652312: 执行节点|Execute node: 循环采集数据
2025-04-21 21:39:15.802187: Page:  93
2025-04-21 21:39:15.865991: 检测到页面变化，继续循环。
2025-04-21 21:39:15.869990: Page changed detected, continue loop.
2025-04-21 21:39:15.880044: 执行节点|Execute node: 点击下一章
2025-04-21 21:39:16.164588: 点击元素|Click element: //*[contains(@class, "nav-btn-group")]/a[3]
2025-04-21 21:39:19.192588: 执行节点|Execute node: 提取数据
2025-04-21 21:39:19.220962: 执行节点|Execute node: 循环采集数据
2025-04-21 21:39:20.364737: Page:  94
2025-04-21 21:39:20.420218: 检测到页面变化，继续循环。
2025-04-21 21:39:20.420218: Page changed detected, continue loop.
2025-04-21 21:39:20.435553: 执行节点|Execute node: 点击下一章
2025-04-21 21:39:20.723273: 点击元素|Click element: //*[contains(@class, "nav-btn-group")]/a[3]
2025-04-21 21:39:23.753125: 执行节点|Execute node: 提取数据
2025-04-21 21:39:23.780670: 执行节点|Execute node: 循环采集数据
2025-04-21 21:39:24.925381: Page:  95
2025-04-21 21:39:24.985170: 检测到页面变化，继续循环。
2025-04-21 21:39:24.989140: Page changed detected, continue loop.
2025-04-21 21:39:25.001165: 执行节点|Execute node: 点击下一章
2025-04-21 21:39:25.287469: 点击元素|Click element: //*[contains(@class, "nav-btn-group")]/a[3]
2025-04-21 21:39:28.317047: 执行节点|Execute node: 提取数据
2025-04-21 21:39:28.341983: 执行节点|Execute node: 循环采集数据
2025-04-21 21:39:29.490933: Page:  96
2025-04-21 21:39:29.547262: 检测到页面变化，继续循环。
2025-04-21 21:39:29.547262: Page changed detected, continue loop.
2025-04-21 21:39:29.559244: 执行节点|Execute node: 点击下一章
2025-04-21 21:39:29.852766: 点击元素|Click element: //*[contains(@class, "nav-btn-group")]/a[3]
2025-04-21 21:39:32.876851: 执行节点|Execute node: 提取数据
2025-04-21 21:39:32.904832: 执行节点|Execute node: 循环采集数据
2025-04-21 21:39:34.056697: Page:  97
2025-04-21 21:39:34.115275: 检测到页面变化，继续循环。
2025-04-21 21:39:34.115275: Page changed detected, continue loop.
2025-04-21 21:39:34.128970: 执行节点|Execute node: 点击下一章
2025-04-21 21:39:34.418549: 点击元素|Click element: //*[contains(@class, "nav-btn-group")]/a[3]
2025-04-21 21:39:37.442030: 执行节点|Execute node: 提取数据
2025-04-21 21:39:37.470846: 执行节点|Execute node: 循环采集数据
2025-04-21 21:39:38.625082: Page:  98
2025-04-21 21:39:38.683962: 检测到页面变化，继续循环。
2025-04-21 21:39:38.683962: Page changed detected, continue loop.
2025-04-21 21:39:38.695897: 执行节点|Execute node: 点击下一章
2025-04-21 21:39:38.987691: 点击元素|Click element: //*[contains(@class, "nav-btn-group")]/a[3]
2025-04-21 21:39:42.017891: 执行节点|Execute node: 提取数据
2025-04-21 21:39:42.047786: 执行节点|Execute node: 循环采集数据
2025-04-21 21:39:43.191470: Page:  99
2025-04-21 21:39:43.254173: 检测到页面变化，继续循环。
2025-04-21 21:39:43.254173: Page changed detected, continue loop.
2025-04-21 21:39:43.270138: 执行节点|Execute node: 点击下一章
2025-04-21 21:39:43.546138: 点击元素|Click element: //*[contains(@class, "nav-btn-group")]/a[3]
2025-04-21 21:39:46.574070: 执行节点|Execute node: 提取数据
2025-04-21 21:39:46.602861: 执行节点|Execute node: 循环采集数据
2025-04-21 21:39:47.751931: Page:  100
2025-04-21 21:39:47.809758: 检测到页面变化，继续循环。
2025-04-21 21:39:47.809758: Page changed detected, continue loop.
2025-04-21 21:39:47.821732: 执行节点|Execute node: 点击下一章
2025-04-21 21:39:48.106630: 点击元素|Click element: //*[contains(@class, "nav-btn-group")]/a[3]
2025-04-21 21:39:51.131468: 执行节点|Execute node: 提取数据
2025-04-21 21:39:51.157950: 执行节点|Execute node: 循环采集数据
2025-04-21 21:39:52.305731: Page:  101
2025-04-21 21:39:52.363527: 检测到页面变化，继续循环。
2025-04-21 21:39:52.363527: Page changed detected, continue loop.
2025-04-21 21:39:52.379513: 执行节点|Execute node: 点击下一章
2025-04-21 21:39:52.654891: 点击元素|Click element: //*[contains(@class, "nav-btn-group")]/a[3]
2025-04-21 21:39:55.683345: 执行节点|Execute node: 提取数据
2025-04-21 21:39:55.711154: 执行节点|Execute node: 循环采集数据
2025-04-21 21:39:56.853187: Page:  102
2025-04-21 21:39:56.912999: 检测到页面变化，继续循环。
2025-04-21 21:39:56.912999: Page changed detected, continue loop.
2025-04-21 21:39:56.925008: 执行节点|Execute node: 点击下一章
2025-04-21 21:39:57.218191: 点击元素|Click element: //*[contains(@class, "nav-btn-group")]/a[3]
2025-04-21 21:40:00.244341: 执行节点|Execute node: 提取数据
2025-04-21 21:40:00.272241: 执行节点|Execute node: 循环采集数据
2025-04-21 21:40:01.420140: Page:  103
2025-04-21 21:40:01.482145: 检测到页面变化，继续循环。
2025-04-21 21:40:01.482145: Page changed detected, continue loop.
2025-04-21 21:40:01.494137: 执行节点|Execute node: 点击下一章
2025-04-21 21:40:01.772233: 点击元素|Click element: //*[contains(@class, "nav-btn-group")]/a[3]
2025-04-21 21:40:04.797823: 执行节点|Execute node: 提取数据
2025-04-21 21:40:04.825637: 执行节点|Execute node: 循环采集数据
2025-04-21 21:40:05.974995: Page:  104
2025-04-21 21:40:06.031419: 检测到页面变化，继续循环。
2025-04-21 21:40:06.031419: Page changed detected, continue loop.
2025-04-21 21:40:06.044480: 执行节点|Execute node: 点击下一章
2025-04-21 21:40:06.332551: 点击元素|Click element: //*[contains(@class, "nav-btn-group")]/a[3]
2025-04-21 21:40:09.357889: 执行节点|Execute node: 提取数据
2025-04-21 21:40:09.388801: 执行节点|Execute node: 循环采集数据
2025-04-21 21:40:10.545217: Page:  105
2025-04-21 21:40:10.606998: 检测到页面变化，继续循环。
2025-04-21 21:40:10.606998: Page changed detected, continue loop.
2025-04-21 21:40:10.620444: 执行节点|Execute node: 点击下一章
2025-04-21 21:40:10.906683: 点击元素|Click element: //*[contains(@class, "nav-btn-group")]/a[3]
2025-04-21 21:40:13.933084: 执行节点|Execute node: 提取数据
2025-04-21 21:40:13.965341: 执行节点|Execute node: 循环采集数据
2025-04-21 21:40:15.110331: Page:  106
2025-04-21 21:40:15.167393: 检测到页面变化，继续循环。
2025-04-21 21:40:15.167393: Page changed detected, continue loop.
2025-04-21 21:40:15.179337: 执行节点|Execute node: 点击下一章
2025-04-21 21:40:15.464578: 点击元素|Click element: //*[contains(@class, "nav-btn-group")]/a[3]
2025-04-21 21:40:18.488809: 执行节点|Execute node: 提取数据
2025-04-21 21:40:18.516800: 执行节点|Execute node: 循环采集数据
2025-04-21 21:40:19.660989: Page:  107
2025-04-21 21:40:19.720449: 检测到页面变化，继续循环。
2025-04-21 21:40:19.720449: Page changed detected, continue loop.
2025-04-21 21:40:19.732443: 执行节点|Execute node: 点击下一章
2025-04-21 21:40:20.024887: 点击元素|Click element: //*[contains(@class, "nav-btn-group")]/a[3]
2025-04-21 21:40:23.049111: 执行节点|Execute node: 提取数据
2025-04-21 21:40:23.078958: 执行节点|Execute node: 循环采集数据
2025-04-21 21:40:24.222595: Page:  108
2025-04-21 21:40:24.278552: 检测到页面变化，继续循环。
2025-04-21 21:40:24.278552: Page changed detected, continue loop.
2025-04-21 21:40:24.294184: 执行节点|Execute node: 点击下一章
2025-04-21 21:40:24.575140: 点击元素|Click element: //*[contains(@class, "nav-btn-group")]/a[3]
2025-04-21 21:40:27.602869: 执行节点|Execute node: 提取数据
2025-04-21 21:40:27.633540: 执行节点|Execute node: 循环采集数据
2025-04-21 21:40:28.780928: Page:  109
2025-04-21 21:40:28.840850: 检测到页面变化，继续循环。
2025-04-21 21:40:28.844883: Page changed detected, continue loop.
2025-04-21 21:40:28.856834: 执行节点|Execute node: 点击下一章
2025-04-21 21:40:29.146589: 点击元素|Click element: //*[contains(@class, "nav-btn-group")]/a[3]
2025-04-21 21:40:32.170915: 执行节点|Execute node: 提取数据
2025-04-21 21:40:32.200629: 执行节点|Execute node: 循环采集数据
2025-04-21 21:40:33.345109: Page:  110
2025-04-21 21:40:33.402874: 检测到页面变化，继续循环。
2025-04-21 21:40:33.402874: Page changed detected, continue loop.
2025-04-21 21:40:33.415256: 执行节点|Execute node: 点击下一章
2025-04-21 21:40:33.696991: 点击元素|Click element: //*[contains(@class, "nav-btn-group")]/a[3]
2025-04-21 21:40:36.720481: 执行节点|Execute node: 提取数据
2025-04-21 21:40:36.748463: 执行节点|Execute node: 循环采集数据
2025-04-21 21:40:37.896861: Page:  111
2025-04-21 21:40:37.958551: 检测到页面变化，继续循环。
2025-04-21 21:40:37.958551: Page changed detected, continue loop.
2025-04-21 21:40:37.971819: 执行节点|Execute node: 点击下一章
2025-04-21 21:40:38.248073: 点击元素|Click element: //*[contains(@class, "nav-btn-group")]/a[3]
2025-04-21 21:40:41.275290: 执行节点|Execute node: 提取数据
2025-04-21 21:40:41.302255: 执行节点|Execute node: 循环采集数据
2025-04-21 21:40:42.448500: Page:  112
2025-04-21 21:40:42.504541: 检测到页面变化，继续循环。
2025-04-21 21:40:42.508454: Page changed detected, continue loop.
2025-04-21 21:40:42.521038: 执行节点|Execute node: 点击下一章
2025-04-21 21:40:42.809051: 点击元素|Click element: //*[contains(@class, "nav-btn-group")]/a[3]
2025-04-21 21:40:45.839056: 执行节点|Execute node: 提取数据
2025-04-21 21:40:45.866979: 执行节点|Execute node: 循环采集数据
2025-04-21 21:40:47.010810: Page:  113
2025-04-21 21:40:47.069069: 检测到页面变化，继续循环。
2025-04-21 21:40:47.069069: Page changed detected, continue loop.
2025-04-21 21:40:47.082274: 执行节点|Execute node: 点击下一章
2025-04-21 21:40:47.359114: 点击元素|Click element: //*[contains(@class, "nav-btn-group")]/a[3]
2025-04-21 21:40:50.382415: 执行节点|Execute node: 提取数据
2025-04-21 21:40:50.414394: 执行节点|Execute node: 循环采集数据
2025-04-21 21:40:51.557832: Page:  114
2025-04-21 21:40:51.613629: 检测到页面变化，继续循环。
2025-04-21 21:40:51.613629: Page changed detected, continue loop.
2025-04-21 21:40:51.627618: 执行节点|Execute node: 点击下一章
2025-04-21 21:40:51.922247: 点击元素|Click element: //*[contains(@class, "nav-btn-group")]/a[3]
2025-04-21 21:40:54.950366: 执行节点|Execute node: 提取数据
2025-04-21 21:40:54.978881: 执行节点|Execute node: 循环采集数据
2025-04-21 21:40:56.123595: Page:  115
2025-04-21 21:40:56.185758: 检测到页面变化，继续循环。
2025-04-21 21:40:56.185758: Page changed detected, continue loop.
2025-04-21 21:40:56.197810: 执行节点|Execute node: 点击下一章
2025-04-21 21:40:56.477387: 点击元素|Click element: //*[contains(@class, "nav-btn-group")]/a[3]
2025-04-21 21:40:59.506016: 执行节点|Execute node: 提取数据
2025-04-21 21:40:59.535945: 执行节点|Execute node: 循环采集数据
2025-04-21 21:41:00.682344: Page:  116
2025-04-21 21:41:00.738146: 检测到页面变化，继续循环。
2025-04-21 21:41:00.738146: Page changed detected, continue loop.
2025-04-21 21:41:00.754612: 执行节点|Execute node: 点击下一章
2025-04-21 21:41:01.045375: 点击元素|Click element: //*[contains(@class, "nav-btn-group")]/a[3]
2025-04-21 21:41:04.072938: 执行节点|Execute node: 提取数据
2025-04-21 21:41:04.104088: 执行节点|Execute node: 循环采集数据
2025-04-21 21:41:05.251429: Page:  117
2025-04-21 21:41:05.313459: 检测到页面变化，继续循环。
2025-04-21 21:41:05.313459: Page changed detected, continue loop.
2025-04-21 21:41:05.325398: 执行节点|Execute node: 点击下一章
2025-04-21 21:41:05.614234: 点击元素|Click element: //*[contains(@class, "nav-btn-group")]/a[3]
2025-04-21 21:41:08.641032: 执行节点|Execute node: 提取数据
2025-04-21 21:41:08.670033: 执行节点|Execute node: 循环采集数据
2025-04-21 21:41:09.816959: Page:  118
2025-04-21 21:41:09.872804: 检测到页面变化，继续循环。
2025-04-21 21:41:09.872804: Page changed detected, continue loop.
2025-04-21 21:41:09.888752: 执行节点|Execute node: 点击下一章
2025-04-21 21:41:10.178621: 点击元素|Click element: //*[contains(@class, "nav-btn-group")]/a[3]
2025-04-21 21:41:13.203867: 执行节点|Execute node: 提取数据
2025-04-21 21:41:13.235696: 执行节点|Execute node: 循环采集数据
2025-04-21 21:41:14.378312: Page:  119
2025-04-21 21:41:14.440207: 检测到页面变化，继续循环。
2025-04-21 21:41:14.440207: Page changed detected, continue loop.
2025-04-21 21:41:14.453249: 执行节点|Execute node: 点击下一章
2025-04-21 21:41:14.741627: 点击元素|Click element: //*[contains(@class, "nav-btn-group")]/a[3]
2025-04-21 21:41:17.765961: 执行节点|Execute node: 提取数据
2025-04-21 21:41:17.795551: 执行节点|Execute node: 循环采集数据
2025-04-21 21:41:18.941291: Page:  120
2025-04-21 21:41:19.003734: 检测到页面变化，继续循环。
2025-04-21 21:41:19.003734: Page changed detected, continue loop.
2025-04-21 21:41:19.015726: 执行节点|Execute node: 点击下一章
2025-04-21 21:41:19.312897: 点击元素|Click element: //*[contains(@class, "nav-btn-group")]/a[3]
2025-04-21 21:41:22.336226: 执行节点|Execute node: 提取数据
2025-04-21 21:41:22.364887: 执行节点|Execute node: 循环采集数据
2025-04-21 21:41:23.509374: Page:  121
2025-04-21 21:41:23.569747: 检测到页面变化，继续循环。
2025-04-21 21:41:23.569747: Page changed detected, continue loop.
2025-04-21 21:41:23.583814: 执行节点|Execute node: 点击下一章
2025-04-21 21:41:23.860687: 点击元素|Click element: //*[contains(@class, "nav-btn-group")]/a[3]
2025-04-21 21:41:26.887427: 执行节点|Execute node: 提取数据
2025-04-21 21:41:26.919283: 执行节点|Execute node: 循环采集数据
2025-04-21 21:41:28.066428: Page:  122
2025-04-21 21:41:28.122271: 检测到页面变化，继续循环。
2025-04-21 21:41:28.126215: Page changed detected, continue loop.
2025-04-21 21:41:28.139344: 执行节点|Execute node: 点击下一章
2025-04-21 21:41:28.432739: 点击元素|Click element: //*[contains(@class, "nav-btn-group")]/a[3]
2025-04-21 21:41:31.458626: 执行节点|Execute node: 提取数据
2025-04-21 21:41:31.488556: 执行节点|Execute node: 循环采集数据
2025-04-21 21:41:32.634253: Page:  123
2025-04-21 21:41:32.696252: 检测到页面变化，继续循环。
2025-04-21 21:41:32.696252: Page changed detected, continue loop.
2025-04-21 21:41:32.707685: 执行节点|Execute node: 点击下一章
2025-04-21 21:41:32.981300: 点击元素|Click element: //*[contains(@class, "nav-btn-group")]/a[3]
2025-04-21 21:41:36.006287: 执行节点|Execute node: 提取数据
2025-04-21 21:41:36.032306: 执行节点|Execute node: 循环采集数据
2025-04-21 21:41:37.177902: Page:  124
2025-04-21 21:41:37.234548: 检测到页面变化，继续循环。
2025-04-21 21:41:37.234548: Page changed detected, continue loop.
2025-04-21 21:41:37.252026: 执行节点|Execute node: 点击下一章
2025-04-21 21:41:37.545538: 点击元素|Click element: //*[contains(@class, "nav-btn-group")]/a[3]
2025-04-21 21:41:40.574774: 执行节点|Execute node: 提取数据
2025-04-21 21:41:40.602571: 执行节点|Execute node: 循环采集数据
2025-04-21 21:41:41.747657: Page:  125
2025-04-21 21:41:41.811395: 检测到页面变化，继续循环。
2025-04-21 21:41:41.811395: Page changed detected, continue loop.
2025-04-21 21:41:41.823367: 执行节点|Execute node: 点击下一章
2025-04-21 21:41:42.109664: 点击元素|Click element: //*[contains(@class, "nav-btn-group")]/a[3]
2025-04-21 21:41:45.135204: 执行节点|Execute node: 提取数据
2025-04-21 21:41:45.164631: 执行节点|Execute node: 循环采集数据
2025-04-21 21:41:46.306129: Page:  126
2025-04-21 21:41:46.366071: 检测到页面变化，继续循环。
2025-04-21 21:41:46.366071: Page changed detected, continue loop.
2025-04-21 21:41:46.377378: 执行节点|Execute node: 点击下一章
2025-04-21 21:41:46.669734: 点击元素|Click element: //*[contains(@class, "nav-btn-group")]/a[3]
2025-04-21 21:41:49.695592: 执行节点|Execute node: 提取数据
2025-04-21 21:41:49.721444: 执行节点|Execute node: 循环采集数据
2025-04-21 21:41:50.870989: Page:  127
2025-04-21 21:41:50.931445: 检测到页面变化，继续循环。
2025-04-21 21:41:50.931445: Page changed detected, continue loop.
2025-04-21 21:41:50.941437: 执行节点|Execute node: 点击下一章
2025-04-21 21:41:51.226769: 点击元素|Click element: //*[contains(@class, "nav-btn-group")]/a[3]
2025-04-21 21:41:54.256223: 执行节点|Execute node: 提取数据
2025-04-21 21:41:54.284026: 执行节点|Execute node: 循环采集数据
2025-04-21 21:41:55.430402: Page:  128
2025-04-21 21:41:55.486434: 检测到页面变化，继续循环。
2025-04-21 21:41:55.486434: Page changed detected, continue loop.
2025-04-21 21:41:55.500138: 执行节点|Execute node: 点击下一章
2025-04-21 21:41:55.795788: 点击元素|Click element: //*[contains(@class, "nav-btn-group")]/a[3]
2025-04-21 21:41:58.823488: 执行节点|Execute node: 提取数据
2025-04-21 21:41:58.855351: 执行节点|Execute node: 循环采集数据
2025-04-21 21:41:59.997133: Page:  129
2025-04-21 21:42:00.063227: 检测到页面变化，继续循环。
2025-04-21 21:42:00.063227: Page changed detected, continue loop.
2025-04-21 21:42:00.079241: 执行节点|Execute node: 点击下一章
2025-04-21 21:42:00.355925: 点击元素|Click element: //*[contains(@class, "nav-btn-group")]/a[3]
2025-04-21 21:42:03.379586: 执行节点|Execute node: 提取数据
2025-04-21 21:42:03.410674: 执行节点|Execute node: 循环采集数据
2025-04-21 21:42:04.559316: Page:  130
2025-04-21 21:42:04.623210: 检测到页面变化，继续循环。
2025-04-21 21:42:04.623210: Page changed detected, continue loop.
2025-04-21 21:42:04.635434: 执行节点|Execute node: 点击下一章
2025-04-21 21:42:04.921708: 点击元素|Click element: //*[contains(@class, "nav-btn-group")]/a[3]
2025-04-21 21:42:07.944962: 执行节点|Execute node: 提取数据
2025-04-21 21:42:07.973038: 执行节点|Execute node: 循环采集数据
2025-04-21 21:42:09.120161: Page:  131
2025-04-21 21:42:09.180294: 检测到页面变化，继续循环。
2025-04-21 21:42:09.180294: Page changed detected, continue loop.
2025-04-21 21:42:09.193240: 执行节点|Execute node: 点击下一章
2025-04-21 21:42:09.472449: 点击元素|Click element: //*[contains(@class, "nav-btn-group")]/a[3]
2025-04-21 21:42:12.496561: 执行节点|Execute node: 提取数据
2025-04-21 21:42:12.526524: 执行节点|Execute node: 循环采集数据
2025-04-21 21:42:13.668208: Page:  132
2025-04-21 21:42:13.732334: 检测到页面变化，继续循环。
2025-04-21 21:42:13.732334: Page changed detected, continue loop.
2025-04-21 21:42:13.745793: 执行节点|Execute node: 点击下一章
2025-04-21 21:42:14.028622: 点击元素|Click element: //*[contains(@class, "nav-btn-group")]/a[3]
2025-04-21 21:42:17.054565: 执行节点|Execute node: 提取数据
2025-04-21 21:42:17.082833: 执行节点|Execute node: 循环采集数据
2025-04-21 21:42:18.232091: Page:  133
2025-04-21 21:42:18.293474: 检测到页面变化，继续循环。
2025-04-21 21:42:18.293474: Page changed detected, continue loop.
2025-04-21 21:42:18.306893: 执行节点|Execute node: 点击下一章
2025-04-21 21:42:18.586857: 点击元素|Click element: //*[contains(@class, "nav-btn-group")]/a[3]
2025-04-21 21:42:21.612906: 执行节点|Execute node: 提取数据
2025-04-21 21:42:21.640733: 执行节点|Execute node: 循环采集数据
2025-04-21 21:42:22.790576: Page:  134
2025-04-21 21:42:22.848779: 检测到页面变化，继续循环。
2025-04-21 21:42:22.848779: Page changed detected, continue loop.
2025-04-21 21:42:22.861637: 执行节点|Execute node: 点击下一章
2025-04-21 21:42:23.144830: 点击元素|Click element: //*[contains(@class, "nav-btn-group")]/a[3]
2025-04-21 21:42:26.173887: 执行节点|Execute node: 提取数据
2025-04-21 21:42:26.202344: 执行节点|Execute node: 循环采集数据
2025-04-21 21:42:27.347583: Page:  135
2025-04-21 21:42:27.407499: 检测到页面变化，继续循环。
2025-04-21 21:42:27.407499: Page changed detected, continue loop.
2025-04-21 21:42:27.423428: 执行节点|Execute node: 点击下一章
2025-04-21 21:42:27.700997: 点击元素|Click element: //*[contains(@class, "nav-btn-group")]/a[3]
2025-04-21 21:42:30.727257: 执行节点|Execute node: 提取数据
2025-04-21 21:42:30.756120: 执行节点|Execute node: 循环采集数据
2025-04-21 21:42:31.903253: Page:  136
2025-04-21 21:42:31.957362: 检测到页面变化，继续循环。
2025-04-21 21:42:31.957362: Page changed detected, continue loop.
2025-04-21 21:42:31.969363: 执行节点|Execute node: 点击下一章
2025-04-21 21:42:32.264963: 点击元素|Click element: //*[contains(@class, "nav-btn-group")]/a[3]
2025-04-21 21:42:35.293923: 执行节点|Execute node: 提取数据
2025-04-21 21:42:35.325819: 执行节点|Execute node: 循环采集数据
2025-04-21 21:42:36.474301: Page:  137
2025-04-21 21:42:36.532950: 检测到页面变化，继续循环。
2025-04-21 21:42:36.532950: Page changed detected, continue loop.
2025-04-21 21:42:36.546318: 执行节点|Execute node: 点击下一章
2025-04-21 21:42:36.827587: 点击元素|Click element: //*[contains(@class, "nav-btn-group")]/a[3]
2025-04-21 21:42:39.851544: 执行节点|Execute node: 提取数据
2025-04-21 21:42:39.879563: 执行节点|Execute node: 循环采集数据
2025-04-21 21:42:41.035285: Page:  138
2025-04-21 21:42:41.091729: 检测到页面变化，继续循环。
2025-04-21 21:42:41.091729: Page changed detected, continue loop.
2025-04-21 21:42:41.103754: 执行节点|Execute node: 点击下一章
2025-04-21 21:42:41.401526: 点击元素|Click element: //*[contains(@class, "nav-btn-group")]/a[3]
2025-04-21 21:42:44.429872: 执行节点|Execute node: 提取数据
2025-04-21 21:42:44.461680: 执行节点|Execute node: 循环采集数据
2025-04-21 21:42:45.605234: Page:  139
2025-04-21 21:42:45.666765: 检测到页面变化，继续循环。
2025-04-21 21:42:45.666765: Page changed detected, continue loop.
2025-04-21 21:42:45.678839: 执行节点|Execute node: 点击下一章
2025-04-21 21:42:45.958356: 点击元素|Click element: //*[contains(@class, "nav-btn-group")]/a[3]
2025-04-21 21:42:48.985811: 执行节点|Execute node: 提取数据
2025-04-21 21:42:49.016086: 执行节点|Execute node: 循环采集数据
2025-04-21 21:42:50.161866: Page:  140
2025-04-21 21:42:50.221630: 检测到页面变化，继续循环。
2025-04-21 21:42:50.221630: Page changed detected, continue loop.
2025-04-21 21:42:50.233657: 执行节点|Execute node: 点击下一章
2025-04-21 21:42:50.524858: 点击元素|Click element: //*[contains(@class, "nav-btn-group")]/a[3]
2025-04-21 21:42:53.552091: 执行节点|Execute node: 提取数据
2025-04-21 21:42:53.582819: 执行节点|Execute node: 循环采集数据
2025-04-21 21:42:54.727566: Page:  141
2025-04-21 21:42:54.793400: 检测到页面变化，继续循环。
2025-04-21 21:42:54.793400: Page changed detected, continue loop.
2025-04-21 21:42:54.808261: 执行节点|Execute node: 点击下一章
2025-04-21 21:42:55.083454: 点击元素|Click element: //*[contains(@class, "nav-btn-group")]/a[3]
2025-04-21 21:42:58.109569: 执行节点|Execute node: 提取数据
2025-04-21 21:42:58.139584: 执行节点|Execute node: 循环采集数据
2025-04-21 21:42:59.290099: Page:  142
2025-04-21 21:42:59.347803: 检测到页面变化，继续循环。
2025-04-21 21:42:59.347803: Page changed detected, continue loop.
2025-04-21 21:42:59.360653: 执行节点|Execute node: 点击下一章
2025-04-21 21:42:59.656839: 点击元素|Click element: //*[contains(@class, "nav-btn-group")]/a[3]
2025-04-21 21:43:02.686286: 执行节点|Execute node: 提取数据
2025-04-21 21:43:02.712001: 执行节点|Execute node: 循环采集数据
2025-04-21 21:43:03.861311: Page:  143
2025-04-21 21:43:03.923010: 检测到页面变化，继续循环。
2025-04-21 21:43:03.923493: Page changed detected, continue loop.
2025-04-21 21:43:03.933195: 执行节点|Execute node: 点击下一章
2025-04-21 21:43:04.208104: 点击元素|Click element: //*[contains(@class, "nav-btn-group")]/a[3]
2025-04-21 21:43:07.234132: 执行节点|Execute node: 提取数据
2025-04-21 21:43:07.262136: 执行节点|Execute node: 循环采集数据
2025-04-21 21:43:08.410611: Page:  144
2025-04-21 21:43:08.473456: 检测到页面变化，继续循环。
2025-04-21 21:43:08.473456: Page changed detected, continue loop.
2025-04-21 21:43:08.485290: 执行节点|Execute node: 点击下一章
2025-04-21 21:43:08.771598: 点击元素|Click element: //*[contains(@class, "nav-btn-group")]/a[3]
2025-04-21 21:43:11.801664: 执行节点|Execute node: 提取数据
2025-04-21 21:43:11.833489: 执行节点|Execute node: 循环采集数据
2025-04-21 21:43:12.979613: Page:  145
2025-04-21 21:43:13.039396: 检测到页面变化，继续循环。
2025-04-21 21:43:13.039396: Page changed detected, continue loop.
2025-04-21 21:43:13.055391: 执行节点|Execute node: 点击下一章
2025-04-21 21:43:13.334339: 点击元素|Click element: //*[contains(@class, "nav-btn-group")]/a[3]
2025-04-21 21:43:16.358580: 执行节点|Execute node: 提取数据
2025-04-21 21:43:16.388960: 执行节点|Execute node: 循环采集数据
2025-04-21 21:43:17.539925: Page:  146
2025-04-21 21:43:17.593869: 检测到页面变化，继续循环。
2025-04-21 21:43:17.597931: Page changed detected, continue loop.
2025-04-21 21:43:17.610558: 执行节点|Execute node: 点击下一章
2025-04-21 21:43:17.900940: 点击元素|Click element: //*[contains(@class, "nav-btn-group")]/a[3]
2025-04-21 21:43:20.927292: 执行节点|Execute node: 提取数据
2025-04-21 21:43:20.956970: 执行节点|Execute node: 循环采集数据
2025-04-21 21:43:22.111844: Page:  147
2025-04-21 21:43:22.170377: 检测到页面变化，继续循环。
2025-04-21 21:43:22.170377: Page changed detected, continue loop.
2025-04-21 21:43:22.182390: 执行节点|Execute node: 点击下一章
2025-04-21 21:43:22.471824: 点击元素|Click element: //*[contains(@class, "nav-btn-group")]/a[3]
2025-04-21 21:43:25.499369: 执行节点|Execute node: 提取数据
2025-04-21 21:43:25.530050: 执行节点|Execute node: 循环采集数据
2025-04-21 21:43:26.676927: Page:  148
2025-04-21 21:43:26.733163: 检测到页面变化，继续循环。
2025-04-21 21:43:26.733163: Page changed detected, continue loop.
2025-04-21 21:43:26.746144: 执行节点|Execute node: 点击下一章
2025-04-21 21:43:27.031743: 点击元素|Click element: //*[contains(@class, "nav-btn-group")]/a[3]
2025-04-21 21:43:30.058133: 执行节点|Execute node: 提取数据
2025-04-21 21:43:30.087600: 执行节点|Execute node: 循环采集数据
2025-04-21 21:43:31.237417: Page:  149
2025-04-21 21:43:31.296084: 检测到页面变化，继续循环。
2025-04-21 21:43:31.300083: Page changed detected, continue loop.
2025-04-21 21:43:31.312070: 执行节点|Execute node: 点击下一章
2025-04-21 21:43:31.589361: 点击元素|Click element: //*[contains(@class, "nav-btn-group")]/a[3]
2025-04-21 21:43:34.614633: 执行节点|Execute node: 提取数据
2025-04-21 21:43:34.640804: 执行节点|Execute node: 循环采集数据
2025-04-21 21:43:35.793114: Page:  150
2025-04-21 21:43:35.850812: 检测到页面变化，继续循环。
2025-04-21 21:43:35.850812: Page changed detected, continue loop.
2025-04-21 21:43:35.862808: 执行节点|Execute node: 点击下一章
2025-04-21 21:43:36.150983: 点击元素|Click element: //*[contains(@class, "nav-btn-group")]/a[3]
2025-04-21 21:43:39.178046: 执行节点|Execute node: 提取数据
2025-04-21 21:43:39.209855: 执行节点|Execute node: 循环采集数据
2025-04-21 21:43:40.355262: Page:  151
2025-04-21 21:43:40.420725: 检测到页面变化，继续循环。
2025-04-21 21:43:40.420725: Page changed detected, continue loop.
2025-04-21 21:43:40.433552: 执行节点|Execute node: 点击下一章
2025-04-21 21:43:40.709796: 点击元素|Click element: //*[contains(@class, "nav-btn-group")]/a[3]
2025-04-21 21:43:43.735575: 执行节点|Execute node: 提取数据
2025-04-21 21:43:43.757122: 执行节点|Execute node: 循环采集数据
2025-04-21 21:43:44.904319: Page:  152
2025-04-21 21:43:44.961216: 检测到页面变化，继续循环。
2025-04-21 21:43:44.961705: Page changed detected, continue loop.
2025-04-21 21:43:44.970958: 执行节点|Execute node: 点击下一章
2025-04-21 21:43:45.265437: 点击元素|Click element: //*[contains(@class, "nav-btn-group")]/a[3]
2025-04-21 21:43:48.292963: 执行节点|Execute node: 提取数据
2025-04-21 21:43:48.533771: 执行节点|Execute node: 循环采集数据
2025-04-21 21:43:49.678464: Page:  153
2025-04-21 21:43:49.735854: 检测到页面变化，继续循环。
2025-04-21 21:43:49.735854: Page changed detected, continue loop.
2025-04-21 21:43:49.751921: 执行节点|Execute node: 点击下一章
2025-04-21 21:43:50.030164: 点击元素|Click element: //*[contains(@class, "nav-btn-group")]/a[3]
2025-04-21 21:43:53.047969: 执行节点|Execute node: 提取数据
2025-04-21 21:43:53.080270: 执行节点|Execute node: 循环采集数据
2025-04-21 21:43:54.223440: Page:  154
2025-04-21 21:43:54.279928: 检测到页面变化，继续循环。
2025-04-21 21:43:54.279928: Page changed detected, continue loop.
2025-04-21 21:43:54.291892: 执行节点|Execute node: 点击下一章
2025-04-21 21:43:54.583746: 点击元素|Click element: //*[contains(@class, "nav-btn-group")]/a[3]
2025-04-21 21:43:57.615332: 执行节点|Execute node: 提取数据
2025-04-21 21:43:57.643963: 执行节点|Execute node: 循环采集数据
2025-04-21 21:43:58.789513: Page:  155
2025-04-21 21:43:58.849371: 检测到页面变化，继续循环。
2025-04-21 21:43:58.849371: Page changed detected, continue loop.
2025-04-21 21:43:58.865379: 执行节点|Execute node: 点击下一章
2025-04-21 21:43:59.145465: 点击元素|Click element: //*[contains(@class, "nav-btn-group")]/a[3]
2025-04-21 21:44:02.175268: 执行节点|Execute node: 提取数据
2025-04-21 21:44:02.205182: 执行节点|Execute node: 循环采集数据
2025-04-21 21:44:03.352255: Page:  156
2025-04-21 21:44:03.408228: 检测到页面变化，继续循环。
2025-04-21 21:44:03.408228: Page changed detected, continue loop.
2025-04-21 21:44:03.421765: 执行节点|Execute node: 点击下一章
2025-04-21 21:44:03.707258: 点击元素|Click element: //*[contains(@class, "nav-btn-group")]/a[3]
2025-04-21 21:44:06.731233: 执行节点|Execute node: 提取数据
2025-04-21 21:44:06.760450: 执行节点|Execute node: 循环采集数据
2025-04-21 21:44:07.902020: Page:  157
2025-04-21 21:44:07.903716: 设定的退出循环元素：//body的文本无法获取，本次循环将不再检测元素文本是否变化，将会继续执行，为解决此问题，您可以修改检测元素文本不变的元素为其他元素，或者将循环次数设定为固定次数大于0的值。
2025-04-21 21:44:07.903716: The text of the exit loop element set: //body cannot be obtained, this loop will no longer check whether the text of the element has changed, and will continue to execute. To solve this problem, you can modify the element whose text does not change to other elements, or set the number of loops to a fixed number greater than 0.
2025-04-21 21:44:07.903716: Message: disconnected: not connected to DevTools
  (failed to check if window was closed: disconnected: not connected to DevTools)
  (Session info: chrome=124.0.6367.61)
Stacktrace:
	GetHandleVerifier [0x00007FF7A260F922+3045234]
	(No symbol) [0x00007FF7A22B3652]
	(No symbol) [0x00007FF7A2177564]
	(No symbol) [0x00007FF7A215F4A4]
	(No symbol) [0x00007FF7A215F370]
	(No symbol) [0x00007FF7A2179B11]
	(No symbol) [0x00007FF7A2208899]
	(No symbol) [0x00007FF7A21E9B53]
	(No symbol) [0x00007FF7A21B813C]
	(No symbol) [0x00007FF7A21B8D71]
	GetHandleVerifier [0x00007FF7A263E89D+3237613]
	GetHandleVerifier [0x00007FF7A2680BA7+3508727]
	GetHandleVerifier [0x00007FF7A267976F+3478975]
	GetHandleVerifier [0x00007FF7A23EF1C6+815126]
	(No symbol) [0x00007FF7A22BED0F]
	(No symbol) [0x00007FF7A22B9854]
	(No symbol) [0x00007FF7A22B99E2]
	(No symbol) [0x00007FF7A22AA574]
	BaseThreadInitThunk [0x00007FFA0F907374+20]
	RtlUserThreadStart [0x00007FFA10ADCC91+33]

2025-04-21 21:44:07.903716: 检测到页面变化，继续循环。
2025-04-21 21:44:07.903716: Page changed detected, continue loop.
2025-04-21 21:44:07.903716: 

-------Retrying-------


2025-04-21 21:44:07.903716: -------Retrying-------:  //*[contains(@class, "nav-btn-group")]/a[3]
2025-04-21 21:44:07.903716: 执行节点|Execute node: 点击下一章
2025-04-21 21:44:07.907726: Cannot find element://*[contains(@class, "nav-btn-group")]/a[3], please try to set the wait time before executing this operation
2025-04-21 21:44:07.907726: 找不到要点击的元素://*[contains(@class, "nav-btn-group")]/a[3]，请尝试在执行此操作前设置等待时间
2025-04-21 21:44:07.907726: 执行节点<点击下一章>时出错，将继续执行，错误为： Message: disconnected: not connected to DevTools
  (failed to check if window was closed: disconnected: not connected to DevTools)
  (Session info: chrome=124.0.6367.61)
Stacktrace:
	GetHandleVerifier [0x00007FF7A260F922+3045234]
	(No symbol) [0x00007FF7A22B3652]
	(No symbol) [0x00007FF7A2177564]
	(No symbol) [0x00007FF7A215E324]
	(No symbol) [0x00007FF7A215EE8F]
	(No symbol) [0x00007FF7A2177B5D]
	(No symbol) [0x00007FF7A214D63C]
	(No symbol) [0x00007FF7A21F8F77]
	(No symbol) [0x00007FF7A21E9D70]
	(No symbol) [0x00007FF7A21B813C]
	(No symbol) [0x00007FF7A21B8D71]
	GetHandleVerifier [0x00007FF7A263E89D+3237613]
	GetHandleVerifier [0x00007FF7A2680BA7+3508727]
	GetHandleVerifier [0x00007FF7A267976F+3478975]
	GetHandleVerifier [0x00007FF7A23EF1C6+815126]
	(No symbol) [0x00007FF7A22BED0F]
	(No symbol) [0x00007FF7A22B9854]
	(No symbol) [0x00007FF7A22B99E2]
	(No symbol) [0x00007FF7A22AA574]
	BaseThreadInitThunk [0x00007FFA0F907374+20]
	RtlUserThreadStart [0x00007FFA10ADCC91+33]

2025-04-21 21:44:07.907726: Error executing node <点击下一章>, will continue to execute, error is: Message: disconnected: not connected to DevTools
  (failed to check if window was closed: disconnected: not connected to DevTools)
  (Session info: chrome=124.0.6367.61)
Stacktrace:
	GetHandleVerifier [0x00007FF7A260F922+3045234]
	(No symbol) [0x00007FF7A22B3652]
	(No symbol) [0x00007FF7A2177564]
	(No symbol) [0x00007FF7A215E324]
	(No symbol) [0x00007FF7A215EE8F]
	(No symbol) [0x00007FF7A2177B5D]
	(No symbol) [0x00007FF7A214D63C]
	(No symbol) [0x00007FF7A21F8F77]
	(No symbol) [0x00007FF7A21E9D70]
	(No symbol) [0x00007FF7A21B813C]
	(No symbol) [0x00007FF7A21B8D71]
	GetHandleVerifier [0x00007FF7A263E89D+3237613]
	GetHandleVerifier [0x00007FF7A2680BA7+3508727]
	GetHandleVerifier [0x00007FF7A267976F+3478975]
	GetHandleVerifier [0x00007FF7A23EF1C6+815126]
	(No symbol) [0x00007FF7A22BED0F]
	(No symbol) [0x00007FF7A22B9854]
	(No symbol) [0x00007FF7A22B99E2]
	(No symbol) [0x00007FF7A22AA574]
	BaseThreadInitThunk [0x00007FFA0F907374+20]
	RtlUserThreadStart [0x00007FFA10ADCC91+33]

2025-04-21 21:44:07.907726: 执行节点|Execute node: 提取数据
2025-04-21 21:44:07.911714: Element /html/body/div[1]/div[4]/div[1]/div[1]/div[1]/div[1]/div[2] not found with parameter name 章节名称 when extracting data, use default, this error will only show once
2025-04-21 21:44:07.911714: 提取数据操作时，字段名 章节名称 对应XPath /html/body/div[1]/div[4]/div[1]/div[1]/div[1]/div[1]/div[2] 未找到（请查看原因，如是否翻页太快页面元素未加载出来），使用默认值，本字段将不再重复报错
2025-04-21 21:44:07.911714: 执行节点|Execute node: 循环采集数据
2025-04-21 21:44:08.021388: 执行节点<循环采集数据>时出错，将继续执行，错误为： Message: disconnected: not connected to DevTools
  (failed to check if window was closed: disconnected: not connected to DevTools)
  (Session info: chrome=124.0.6367.61)
Stacktrace:
	GetHandleVerifier [0x00007FF7A260F922+3045234]
	(No symbol) [0x00007FF7A22B3652]
	(No symbol) [0x00007FF7A2177564]
	(No symbol) [0x00007FF7A215F4A4]
	(No symbol) [0x00007FF7A215F370]
	(No symbol) [0x00007FF7A2179B11]
	(No symbol) [0x00007FF7A2208899]
	(No symbol) [0x00007FF7A21E9B53]
	(No symbol) [0x00007FF7A21B813C]
	(No symbol) [0x00007FF7A21B8D71]
	GetHandleVerifier [0x00007FF7A263E89D+3237613]
	GetHandleVerifier [0x00007FF7A2680BA7+3508727]
	GetHandleVerifier [0x00007FF7A267976F+3478975]
	GetHandleVerifier [0x00007FF7A23EF1C6+815126]
	(No symbol) [0x00007FF7A22BED0F]
	(No symbol) [0x00007FF7A22B9854]
	(No symbol) [0x00007FF7A22B99E2]
	(No symbol) [0x00007FF7A22AA574]
	BaseThreadInitThunk [0x00007FFA0F907374+20]
	RtlUserThreadStart [0x00007FFA10ADCC91+33]

2025-04-21 21:44:08.021388: Error executing node <循环采集数据>, will continue to execute, error is: Message: disconnected: not connected to DevTools
  (failed to check if window was closed: disconnected: not connected to DevTools)
  (Session info: chrome=124.0.6367.61)
Stacktrace:
	GetHandleVerifier [0x00007FF7A260F922+3045234]
	(No symbol) [0x00007FF7A22B3652]
	(No symbol) [0x00007FF7A2177564]
	(No symbol) [0x00007FF7A215F4A4]
	(No symbol) [0x00007FF7A215F370]
	(No symbol) [0x00007FF7A2179B11]
	(No symbol) [0x00007FF7A2208899]
	(No symbol) [0x00007FF7A21E9B53]
	(No symbol) [0x00007FF7A21B813C]
	(No symbol) [0x00007FF7A21B8D71]
	GetHandleVerifier [0x00007FF7A263E89D+3237613]
	GetHandleVerifier [0x00007FF7A2680BA7+3508727]
	GetHandleVerifier [0x00007FF7A267976F+3478975]
	GetHandleVerifier [0x00007FF7A23EF1C6+815126]
	(No symbol) [0x00007FF7A22BED0F]
	(No symbol) [0x00007FF7A22B9854]
	(No symbol) [0x00007FF7A22B99E2]
	(No symbol) [0x00007FF7A22AA574]
	BaseThreadInitThunk [0x00007FFA0F907374+20]
	RtlUserThreadStart [0x00007FFA10ADCC91+33]

2025-04-21 22:15:31.277340: 关闭标签页发生错误： Message: disconnected: not connected to DevTools
  (failed to check if window was closed: disconnected: not connected to DevTools)
  (Session info: chrome=124.0.6367.61)
Stacktrace:
	GetHandleVerifier [0x00007FF7A260F922+3045234]
	(No symbol) [0x00007FF7A22B3652]
	(No symbol) [0x00007FF7A2177564]
	(No symbol) [0x00007FF7A215E324]
	(No symbol) [0x00007FF7A215EE8F]
	(No symbol) [0x00007FF7A2177B5D]
	(No symbol) [0x00007FF7A214D63C]
	(No symbol) [0x00007FF7A21F80A4]
	(No symbol) [0x00007FF7A21E9D70]
	(No symbol) [0x00007FF7A21B813C]
	(No symbol) [0x00007FF7A21B8D71]
	GetHandleVerifier [0x00007FF7A263E89D+3237613]
	GetHandleVerifier [0x00007FF7A2680BA7+3508727]
	GetHandleVerifier [0x00007FF7A267976F+3478975]
	GetHandleVerifier [0x00007FF7A23EF1C6+815126]
	(No symbol) [0x00007FF7A22BED0F]
	(No symbol) [0x00007FF7A22B9854]
	(No symbol) [0x00007FF7A22B99E2]
	(No symbol) [0x00007FF7A22AA574]
	BaseThreadInitThunk [0x00007FFA0F907374+20]
	RtlUserThreadStart [0x00007FFA10ADCC91+33]

2025-04-21 22:15:31.578391: Error occurred while closing tab:  Message: disconnected: not connected to DevTools
  (failed to check if window was closed: disconnected: not connected to DevTools)
  (Session info: chrome=124.0.6367.61)
Stacktrace:
	GetHandleVerifier [0x00007FF7A260F922+3045234]
	(No symbol) [0x00007FF7A22B3652]
	(No symbol) [0x00007FF7A2177564]
	(No symbol) [0x00007FF7A215E324]
	(No symbol) [0x00007FF7A215EE8F]
	(No symbol) [0x00007FF7A2177B5D]
	(No symbol) [0x00007FF7A214D63C]
	(No symbol) [0x00007FF7A21F80A4]
	(No symbol) [0x00007FF7A21E9D70]
	(No symbol) [0x00007FF7A21B813C]
	(No symbol) [0x00007FF7A21B8D71]
	GetHandleVerifier [0x00007FF7A263E89D+3237613]
	GetHandleVerifier [0x00007FF7A2680BA7+3508727]
	GetHandleVerifier [0x00007FF7A267976F+3478975]
	GetHandleVerifier [0x00007FF7A23EF1C6+815126]
	(No symbol) [0x00007FF7A22BED0F]
	(No symbol) [0x00007FF7A22B9854]
	(No symbol) [0x00007FF7A22B99E2]
	(No symbol) [0x00007FF7A22AA574]
	BaseThreadInitThunk [0x00007FFA0F907374+20]
	RtlUserThreadStart [0x00007FFA10ADCC91+33]

2025-04-21 22:15:31.588165: 执行节点<循环 - 固定元素列表>时出错，将继续执行，错误为： Message: disconnected: not connected to DevTools
  (failed to check if window was closed: disconnected: not connected to DevTools)
  (Session info: chrome=124.0.6367.61)
Stacktrace:
	GetHandleVerifier [0x00007FF7A260F922+3045234]
	(No symbol) [0x00007FF7A22B3652]
	(No symbol) [0x00007FF7A2177564]
	(No symbol) [0x00007FF7A215F4A4]
	(No symbol) [0x00007FF7A215F370]
	(No symbol) [0x00007FF7A2179B11]
	(No symbol) [0x00007FF7A2208899]
	(No symbol) [0x00007FF7A21E9B53]
	(No symbol) [0x00007FF7A21B813C]
	(No symbol) [0x00007FF7A21B8D71]
	GetHandleVerifier [0x00007FF7A263E89D+3237613]
	GetHandleVerifier [0x00007FF7A2680BA7+3508727]
	GetHandleVerifier [0x00007FF7A267976F+3478975]
	GetHandleVerifier [0x00007FF7A23EF1C6+815126]
	(No symbol) [0x00007FF7A22BED0F]
	(No symbol) [0x00007FF7A22B9854]
	(No symbol) [0x00007FF7A22B99E2]
	(No symbol) [0x00007FF7A22AA574]
	BaseThreadInitThunk [0x00007FFA0F907374+20]
	RtlUserThreadStart [0x00007FFA10ADCC91+33]

2025-04-21 22:15:31.589159: Error executing node <循环 - 固定元素列表>, will continue to execute, error is: Message: disconnected: not connected to DevTools
  (failed to check if window was closed: disconnected: not connected to DevTools)
  (Session info: chrome=124.0.6367.61)
Stacktrace:
	GetHandleVerifier [0x00007FF7A260F922+3045234]
	(No symbol) [0x00007FF7A22B3652]
	(No symbol) [0x00007FF7A2177564]
	(No symbol) [0x00007FF7A215F4A4]
	(No symbol) [0x00007FF7A215F370]
	(No symbol) [0x00007FF7A2179B11]
	(No symbol) [0x00007FF7A2208899]
	(No symbol) [0x00007FF7A21E9B53]
	(No symbol) [0x00007FF7A21B813C]
	(No symbol) [0x00007FF7A21B8D71]
	GetHandleVerifier [0x00007FF7A263E89D+3237613]
	GetHandleVerifier [0x00007FF7A2680BA7+3508727]
	GetHandleVerifier [0x00007FF7A267976F+3478975]
	GetHandleVerifier [0x00007FF7A23EF1C6+815126]
	(No symbol) [0x00007FF7A22BED0F]
	(No symbol) [0x00007FF7A22B9854]
	(No symbol) [0x00007FF7A22B99E2]
	(No symbol) [0x00007FF7A22AA574]
	BaseThreadInitThunk [0x00007FFA0F907374+20]
	RtlUserThreadStart [0x00007FFA10ADCC91+33]

2025-04-21 22:15:31.589159: Done!
2025-04-21 22:15:31.589159: 执行完成！
